mode: set
github.com/alltomatos/watinkdev/business/internal/domain/domain.go:103.52,106.2 2 0
github.com/alltomatos/watinkdev/business/internal/domain/domain.go:109.52,111.16 2 0
github.com/alltomatos/watinkdev/business/internal/domain/domain.go:111.16,113.3 1 0
github.com/alltomatos/watinkdev/business/internal/domain/domain.go:114.2,115.12 2 0
github.com/alltomatos/watinkdev/business/internal/domain/domain.go:223.49,225.2 1 1
github.com/alltomatos/watinkdev/business/internal/domain/domain.go:227.51,229.2 1 1
github.com/alltomatos/watinkdev/business/internal/domain/domain.go:231.91,233.2 1 0
github.com/alltomatos/watinkdev/business/internal/domain/domain.go:241.50,243.2 1 1
github.com/alltomatos/watinkdev/business/internal/domain/domain.go:245.52,247.2 1 1
github.com/alltomatos/watinkdev/business/internal/domain/domain.go:249.103,251.2 1 0
github.com/alltomatos/watinkdev/business/internal/domain/domain.go:260.54,262.2 1 1
github.com/alltomatos/watinkdev/business/internal/domain/domain.go:264.56,266.2 1 1
github.com/alltomatos/watinkdev/business/internal/domain/domain.go:268.122,270.2 1 0
github.com/alltomatos/watinkdev/business/internal/domain/domain.go:277.49,279.2 1 1
github.com/alltomatos/watinkdev/business/internal/domain/domain.go:281.51,283.2 1 1
github.com/alltomatos/watinkdev/business/internal/domain/domain.go:285.84,287.2 1 0
github.com/alltomatos/watinkdev/business/internal/domain/domain.go:295.55,297.2 1 1
github.com/alltomatos/watinkdev/business/internal/domain/domain.go:299.57,301.2 1 1
github.com/alltomatos/watinkdev/business/internal/domain/domain.go:303.111,305.2 1 0
github.com/alltomatos/watinkdev/business/internal/application/container.go:34.43,35.15 1 0
github.com/alltomatos/watinkdev/business/internal/application/container.go:35.15,37.3 1 0
github.com/alltomatos/watinkdev/business/internal/application/container.go:40.2,86.3 12 0
github.com/alltomatos/watinkdev/business/internal/application/container.go:94.39,96.2 1 0
github.com/alltomatos/watinkdev/business/internal/application/container.go:99.38,101.2 1 0
github.com/alltomatos/watinkdev/business/internal/application/event_bus.go:18.46,22.2 1 1
github.com/alltomatos/watinkdev/business/internal/application/event_bus.go:25.89,30.9 4 1
github.com/alltomatos/watinkdev/business/internal/application/event_bus.go:30.9,32.3 1 1
github.com/alltomatos/watinkdev/business/internal/application/event_bus.go:34.2,34.35 1 1
github.com/alltomatos/watinkdev/business/internal/application/event_bus.go:34.35,35.34 1 1
github.com/alltomatos/watinkdev/business/internal/application/event_bus.go:35.34,36.40 1 1
github.com/alltomatos/watinkdev/business/internal/application/event_bus.go:36.40,38.5 1 1
github.com/alltomatos/watinkdev/business/internal/application/event_bus.go:42.2,42.12 1 1
github.com/alltomatos/watinkdev/business/internal/application/event_bus.go:46.91,52.2 4 1
github.com/alltomatos/watinkdev/business/internal/services/distribution_service.go:16.52,20.2 1 0
github.com/alltomatos/watinkdev/business/internal/services/distribution_service.go:22.101,24.107 2 0
github.com/alltomatos/watinkdev/business/internal/services/distribution_service.go:24.107,26.3 1 0
github.com/alltomatos/watinkdev/business/internal/services/distribution_service.go:28.2,29.105 2 0
github.com/alltomatos/watinkdev/business/internal/services/distribution_service.go:29.105,31.3 1 0
github.com/alltomatos/watinkdev/business/internal/services/distribution_service.go:33.2,36.28 2 0
github.com/alltomatos/watinkdev/business/internal/services/distribution_service.go:36.28,38.117 2 0
github.com/alltomatos/watinkdev/business/internal/services/distribution_service.go:38.117,39.35 1 0
github.com/alltomatos/watinkdev/business/internal/services/distribution_service.go:39.35,44.18 3 0
github.com/alltomatos/watinkdev/business/internal/services/distribution_service.go:44.18,48.27 1 0
github.com/alltomatos/watinkdev/business/internal/services/distribution_service.go:48.27,52.7 3 0
github.com/alltomatos/watinkdev/business/internal/services/distribution_service.go:58.2,58.44 1 0
github.com/alltomatos/watinkdev/business/internal/services/distribution_service.go:58.44,61.3 2 0
github.com/alltomatos/watinkdev/business/internal/services/distribution_service.go:63.2,66.34 2 0
github.com/alltomatos/watinkdev/business/internal/services/distribution_service.go:66.34,68.3 1 0
github.com/alltomatos/watinkdev/business/internal/services/distribution_service.go:70.2,70.21 1 0
github.com/alltomatos/watinkdev/business/internal/services/distribution_service.go:70.21,73.3 2 0
github.com/alltomatos/watinkdev/business/internal/services/distribution_service.go:75.2,77.18 2 0
github.com/alltomatos/watinkdev/business/internal/services/distribution_service.go:78.26,79.65 1 0
github.com/alltomatos/watinkdev/business/internal/services/distribution_service.go:80.23,81.54 1 0
github.com/alltomatos/watinkdev/business/internal/services/distribution_service.go:82.10,83.13 1 0
github.com/alltomatos/watinkdev/business/internal/services/distribution_service.go:86.2,86.25 1 0
github.com/alltomatos/watinkdev/business/internal/services/distribution_service.go:86.25,90.24 1 0
github.com/alltomatos/watinkdev/business/internal/services/distribution_service.go:90.24,92.4 1 0
github.com/alltomatos/watinkdev/business/internal/services/distribution_service.go:93.3,95.23 2 0
github.com/alltomatos/watinkdev/business/internal/services/distribution_service.go:98.2,98.12 1 0
github.com/alltomatos/watinkdev/business/internal/services/distribution_service.go:101.64,106.2 1 0
github.com/alltomatos/watinkdev/business/internal/services/distribution_service.go:108.107,115.16 3 0
github.com/alltomatos/watinkdev/business/internal/services/distribution_service.go:115.16,118.3 1 0
github.com/alltomatos/watinkdev/business/internal/services/distribution_service.go:121.2,122.26 2 0
github.com/alltomatos/watinkdev/business/internal/services/distribution_service.go:122.26,123.61 1 0
github.com/alltomatos/watinkdev/business/internal/services/distribution_service.go:123.61,125.9 2 0
github.com/alltomatos/watinkdev/business/internal/services/distribution_service.go:130.2,131.26 2 0
github.com/alltomatos/watinkdev/business/internal/services/distribution_service.go:134.92,141.26 3 0
github.com/alltomatos/watinkdev/business/internal/services/distribution_service.go:141.26,143.3 1 0
github.com/alltomatos/watinkdev/business/internal/services/distribution_service.go:146.2,154.28 4 0
github.com/alltomatos/watinkdev/business/internal/services/distribution_service.go:154.28,156.3 1 0
github.com/alltomatos/watinkdev/business/internal/services/distribution_service.go:159.2,162.26 3 0
github.com/alltomatos/watinkdev/business/internal/services/distribution_service.go:162.26,164.19 2 0
github.com/alltomatos/watinkdev/business/internal/services/distribution_service.go:164.19,167.4 2 0
github.com/alltomatos/watinkdev/business/internal/services/distribution_service.go:170.2,170.19 1 0
github.com/alltomatos/watinkdev/business/internal/services/event_listener.go:104.34,105.31 1 0
github.com/alltomatos/watinkdev/business/internal/services/event_listener.go:105.31,109.3 3 0
github.com/alltomatos/watinkdev/business/internal/services/event_listener.go:110.2,111.12 2 0
github.com/alltomatos/watinkdev/business/internal/services/event_listener.go:114.52,127.98 2 0
github.com/alltomatos/watinkdev/business/internal/services/event_listener.go:127.98,129.54 2 0
github.com/alltomatos/watinkdev/business/internal/services/event_listener.go:129.54,132.4 2 0
github.com/alltomatos/watinkdev/business/internal/services/event_listener.go:134.3,135.17 2 0
github.com/alltomatos/watinkdev/business/internal/services/event_listener.go:135.17,137.4 1 0
github.com/alltomatos/watinkdev/business/internal/services/event_listener.go:139.3,141.58 2 0
github.com/alltomatos/watinkdev/business/internal/services/event_listener.go:141.58,142.106 1 0
github.com/alltomatos/watinkdev/business/internal/services/event_listener.go:142.106,144.5 1 0
github.com/alltomatos/watinkdev/business/internal/services/event_listener.go:146.4,146.20 1 0
github.com/alltomatos/watinkdev/business/internal/services/event_listener.go:147.26,148.46 1 0
github.com/alltomatos/watinkdev/business/internal/services/event_listener.go:149.32,150.51 1 0
github.com/alltomatos/watinkdev/business/internal/services/event_listener.go:151.26,152.53 1 0
github.com/alltomatos/watinkdev/business/internal/services/event_listener.go:153.32,154.51 1 0
github.com/alltomatos/watinkdev/business/internal/services/event_listener.go:155.28,157.59 2 0
github.com/alltomatos/watinkdev/business/internal/services/event_listener.go:157.59,159.6 1 0
github.com/alltomatos/watinkdev/business/internal/services/event_listener.go:160.5,160.92 1 0
github.com/alltomatos/watinkdev/business/internal/services/event_listener.go:161.23,162.50 1 0
github.com/alltomatos/watinkdev/business/internal/services/event_listener.go:163.26,164.53 1 0
github.com/alltomatos/watinkdev/business/internal/services/event_listener.go:165.28,166.55 1 0
github.com/alltomatos/watinkdev/business/internal/services/event_listener.go:167.26,168.53 1 0
github.com/alltomatos/watinkdev/business/internal/services/event_listener.go:169.12,170.15 1 0
github.com/alltomatos/watinkdev/business/internal/services/event_listener.go:175.2,175.16 1 0
github.com/alltomatos/watinkdev/business/internal/services/event_listener.go:175.16,177.3 1 0
github.com/alltomatos/watinkdev/business/internal/services/event_listener.go:180.83,182.52 2 0
github.com/alltomatos/watinkdev/business/internal/services/event_listener.go:182.52,184.3 1 0
github.com/alltomatos/watinkdev/business/internal/services/event_listener.go:186.2,190.23 2 0
github.com/alltomatos/watinkdev/business/internal/services/event_listener.go:190.23,193.3 2 0
github.com/alltomatos/watinkdev/business/internal/services/event_listener.go:195.2,196.12 2 0
github.com/alltomatos/watinkdev/business/internal/services/event_listener.go:199.88,201.52 2 0
github.com/alltomatos/watinkdev/business/internal/services/event_listener.go:201.52,203.3 1 0
github.com/alltomatos/watinkdev/business/internal/services/event_listener.go:205.2,207.18 3 0
github.com/alltomatos/watinkdev/business/internal/services/event_listener.go:207.18,209.3 1 0
github.com/alltomatos/watinkdev/business/internal/services/event_listener.go:211.2,211.167 1 0
github.com/alltomatos/watinkdev/business/internal/services/event_listener.go:211.167,213.3 1 0
github.com/alltomatos/watinkdev/business/internal/services/event_listener.go:215.2,216.12 2 0
github.com/alltomatos/watinkdev/business/internal/services/event_listener.go:219.90,221.52 2 0
github.com/alltomatos/watinkdev/business/internal/services/event_listener.go:221.52,223.3 1 0
github.com/alltomatos/watinkdev/business/internal/services/event_listener.go:225.2,227.20 3 0
github.com/alltomatos/watinkdev/business/internal/services/event_listener.go:227.20,229.3 1 0
github.com/alltomatos/watinkdev/business/internal/services/event_listener.go:230.2,230.27 1 0
github.com/alltomatos/watinkdev/business/internal/services/event_listener.go:230.27,232.3 1 0
github.com/alltomatos/watinkdev/business/internal/services/event_listener.go:233.2,233.23 1 0
github.com/alltomatos/watinkdev/business/internal/services/event_listener.go:233.23,236.3 2 0
github.com/alltomatos/watinkdev/business/internal/services/event_listener.go:238.2,239.25 2 0
github.com/alltomatos/watinkdev/business/internal/services/event_listener.go:239.25,241.3 1 0
github.com/alltomatos/watinkdev/business/internal/services/event_listener.go:242.2,242.30 1 0
github.com/alltomatos/watinkdev/business/internal/services/event_listener.go:242.30,244.3 1 0
github.com/alltomatos/watinkdev/business/internal/services/event_listener.go:246.2,247.12 2 0
github.com/alltomatos/watinkdev/business/internal/services/event_listener.go:250.88,252.52 2 0
github.com/alltomatos/watinkdev/business/internal/services/event_listener.go:252.52,254.3 1 0
github.com/alltomatos/watinkdev/business/internal/services/event_listener.go:256.2,257.40 2 0
github.com/alltomatos/watinkdev/business/internal/services/event_listener.go:257.40,258.112 1 0
github.com/alltomatos/watinkdev/business/internal/services/event_listener.go:258.112,260.4 1 0
github.com/alltomatos/watinkdev/business/internal/services/event_listener.go:262.2,262.12 1 0
github.com/alltomatos/watinkdev/business/internal/services/event_listener.go:266.131,268.25 2 0
github.com/alltomatos/watinkdev/business/internal/services/event_listener.go:268.25,270.3 1 0
github.com/alltomatos/watinkdev/business/internal/services/event_listener.go:272.2,293.16 3 0
github.com/alltomatos/watinkdev/business/internal/services/event_listener.go:293.16,295.3 1 0
github.com/alltomatos/watinkdev/business/internal/services/event_listener.go:297.2,301.12 4 0
github.com/alltomatos/watinkdev/business/internal/services/event_listener.go:304.87,309.52 2 0
github.com/alltomatos/watinkdev/business/internal/services/event_listener.go:309.52,311.3 1 0
github.com/alltomatos/watinkdev/business/internal/services/event_listener.go:313.2,314.124 2 0
github.com/alltomatos/watinkdev/business/internal/services/event_listener.go:314.124,318.3 3 0
github.com/alltomatos/watinkdev/business/internal/services/event_listener.go:319.2,319.12 1 0
github.com/alltomatos/watinkdev/business/internal/services/event_listener.go:322.90,324.52 2 0
github.com/alltomatos/watinkdev/business/internal/services/event_listener.go:324.52,326.3 1 0
github.com/alltomatos/watinkdev/business/internal/services/event_listener.go:327.2,328.105 2 0
github.com/alltomatos/watinkdev/business/internal/services/event_listener.go:328.105,330.3 1 0
github.com/alltomatos/watinkdev/business/internal/services/event_listener.go:331.2,332.71 2 0
github.com/alltomatos/watinkdev/business/internal/services/event_listener.go:332.71,334.3 1 0
github.com/alltomatos/watinkdev/business/internal/services/event_listener.go:335.2,336.12 2 0
github.com/alltomatos/watinkdev/business/internal/services/event_listener.go:339.92,341.52 2 0
github.com/alltomatos/watinkdev/business/internal/services/event_listener.go:341.52,343.3 1 0
github.com/alltomatos/watinkdev/business/internal/services/event_listener.go:344.2,344.17 1 0
github.com/alltomatos/watinkdev/business/internal/services/event_listener.go:344.17,346.3 1 0
github.com/alltomatos/watinkdev/business/internal/services/event_listener.go:348.2,349.105 2 0
github.com/alltomatos/watinkdev/business/internal/services/event_listener.go:349.105,351.3 1 0
github.com/alltomatos/watinkdev/business/internal/services/event_listener.go:352.2,355.80 4 0
github.com/alltomatos/watinkdev/business/internal/services/event_listener.go:355.80,357.3 1 0
github.com/alltomatos/watinkdev/business/internal/services/event_listener.go:358.2,359.12 2 0
github.com/alltomatos/watinkdev/business/internal/services/event_listener.go:362.90,364.52 2 0
github.com/alltomatos/watinkdev/business/internal/services/event_listener.go:364.52,366.3 1 0
github.com/alltomatos/watinkdev/business/internal/services/event_listener.go:367.2,368.15 2 0
github.com/alltomatos/watinkdev/business/internal/services/event_listener.go:368.15,370.3 1 0
github.com/alltomatos/watinkdev/business/internal/services/event_listener.go:371.2,372.18 2 0
github.com/alltomatos/watinkdev/business/internal/services/event_listener.go:372.18,374.3 1 0
github.com/alltomatos/watinkdev/business/internal/services/event_listener.go:375.2,376.16 2 0
github.com/alltomatos/watinkdev/business/internal/services/event_listener.go:376.16,378.3 1 0
github.com/alltomatos/watinkdev/business/internal/services/event_listener.go:379.2,379.16 1 0
github.com/alltomatos/watinkdev/business/internal/services/event_listener.go:379.16,381.3 1 0
github.com/alltomatos/watinkdev/business/internal/services/event_listener.go:383.2,384.139 2 0
github.com/alltomatos/watinkdev/business/internal/services/event_listener.go:384.139,386.18 2 0
github.com/alltomatos/watinkdev/business/internal/services/event_listener.go:386.18,388.4 1 0
github.com/alltomatos/watinkdev/business/internal/services/event_listener.go:389.3,389.35 1 0
github.com/alltomatos/watinkdev/business/internal/services/event_listener.go:392.2,393.16 2 0
github.com/alltomatos/watinkdev/business/internal/services/event_listener.go:393.16,395.3 1 0
github.com/alltomatos/watinkdev/business/internal/services/event_listener.go:396.2,396.27 1 0
github.com/alltomatos/watinkdev/business/internal/services/event_listener.go:396.27,398.3 1 0
github.com/alltomatos/watinkdev/business/internal/services/event_listener.go:399.2,399.39 1 0
github.com/alltomatos/watinkdev/business/internal/services/event_listener.go:399.39,401.3 1 0
github.com/alltomatos/watinkdev/business/internal/services/event_listener.go:402.2,402.22 1 0
github.com/alltomatos/watinkdev/business/internal/services/event_listener.go:402.22,404.3 1 0
github.com/alltomatos/watinkdev/business/internal/services/event_listener.go:405.2,405.12 1 0
github.com/alltomatos/watinkdev/business/internal/services/event_listener.go:408.35,409.15 1 0
github.com/alltomatos/watinkdev/business/internal/services/event_listener.go:409.15,411.3 1 0
github.com/alltomatos/watinkdev/business/internal/services/event_listener.go:412.2,412.35 1 0
github.com/alltomatos/watinkdev/business/internal/services/flow_worker.go:19.45,20.12 1 0
github.com/alltomatos/watinkdev/business/internal/services/flow_worker.go:20.12,21.7 1 0
github.com/alltomatos/watinkdev/business/internal/services/flow_worker.go:21.7,22.42 1 0
github.com/alltomatos/watinkdev/business/internal/services/flow_worker.go:22.42,24.13 2 0
github.com/alltomatos/watinkdev/business/internal/services/flow_worker.go:27.4,28.18 2 0
github.com/alltomatos/watinkdev/business/internal/services/flow_worker.go:28.18,31.13 3 0
github.com/alltomatos/watinkdev/business/internal/services/flow_worker.go:34.4,46.18 4 0
github.com/alltomatos/watinkdev/business/internal/services/flow_worker.go:46.18,50.13 4 0
github.com/alltomatos/watinkdev/business/internal/services/flow_worker.go:53.4,57.18 3 0
github.com/alltomatos/watinkdev/business/internal/services/flow_worker.go:57.18,61.13 4 0
github.com/alltomatos/watinkdev/business/internal/services/flow_worker.go:64.4,69.8 3 0
github.com/alltomatos/watinkdev/business/internal/services/flow_worker.go:69.8,70.12 1 0
github.com/alltomatos/watinkdev/business/internal/services/flow_worker.go:71.26,72.13 1 0
github.com/alltomatos/watinkdev/business/internal/services/flow_worker.go:72.13,73.23 1 0
github.com/alltomatos/watinkdev/business/internal/services/flow_worker.go:75.6,75.50 1 0
github.com/alltomatos/watinkdev/business/internal/services/flow_worker.go:75.50,77.7 1 0
github.com/alltomatos/watinkdev/business/internal/services/flow_worker.go:77.12,79.7 1 0
github.com/alltomatos/watinkdev/business/internal/services/flow_worker.go:80.29,82.22 2 0
github.com/alltomatos/watinkdev/business/internal/services/flow_worker.go:85.4,85.14 1 0
github.com/alltomatos/watinkdev/business/internal/services/flow_worker.go:90.67,92.53 2 0
github.com/alltomatos/watinkdev/business/internal/services/flow_worker.go:92.53,95.3 2 0
github.com/alltomatos/watinkdev/business/internal/services/flow_worker.go:96.2,97.12 2 0
github.com/alltomatos/watinkdev/business/internal/services/plan_limit_service.go:13.46,15.2 1 0
github.com/alltomatos/watinkdev/business/internal/services/plan_limit_service.go:17.82,19.78 1 0
github.com/alltomatos/watinkdev/business/internal/services/plan_limit_service.go:19.78,21.3 1 0
github.com/alltomatos/watinkdev/business/internal/services/plan_limit_service.go:23.2,26.33 2 0
github.com/alltomatos/watinkdev/business/internal/services/plan_limit_service.go:26.33,28.3 1 0
github.com/alltomatos/watinkdev/business/internal/services/plan_limit_service.go:30.2,32.18 2 0
github.com/alltomatos/watinkdev/business/internal/services/plan_limit_service.go:33.17,37.61 3 0
github.com/alltomatos/watinkdev/business/internal/services/plan_limit_service.go:37.61,39.4 1 0
github.com/alltomatos/watinkdev/business/internal/services/plan_limit_service.go:42.2,42.12 1 0
github.com/alltomatos/watinkdev/business/internal/services/rabbitmq.go:29.44,31.15 2 0
github.com/alltomatos/watinkdev/business/internal/services/rabbitmq.go:31.15,33.3 1 0
github.com/alltomatos/watinkdev/business/internal/services/rabbitmq.go:34.2,36.3 1 0
github.com/alltomatos/watinkdev/business/internal/services/rabbitmq.go:39.43,42.16 3 0
github.com/alltomatos/watinkdev/business/internal/services/rabbitmq.go:42.16,44.3 1 0
github.com/alltomatos/watinkdev/business/internal/services/rabbitmq.go:46.2,46.12 1 0
github.com/alltomatos/watinkdev/business/internal/services/rabbitmq.go:46.12,51.3 4 0
github.com/alltomatos/watinkdev/business/internal/services/rabbitmq.go:53.2,54.16 2 0
github.com/alltomatos/watinkdev/business/internal/services/rabbitmq.go:54.16,56.3 1 0
github.com/alltomatos/watinkdev/business/internal/services/rabbitmq.go:58.2,58.52 1 0
github.com/alltomatos/watinkdev/business/internal/services/rabbitmq.go:58.52,60.3 1 0
github.com/alltomatos/watinkdev/business/internal/services/rabbitmq.go:62.2,62.43 1 0
github.com/alltomatos/watinkdev/business/internal/services/rabbitmq.go:62.43,64.3 1 0
github.com/alltomatos/watinkdev/business/internal/services/rabbitmq.go:66.2,67.12 2 0
github.com/alltomatos/watinkdev/business/internal/services/rabbitmq.go:70.50,80.31 2 0
github.com/alltomatos/watinkdev/business/internal/services/rabbitmq.go:80.31,83.17 1 0
github.com/alltomatos/watinkdev/business/internal/services/rabbitmq.go:83.17,85.4 1 0
github.com/alltomatos/watinkdev/business/internal/services/rabbitmq.go:87.2,87.12 1 0
github.com/alltomatos/watinkdev/business/internal/services/rabbitmq.go:90.88,92.2 1 0
github.com/alltomatos/watinkdev/business/internal/services/rabbitmq.go:94.86,96.2 1 0
github.com/alltomatos/watinkdev/business/internal/services/rabbitmq.go:98.100,100.16 2 0
github.com/alltomatos/watinkdev/business/internal/services/rabbitmq.go:100.16,102.3 1 0
github.com/alltomatos/watinkdev/business/internal/services/rabbitmq.go:104.2,118.3 4 0
github.com/alltomatos/watinkdev/business/internal/services/rabbitmq.go:121.122,122.85 1 0
github.com/alltomatos/watinkdev/business/internal/services/rabbitmq.go:122.85,124.3 1 0
github.com/alltomatos/watinkdev/business/internal/services/rabbitmq.go:126.2,127.16 2 0
github.com/alltomatos/watinkdev/business/internal/services/rabbitmq.go:127.16,129.3 1 0
github.com/alltomatos/watinkdev/business/internal/services/rabbitmq.go:131.2,131.12 1 0
github.com/alltomatos/watinkdev/business/internal/services/rabbitmq.go:131.12,132.23 1 0
github.com/alltomatos/watinkdev/business/internal/services/rabbitmq.go:132.23,133.37 1 0
github.com/alltomatos/watinkdev/business/internal/services/rabbitmq.go:133.37,135.5 1 0
github.com/alltomatos/watinkdev/business/internal/services/rabbitmq.go:135.10,137.5 1 0
github.com/alltomatos/watinkdev/business/internal/services/rabbitmq.go:141.2,141.12 1 0
github.com/alltomatos/watinkdev/business/internal/services/rabbitmq.go:144.103,150.16 2 0
github.com/alltomatos/watinkdev/business/internal/services/rabbitmq.go:150.16,152.3 1 0
github.com/alltomatos/watinkdev/business/internal/services/rabbitmq.go:154.2,154.88 1 0
github.com/alltomatos/watinkdev/business/internal/services/rabbitmq.go:154.88,156.3 1 0
github.com/alltomatos/watinkdev/business/internal/services/rabbitmq.go:159.2,167.16 2 0
github.com/alltomatos/watinkdev/business/internal/services/rabbitmq.go:167.16,169.3 1 0
github.com/alltomatos/watinkdev/business/internal/services/rabbitmq.go:171.2,171.34 1 0
github.com/alltomatos/watinkdev/business/internal/services/rabbitmq.go:171.34,172.83 1 0
github.com/alltomatos/watinkdev/business/internal/services/rabbitmq.go:172.83,174.4 1 0
github.com/alltomatos/watinkdev/business/internal/services/rabbitmq.go:177.2,177.12 1 0
github.com/alltomatos/watinkdev/business/internal/services/rabbitmq.go:180.82,185.33 3 0
github.com/alltomatos/watinkdev/business/internal/services/rabbitmq.go:185.33,189.3 3 0
github.com/alltomatos/watinkdev/business/internal/services/rabbitmq.go:192.2,193.29 2 0
github.com/alltomatos/watinkdev/business/internal/services/rabbitmq.go:193.29,195.3 1 0
github.com/alltomatos/watinkdev/business/internal/services/rabbitmq.go:197.2,202.22 4 0
github.com/alltomatos/watinkdev/business/internal/services/rabbitmq.go:202.22,203.31 1 0
github.com/alltomatos/watinkdev/business/internal/services/rabbitmq.go:203.31,205.4 1 0
github.com/alltomatos/watinkdev/business/internal/services/rabbitmq.go:207.2,210.20 3 0
github.com/alltomatos/watinkdev/business/internal/services/rabbitmq.go:210.20,212.3 1 0
github.com/alltomatos/watinkdev/business/internal/services/rabbitmq.go:214.2,224.16 2 0
github.com/alltomatos/watinkdev/business/internal/services/rabbitmq.go:224.16,228.3 3 0
github.com/alltomatos/watinkdev/business/internal/services/rabbitmq.go:230.2,230.14 1 0
github.com/alltomatos/watinkdev/business/internal/services/rabbitmq.go:233.41,234.22 1 0
github.com/alltomatos/watinkdev/business/internal/services/rabbitmq.go:234.22,236.3 1 0
github.com/alltomatos/watinkdev/business/internal/services/rabbitmq.go:237.2,237.57 1 0
github.com/alltomatos/watinkdev/business/internal/services/rabbitmq.go:237.57,239.3 1 0
github.com/alltomatos/watinkdev/business/internal/services/rabbitmq.go:240.2,240.10 1 0
github.com/alltomatos/watinkdev/business/internal/services/rabbitmq.go:243.41,244.22 1 0
github.com/alltomatos/watinkdev/business/internal/services/rabbitmq.go:244.22,246.3 1 0
github.com/alltomatos/watinkdev/business/internal/services/rabbitmq.go:247.2,247.19 1 0
github.com/alltomatos/watinkdev/business/internal/services/rabbitmq.go:247.19,249.3 1 0
github.com/alltomatos/watinkdev/business/internal/services/rabbitmq.go:250.2,250.12 1 0
github.com/alltomatos/watinkdev/business/internal/services/rabbitmq.go:254.59,257.2 2 0
github.com/alltomatos/watinkdev/business/internal/services/rabbitmq.go:264.52,265.22 1 0
github.com/alltomatos/watinkdev/business/internal/services/rabbitmq.go:265.22,267.3 1 0
github.com/alltomatos/watinkdev/business/internal/services/rabbitmq.go:268.2,269.9 2 0
github.com/alltomatos/watinkdev/business/internal/services/rabbitmq.go:269.9,271.3 1 0
github.com/alltomatos/watinkdev/business/internal/services/rabbitmq.go:272.2,273.9 2 0
github.com/alltomatos/watinkdev/business/internal/services/rabbitmq.go:273.9,275.3 1 0
github.com/alltomatos/watinkdev/business/internal/services/rabbitmq.go:276.2,276.10 1 0
github.com/alltomatos/watinkdev/business/internal/services/rabbitmq.go:279.52,280.22 1 0
github.com/alltomatos/watinkdev/business/internal/services/rabbitmq.go:280.22,282.3 1 0
github.com/alltomatos/watinkdev/business/internal/services/rabbitmq.go:283.2,283.24 1 0
github.com/alltomatos/watinkdev/business/internal/services/rabbitmq.go:286.45,288.27 2 0
github.com/alltomatos/watinkdev/business/internal/services/rabbitmq.go:288.27,290.3 1 0
github.com/alltomatos/watinkdev/business/internal/services/rabbitmq.go:291.2,291.13 1 0
github.com/alltomatos/watinkdev/business/internal/services/rabbitmq_monitor.go:35.46,37.2 1 0
github.com/alltomatos/watinkdev/business/internal/services/rabbitmq_monitor.go:39.71,41.22 2 0
github.com/alltomatos/watinkdev/business/internal/services/rabbitmq_monitor.go:41.22,44.3 2 0
github.com/alltomatos/watinkdev/business/internal/services/rabbitmq_monitor.go:46.2,47.16 2 0
github.com/alltomatos/watinkdev/business/internal/services/rabbitmq_monitor.go:47.16,50.3 2 0
github.com/alltomatos/watinkdev/business/internal/services/rabbitmq_monitor.go:51.2,54.16 3 0
github.com/alltomatos/watinkdev/business/internal/services/rabbitmq_monitor.go:54.16,57.3 2 0
github.com/alltomatos/watinkdev/business/internal/services/rabbitmq_monitor.go:59.2,63.10 5 0
github.com/alltomatos/watinkdev/business/internal/services/rabbitmq_monitor.go:66.42,67.34 1 0
github.com/alltomatos/watinkdev/business/internal/services/rabbitmq_monitor.go:67.34,69.3 1 0
github.com/alltomatos/watinkdev/business/internal/services/rabbitmq_monitor.go:70.2,72.26 3 0
github.com/alltomatos/watinkdev/business/internal/services/rabbitmq_monitor.go:72.26,74.14 2 0
github.com/alltomatos/watinkdev/business/internal/services/rabbitmq_monitor.go:74.14,76.4 1 0
github.com/alltomatos/watinkdev/business/internal/services/rabbitmq_monitor.go:78.2,78.22 1 0
github.com/alltomatos/watinkdev/business/internal/services/rabbitmq_monitor.go:78.22,80.3 1 0
github.com/alltomatos/watinkdev/business/internal/services/rabbitmq_monitor.go:81.2,81.15 1 0
github.com/alltomatos/watinkdev/business/internal/services/rabbitmq_monitor.go:84.49,85.19 1 0
github.com/alltomatos/watinkdev/business/internal/services/rabbitmq_monitor.go:85.19,87.3 1 0
github.com/alltomatos/watinkdev/business/internal/services/rabbitmq_monitor.go:88.2,89.16 2 0
github.com/alltomatos/watinkdev/business/internal/services/rabbitmq_monitor.go:89.16,91.3 1 0
github.com/alltomatos/watinkdev/business/internal/services/rabbitmq_monitor.go:92.2,93.16 2 0
github.com/alltomatos/watinkdev/business/internal/services/rabbitmq_monitor.go:93.16,95.3 1 0
github.com/alltomatos/watinkdev/business/internal/services/rabbitmq_monitor.go:96.2,96.56 1 0
github.com/alltomatos/watinkdev/business/internal/services/rabbitmq_monitor.go:99.80,101.25 2 0
github.com/alltomatos/watinkdev/business/internal/services/rabbitmq_monitor.go:101.25,103.3 1 0
github.com/alltomatos/watinkdev/business/internal/services/rabbitmq_monitor.go:104.2,104.25 1 0
github.com/alltomatos/watinkdev/business/internal/services/rabbitmq_monitor.go:104.25,106.3 1 0
github.com/alltomatos/watinkdev/business/internal/services/rabbitmq_monitor.go:108.2,111.38 3 0
github.com/alltomatos/watinkdev/business/internal/services/rabbitmq_monitor.go:111.38,112.72 1 0
github.com/alltomatos/watinkdev/business/internal/services/rabbitmq_monitor.go:112.72,114.43 2 0
github.com/alltomatos/watinkdev/business/internal/services/rabbitmq_monitor.go:114.43,116.5 1 0
github.com/alltomatos/watinkdev/business/internal/services/rabbitmq_monitor.go:120.2,121.16 2 0
github.com/alltomatos/watinkdev/business/internal/services/rabbitmq_monitor.go:121.16,123.3 1 0
github.com/alltomatos/watinkdev/business/internal/services/rabbitmq_monitor.go:124.2,124.20 1 0
github.com/alltomatos/watinkdev/business/internal/services/rabbitmq_monitor.go:124.20,126.3 1 0
github.com/alltomatos/watinkdev/business/internal/services/rabbitmq_monitor.go:128.2,130.16 3 0
github.com/alltomatos/watinkdev/business/internal/services/rabbitmq_monitor.go:130.16,132.3 1 0
github.com/alltomatos/watinkdev/business/internal/services/rabbitmq_monitor.go:133.2,135.28 2 0
github.com/alltomatos/watinkdev/business/internal/services/rabbitmq_monitor.go:135.28,137.3 1 0
github.com/alltomatos/watinkdev/business/internal/services/rabbitmq_monitor.go:139.2,140.64 2 0
github.com/alltomatos/watinkdev/business/internal/services/rabbitmq_monitor.go:140.64,142.3 1 0
github.com/alltomatos/watinkdev/business/internal/services/rabbitmq_monitor.go:144.2,145.24 2 0
github.com/alltomatos/watinkdev/business/internal/services/rabbitmq_monitor.go:145.24,155.3 1 0
github.com/alltomatos/watinkdev/business/internal/services/rabbitmq_monitor.go:157.2,157.41 1 0
github.com/alltomatos/watinkdev/business/internal/services/rabbitmq_monitor.go:157.41,158.47 1 0
github.com/alltomatos/watinkdev/business/internal/services/rabbitmq_monitor.go:158.47,160.4 1 0
github.com/alltomatos/watinkdev/business/internal/services/rabbitmq_monitor.go:161.3,161.49 1 0
github.com/alltomatos/watinkdev/business/internal/services/rabbitmq_monitor.go:164.2,164.20 1 0
github.com/alltomatos/watinkdev/business/internal/services/rabbitmq_monitor.go:167.67,168.14 1 0
github.com/alltomatos/watinkdev/business/internal/services/rabbitmq_monitor.go:168.14,170.3 1 0
github.com/alltomatos/watinkdev/business/internal/services/rabbitmq_monitor.go:172.2,172.82 1 0
github.com/alltomatos/watinkdev/business/internal/services/rabbitmq_monitor.go:172.82,174.3 1 0
github.com/alltomatos/watinkdev/business/internal/services/rabbitmq_monitor.go:176.2,178.29 3 0
github.com/alltomatos/watinkdev/business/internal/services/rabbitmq_monitor.go:178.29,180.3 1 0
github.com/alltomatos/watinkdev/business/internal/services/rabbitmq_monitor.go:181.2,181.17 1 0
github.com/alltomatos/watinkdev/business/internal/services/rabbitmq_state.go:5.45,7.2 1 0
github.com/alltomatos/watinkdev/business/internal/services/rabbitmq_state.go:9.44,11.2 1 0
github.com/alltomatos/watinkdev/business/internal/services/redis.go:14.21,16.15 2 0
github.com/alltomatos/watinkdev/business/internal/services/redis.go:16.15,18.3 1 0
github.com/alltomatos/watinkdev/business/internal/services/redis.go:20.2,21.16 2 0
github.com/alltomatos/watinkdev/business/internal/services/redis.go:21.16,22.13 1 0
github.com/alltomatos/watinkdev/business/internal/services/redis.go:25.2,25.37 1 0
github.com/alltomatos/watinkdev/business/internal/services/redis.go:28.31,30.2 1 0
github.com/alltomatos/watinkdev/business/internal/services/redis.go:32.80,34.2 1 0
github.com/alltomatos/watinkdev/business/internal/services/redis.go:36.32,38.2 1 0
github.com/alltomatos/watinkdev/business/internal/services/redis_broadcast.go:20.28,23.12 2 0
github.com/alltomatos/watinkdev/business/internal/services/redis_broadcast.go:23.12,25.23 2 0
github.com/alltomatos/watinkdev/business/internal/services/redis_broadcast.go:25.23,27.67 2 0
github.com/alltomatos/watinkdev/business/internal/services/redis_broadcast.go:27.67,29.13 2 0
github.com/alltomatos/watinkdev/business/internal/services/redis_broadcast.go:33.4,33.29 1 0
github.com/alltomatos/watinkdev/business/internal/services/redis_broadcast.go:33.29,34.13 1 0
github.com/alltomatos/watinkdev/business/internal/services/redis_broadcast.go:38.4,38.21 1 0
github.com/alltomatos/watinkdev/business/internal/services/redis_broadcast.go:38.21,39.22 1 0
github.com/alltomatos/watinkdev/business/internal/services/redis_broadcast.go:39.22,41.6 1 0
github.com/alltomatos/watinkdev/business/internal/services/redis_broadcast.go:41.11,43.6 1 0
github.com/alltomatos/watinkdev/business/internal/services/redis_broadcast.go:49.45,50.24 1 0
github.com/alltomatos/watinkdev/business/internal/services/redis_broadcast.go:50.24,52.3 1 0
github.com/alltomatos/watinkdev/business/internal/services/redis_broadcast.go:54.2,56.16 3 0
github.com/alltomatos/watinkdev/business/internal/services/redis_broadcast.go:56.16,59.3 2 0
github.com/alltomatos/watinkdev/business/internal/services/redis_broadcast.go:61.2,62.16 2 0
github.com/alltomatos/watinkdev/business/internal/services/redis_broadcast.go:62.16,64.3 1 0
github.com/alltomatos/watinkdev/business/internal/services/socket.go:33.32,34.68 1 0
github.com/alltomatos/watinkdev/business/internal/services/socket.go:34.68,36.3 1 0
github.com/alltomatos/watinkdev/business/internal/services/socket.go:38.2,38.12 1 0
github.com/alltomatos/watinkdev/business/internal/services/socket.go:38.12,42.22 3 0
github.com/alltomatos/watinkdev/business/internal/services/socket.go:42.22,52.45 6 0
github.com/alltomatos/watinkdev/business/internal/services/socket.go:52.45,54.5 1 0
github.com/alltomatos/watinkdev/business/internal/services/socket.go:59.37,63.45 1 0
github.com/alltomatos/watinkdev/business/internal/services/socket.go:63.45,63.60 1 0
github.com/alltomatos/watinkdev/business/internal/services/socket.go:66.45,66.60 1 0
github.com/alltomatos/watinkdev/business/internal/services/socket.go:70.2,72.52 2 0
github.com/alltomatos/watinkdev/business/internal/services/socket.go:72.52,78.3 5 0
github.com/alltomatos/watinkdev/business/internal/services/socket.go:80.2,80.68 1 0
github.com/alltomatos/watinkdev/business/internal/services/socket.go:80.68,83.3 2 0
github.com/alltomatos/watinkdev/business/internal/services/socket.go:85.2,85.76 1 0
github.com/alltomatos/watinkdev/business/internal/services/socket.go:85.76,88.3 2 0
github.com/alltomatos/watinkdev/business/internal/services/socket.go:90.2,90.71 1 0
github.com/alltomatos/watinkdev/business/internal/services/socket.go:90.71,93.3 2 0
github.com/alltomatos/watinkdev/business/internal/services/socket.go:95.2,95.53 1 0
github.com/alltomatos/watinkdev/business/internal/services/socket.go:95.53,97.15 1 0
github.com/alltomatos/watinkdev/business/internal/services/socket.go:97.15,99.80 2 0
github.com/alltomatos/watinkdev/business/internal/services/socket.go:99.80,102.5 2 0
github.com/alltomatos/watinkdev/business/internal/services/socket.go:104.3,104.34 1 0
github.com/alltomatos/watinkdev/business/internal/services/socket.go:107.2,107.64 1 0
github.com/alltomatos/watinkdev/business/internal/services/socket.go:107.64,109.69 2 0
github.com/alltomatos/watinkdev/business/internal/services/socket.go:109.69,111.4 1 0
github.com/alltomatos/watinkdev/business/internal/services/socket.go:112.3,112.32 1 0
github.com/alltomatos/watinkdev/business/internal/services/socket.go:115.2,115.12 1 0
github.com/alltomatos/watinkdev/business/internal/services/socket.go:115.12,116.40 1 0
github.com/alltomatos/watinkdev/business/internal/services/socket.go:116.40,118.4 1 0
github.com/alltomatos/watinkdev/business/internal/services/socket.go:121.2,122.15 2 0
github.com/alltomatos/watinkdev/business/internal/services/socket.go:125.31,127.2 1 0
github.com/alltomatos/watinkdev/business/internal/services/socket.go:129.58,131.2 1 0
github.com/alltomatos/watinkdev/business/internal/services/socket.go:134.77,136.19 1 0
github.com/alltomatos/watinkdev/business/internal/services/socket.go:136.19,138.3 1 0
github.com/alltomatos/watinkdev/business/internal/services/socket.go:140.2,145.4 1 0
github.com/alltomatos/watinkdev/business/internal/services/socket.go:148.69,150.19 1 0
github.com/alltomatos/watinkdev/business/internal/services/socket.go:150.19,152.3 1 0
github.com/alltomatos/watinkdev/business/internal/services/socket.go:154.2,158.4 1 0
github.com/alltomatos/watinkdev/business/internal/services/telemetry.go:17.78,19.20 2 0
github.com/alltomatos/watinkdev/business/internal/services/telemetry.go:19.20,21.40 2 0
github.com/alltomatos/watinkdev/business/internal/services/telemetry.go:21.40,21.54 1 0
github.com/alltomatos/watinkdev/business/internal/services/telemetry.go:24.2,28.16 2 0
github.com/alltomatos/watinkdev/business/internal/services/telemetry.go:28.16,30.3 1 0
github.com/alltomatos/watinkdev/business/internal/services/telemetry.go:32.2,38.16 2 0
github.com/alltomatos/watinkdev/business/internal/services/telemetry.go:38.16,40.3 1 0
github.com/alltomatos/watinkdev/business/internal/services/telemetry.go:42.2,58.31 5 0
github.com/alltomatos/watinkdev/business/internal/services/telemetry.go:61.26,62.44 1 0
github.com/alltomatos/watinkdev/business/internal/services/telemetry.go:62.44,64.3 1 0
github.com/alltomatos/watinkdev/business/internal/services/telemetry.go:65.2,65.14 1 0
github.com/alltomatos/watinkdev/business/internal/services/ticket_log_service.go:11.114,13.20 2 0
github.com/alltomatos/watinkdev/business/internal/services/ticket_log_service.go:13.20,16.3 2 0
github.com/alltomatos/watinkdev/business/internal/services/ticket_log_service.go:18.2,19.114 2 0
github.com/alltomatos/watinkdev/business/internal/services/ticket_log_service.go:19.114,22.3 2 0
github.com/alltomatos/watinkdev/business/internal/services/ticket_log_service.go:24.2,32.61 2 0
github.com/alltomatos/watinkdev/business/internal/services/ticket_log_service.go:32.61,34.3 1 0
github.com/alltomatos/watinkdev/business/internal/services/whatsapp_session.go:12.112,17.16 4 0
github.com/alltomatos/watinkdev/business/internal/services/whatsapp_session.go:17.16,19.3 1 0
github.com/alltomatos/watinkdev/business/internal/services/whatsapp_session.go:20.2,20.15 1 0
github.com/alltomatos/watinkdev/business/internal/services/whatsapp_session.go:20.15,22.3 1 0
github.com/alltomatos/watinkdev/business/internal/services/whatsapp_session.go:25.2,35.41 4 0
github.com/alltomatos/watinkdev/business/internal/services/whatsapp_session.go:35.41,37.3 1 0
github.com/alltomatos/watinkdev/business/internal/services/whatsapp_session.go:39.2,57.51 3 0
github.com/alltomatos/watinkdev/business/internal/services/whatsapp_session.go:60.58,63.2 2 0
github.com/alltomatos/watinkdev/business/internal/services/whatsapp_session.go:65.60,68.2 2 0
github.com/alltomatos/watinkdev/business/internal/services/whatsapp_session.go:70.91,72.2 1 0
github.com/alltomatos/watinkdev/business/internal/services/whatsapp_session.go:74.105,87.2 3 1
github.com/alltomatos/watinkdev/business/internal/services/whatsapp_session.go:89.93,91.41 2 0
github.com/alltomatos/watinkdev/business/internal/services/whatsapp_session.go:91.41,93.3 1 0
github.com/alltomatos/watinkdev/business/internal/services/whatsapp_session.go:94.2,94.51 1 0
github.com/alltomatos/watinkdev/business/run_migrate.go:9.13,11.16 2 0
github.com/alltomatos/watinkdev/business/run_migrate.go:11.16,13.3 1 0
github.com/alltomatos/watinkdev/business/run_migrate.go:15.2,17.57 3 0
github.com/alltomatos/watinkdev/business/cmd/server/main.go:24.13,29.16 3 0
github.com/alltomatos/watinkdev/business/cmd/server/main.go:29.16,31.3 1 0
github.com/alltomatos/watinkdev/business/cmd/server/main.go:31.8,33.3 1 0
github.com/alltomatos/watinkdev/business/cmd/server/main.go:35.2,53.43 11 0
github.com/alltomatos/watinkdev/business/cmd/server/main.go:53.43,57.3 2 0
github.com/alltomatos/watinkdev/business/cmd/server/main.go:57.8,59.3 1 0
github.com/alltomatos/watinkdev/business/cmd/server/main.go:62.2,76.2 8 0
github.com/alltomatos/watinkdev/business/cmd/server/main.go:76.2,77.48 1 0
github.com/alltomatos/watinkdev/business/cmd/server/main.go:77.48,79.4 1 0
github.com/alltomatos/watinkdev/business/cmd/server/main.go:82.3,93.31 7 0
github.com/alltomatos/watinkdev/business/cmd/server/main.go:97.2,97.44 1 0
github.com/alltomatos/watinkdev/business/cmd/server/main.go:97.44,99.3 1 0
github.com/alltomatos/watinkdev/business/cmd/server/main.go:100.2,106.33 4 0
github.com/alltomatos/watinkdev/business/cmd/server/main.go:106.33,110.43 3 0
github.com/alltomatos/watinkdev/business/cmd/server/main.go:110.43,113.4 2 0
github.com/alltomatos/watinkdev/business/cmd/server/main.go:115.3,116.17 2 0
github.com/alltomatos/watinkdev/business/cmd/server/main.go:116.17,118.43 2 0
github.com/alltomatos/watinkdev/business/cmd/server/main.go:118.43,120.5 1 0
github.com/alltomatos/watinkdev/business/cmd/server/main.go:121.4,122.10 2 0
github.com/alltomatos/watinkdev/business/cmd/server/main.go:126.3,128.17 3 0
github.com/alltomatos/watinkdev/business/cmd/server/main.go:128.17,131.4 2 0
github.com/alltomatos/watinkdev/business/cmd/server/main.go:132.3,132.59 1 0
github.com/alltomatos/watinkdev/business/cmd/server/main.go:135.2,136.16 2 0
github.com/alltomatos/watinkdev/business/cmd/server/main.go:136.16,138.3 1 0
github.com/alltomatos/watinkdev/business/cmd/server/main.go:140.2,142.24 3 0
github.com/alltomatos/watinkdev/business/internal/flow/worker.go:23.34,25.2 1 0
github.com/alltomatos/watinkdev/business/internal/flow/worker.go:27.69,31.2 1 0
github.com/alltomatos/watinkdev/business/internal/flow/worker.go:33.88,34.17 1 0
github.com/alltomatos/watinkdev/business/internal/flow/worker.go:34.17,36.3 1 0
github.com/alltomatos/watinkdev/business/internal/flow/worker.go:38.2,48.22 4 0
github.com/alltomatos/watinkdev/business/internal/flow/worker.go:48.22,51.3 1 0
github.com/alltomatos/watinkdev/business/internal/routes/routes.go:9.42,33.2 17 0
github.com/alltomatos/watinkdev/business/internal/routes/routes.go:33.2,163.3 93 0
github.com/alltomatos/watinkdev/business/internal/database/database.go:17.16,31.16 4 0
github.com/alltomatos/watinkdev/business/internal/database/database.go:31.16,33.3 1 0
github.com/alltomatos/watinkdev/business/internal/database/database.go:35.2,35.51 1 0
github.com/alltomatos/watinkdev/business/internal/database/database.go:38.16,67.16 2 0
github.com/alltomatos/watinkdev/business/internal/database/database.go:67.16,69.3 1 0
github.com/alltomatos/watinkdev/business/internal/database/database.go:71.2,71.35 1 0
github.com/alltomatos/watinkdev/business/internal/database/database.go:71.35,73.3 1 0
github.com/alltomatos/watinkdev/business/internal/database/database.go:75.2,76.8 2 0
github.com/alltomatos/watinkdev/business/internal/database/database.go:79.13,92.32 2 0
github.com/alltomatos/watinkdev/business/internal/database/database.go:92.32,94.3 1 0
github.com/alltomatos/watinkdev/business/internal/database/database.go:96.2,96.43 1 0
github.com/alltomatos/watinkdev/business/internal/database/database.go:99.23,102.27 2 0
github.com/alltomatos/watinkdev/business/internal/database/database.go:102.27,103.103 1 0
github.com/alltomatos/watinkdev/business/internal/database/database.go:103.103,105.4 1 0
github.com/alltomatos/watinkdev/business/internal/database/database.go:106.3,106.102 1 0
github.com/alltomatos/watinkdev/business/internal/database/database.go:106.102,108.4 1 0
github.com/alltomatos/watinkdev/business/internal/database/database.go:110.3,111.105 2 0
github.com/alltomatos/watinkdev/business/internal/database/database.go:111.105,113.4 1 0
github.com/alltomatos/watinkdev/business/internal/database/database.go:114.3,117.24 1 0
github.com/alltomatos/watinkdev/business/internal/database/database.go:117.24,119.4 1 0
github.com/alltomatos/watinkdev/business/internal/database/database.go:122.2,122.12 1 0
github.com/alltomatos/watinkdev/business/pkg/utils/jwt.go:21.60,23.18 2 0
github.com/alltomatos/watinkdev/business/pkg/utils/jwt.go:23.18,25.3 1 0
github.com/alltomatos/watinkdev/business/pkg/utils/jwt.go:27.2,35.43 2 0
github.com/alltomatos/watinkdev/business/pkg/utils/jwt.go:38.61,40.18 2 0
github.com/alltomatos/watinkdev/business/pkg/utils/jwt.go:40.18,42.3 1 0
github.com/alltomatos/watinkdev/business/pkg/utils/jwt.go:44.2,51.43 2 0
github.com/alltomatos/watinkdev/business/internal/models/client.go:20.34,22.2 1 0
github.com/alltomatos/watinkdev/business/internal/models/contact.go:27.35,29.2 1 0
github.com/alltomatos/watinkdev/business/internal/models/conversation_embedding.go:31.49,33.2 1 0
github.com/alltomatos/watinkdev/business/internal/models/deal.go:26.32,28.2 1 0
github.com/alltomatos/watinkdev/business/internal/models/flow.go:22.32,24.2 1 0
github.com/alltomatos/watinkdev/business/internal/models/group.go:21.33,23.2 1 0
github.com/alltomatos/watinkdev/business/internal/models/knowledge_base.go:19.41,21.2 1 0
github.com/alltomatos/watinkdev/business/internal/models/knowledge_base_source.go:21.47,23.2 1 0
github.com/alltomatos/watinkdev/business/internal/models/message.go:32.35,34.2 1 0
github.com/alltomatos/watinkdev/business/internal/models/permission.go:21.38,21.62 1 0
github.com/alltomatos/watinkdev/business/internal/models/permission.go:23.39,25.2 1 0
github.com/alltomatos/watinkdev/business/internal/models/permission.go:39.32,39.50 1 0
github.com/alltomatos/watinkdev/business/internal/models/permission.go:52.42,52.70 1 0
github.com/alltomatos/watinkdev/business/internal/models/pipeline.go:20.36,22.2 1 0
github.com/alltomatos/watinkdev/business/internal/models/pipeline.go:33.41,35.2 1 0
github.com/alltomatos/watinkdev/business/internal/models/plan.go:20.32,22.2 1 0
github.com/alltomatos/watinkdev/business/internal/models/protocol.go:25.36,27.2 1 0
github.com/alltomatos/watinkdev/business/internal/models/queue.go:26.33,28.2 1 0
github.com/alltomatos/watinkdev/business/internal/models/quick_answer.go:20.39,22.2 1 0
github.com/alltomatos/watinkdev/business/internal/models/setting.go:20.35,22.2 1 0
github.com/alltomatos/watinkdev/business/internal/models/tag.go:17.36,17.58 1 0
github.com/alltomatos/watinkdev/business/internal/models/tag.go:34.31,34.48 1 0
github.com/alltomatos/watinkdev/business/internal/models/tag.go:46.37,46.60 1 0
github.com/alltomatos/watinkdev/business/internal/models/tenant.go:23.34,25.2 1 0
github.com/alltomatos/watinkdev/business/internal/models/tenant.go:27.56,28.22 1 0
github.com/alltomatos/watinkdev/business/internal/models/tenant.go:28.22,30.3 1 0
github.com/alltomatos/watinkdev/business/internal/models/tenant.go:31.2,31.8 1 0
github.com/alltomatos/watinkdev/business/internal/models/tenant_subscription.go:23.46,25.2 1 0
github.com/alltomatos/watinkdev/business/internal/models/ticket.go:29.34,31.2 1 0
github.com/alltomatos/watinkdev/business/internal/models/ticket_log.go:23.37,25.2 1 0
github.com/alltomatos/watinkdev/business/internal/models/user.go:32.32,34.2 1 0
github.com/alltomatos/watinkdev/business/internal/models/user.go:36.52,38.16 2 0
github.com/alltomatos/watinkdev/business/internal/models/user.go:38.16,40.3 1 0
github.com/alltomatos/watinkdev/business/internal/models/user.go:41.2,42.12 2 0
github.com/alltomatos/watinkdev/business/internal/models/user.go:45.52,48.2 2 0
github.com/alltomatos/watinkdev/business/internal/models/user.go:50.52,52.2 1 0
github.com/alltomatos/watinkdev/business/internal/models/whatsapp.go:37.36,39.2 1 0
github.com/alltomatos/watinkdev/business/internal/middleware/auth.go:15.31,16.30 1 0
github.com/alltomatos/watinkdev/business/internal/middleware/auth.go:16.30,18.23 2 0
github.com/alltomatos/watinkdev/business/internal/middleware/auth.go:18.23,22.4 3 0
github.com/alltomatos/watinkdev/business/internal/middleware/auth.go:24.3,25.46 2 0
github.com/alltomatos/watinkdev/business/internal/middleware/auth.go:25.46,29.4 3 0
github.com/alltomatos/watinkdev/business/internal/middleware/auth.go:31.3,33.19 3 0
github.com/alltomatos/watinkdev/business/internal/middleware/auth.go:33.19,35.4 1 0
github.com/alltomatos/watinkdev/business/internal/middleware/auth.go:37.3,37.84 1 0
github.com/alltomatos/watinkdev/business/internal/middleware/auth.go:37.84,38.59 1 0
github.com/alltomatos/watinkdev/business/internal/middleware/auth.go:38.59,40.5 1 0
github.com/alltomatos/watinkdev/business/internal/middleware/auth.go:41.4,41.30 1 0
github.com/alltomatos/watinkdev/business/internal/middleware/auth.go:44.3,44.33 1 0
github.com/alltomatos/watinkdev/business/internal/middleware/auth.go:44.33,48.4 3 0
github.com/alltomatos/watinkdev/business/internal/middleware/auth.go:50.3,51.10 2 0
github.com/alltomatos/watinkdev/business/internal/middleware/auth.go:51.10,55.4 3 0
github.com/alltomatos/watinkdev/business/internal/middleware/auth.go:57.3,72.11 9 0
github.com/alltomatos/watinkdev/business/internal/middleware/cors.go:9.39,10.30 1 0
github.com/alltomatos/watinkdev/business/internal/middleware/cors.go:10.30,20.36 6 0
github.com/alltomatos/watinkdev/business/internal/middleware/cors.go:20.36,23.4 2 0
github.com/alltomatos/watinkdev/business/internal/middleware/cors.go:25.3,25.11 1 0
github.com/alltomatos/watinkdev/business/internal/middleware/tenant.go:10.41,11.30 1 0
github.com/alltomatos/watinkdev/business/internal/middleware/tenant.go:11.30,13.24 2 0
github.com/alltomatos/watinkdev/business/internal/middleware/tenant.go:13.24,18.4 2 0
github.com/alltomatos/watinkdev/business/internal/middleware/tenant.go:20.3,21.17 2 0
github.com/alltomatos/watinkdev/business/internal/middleware/tenant.go:21.17,25.4 3 0
github.com/alltomatos/watinkdev/business/internal/middleware/tenant.go:27.3,28.11 2 0
github.com/alltomatos/watinkdev/business/internal/plugins/clientes.go:15.60,23.2 1 0
github.com/alltomatos/watinkdev/business/internal/plugins/clientes.go:25.64,27.2 1 0
github.com/alltomatos/watinkdev/business/internal/plugins/clientes.go:29.65,31.62 1 0
github.com/alltomatos/watinkdev/business/internal/plugins/clientes.go:31.62,36.3 4 0
github.com/alltomatos/watinkdev/business/internal/plugins/clientes.go:39.2,39.63 1 0
github.com/alltomatos/watinkdev/business/internal/plugins/clientes.go:39.63,42.51 3 0
github.com/alltomatos/watinkdev/business/internal/plugins/clientes.go:42.51,45.4 2 0
github.com/alltomatos/watinkdev/business/internal/plugins/clientes.go:47.3,47.42 1 0
github.com/alltomatos/watinkdev/business/internal/plugins/clientes.go:47.42,49.4 1 0
github.com/alltomatos/watinkdev/business/internal/plugins/clientes.go:50.3,51.37 2 0
github.com/alltomatos/watinkdev/business/internal/plugins/clientes.go:54.2,54.12 1 0
github.com/alltomatos/watinkdev/business/internal/plugins/clientes.go:57.67,59.2 1 0
github.com/alltomatos/watinkdev/business/internal/plugins/helpdesk.go:22.60,30.2 1 0
github.com/alltomatos/watinkdev/business/internal/plugins/helpdesk.go:32.64,34.2 1 0
github.com/alltomatos/watinkdev/business/internal/plugins/helpdesk.go:36.65,37.72 1 0
github.com/alltomatos/watinkdev/business/internal/plugins/helpdesk.go:37.72,42.3 4 0
github.com/alltomatos/watinkdev/business/internal/plugins/helpdesk.go:43.2,43.12 1 0
github.com/alltomatos/watinkdev/business/internal/plugins/helpdesk.go:46.67,48.2 1 0
github.com/alltomatos/watinkdev/business/internal/plugins/hub_manager.go:66.34,68.60 2 0
github.com/alltomatos/watinkdev/business/internal/plugins/hub_manager.go:68.60,70.3 1 0
github.com/alltomatos/watinkdev/business/internal/plugins/hub_manager.go:72.2,80.3 1 0
github.com/alltomatos/watinkdev/business/internal/plugins/hub_manager.go:83.35,88.2 4 0
github.com/alltomatos/watinkdev/business/internal/plugins/hub_manager.go:90.34,90.62 1 0
github.com/alltomatos/watinkdev/business/internal/plugins/hub_manager.go:92.45,92.68 1 0
github.com/alltomatos/watinkdev/business/internal/plugins/hub_manager.go:94.51,97.16 3 0
github.com/alltomatos/watinkdev/business/internal/plugins/hub_manager.go:97.16,99.3 1 0
github.com/alltomatos/watinkdev/business/internal/plugins/hub_manager.go:100.2,102.28 2 0
github.com/alltomatos/watinkdev/business/internal/plugins/hub_manager.go:102.28,104.3 1 0
github.com/alltomatos/watinkdev/business/internal/plugins/hub_manager.go:106.2,109.68 2 0
github.com/alltomatos/watinkdev/business/internal/plugins/hub_manager.go:109.68,111.3 1 0
github.com/alltomatos/watinkdev/business/internal/plugins/hub_manager.go:113.2,113.66 1 0
github.com/alltomatos/watinkdev/business/internal/plugins/hub_manager.go:116.70,119.19 3 0
github.com/alltomatos/watinkdev/business/internal/plugins/hub_manager.go:119.19,121.3 1 0
github.com/alltomatos/watinkdev/business/internal/plugins/hub_manager.go:122.2,124.90 3 0
github.com/alltomatos/watinkdev/business/internal/plugins/hub_manager.go:127.87,134.16 3 0
github.com/alltomatos/watinkdev/business/internal/plugins/hub_manager.go:134.16,136.3 1 0
github.com/alltomatos/watinkdev/business/internal/plugins/hub_manager.go:137.2,139.28 2 0
github.com/alltomatos/watinkdev/business/internal/plugins/hub_manager.go:139.28,141.3 1 0
github.com/alltomatos/watinkdev/business/internal/plugins/hub_manager.go:143.2,144.64 2 0
github.com/alltomatos/watinkdev/business/internal/plugins/hub_manager.go:144.64,146.3 1 0
github.com/alltomatos/watinkdev/business/internal/plugins/hub_manager.go:147.2,147.32 1 0
github.com/alltomatos/watinkdev/business/internal/plugins/hub_manager.go:150.69,155.25 2 0
github.com/alltomatos/watinkdev/business/internal/plugins/hub_manager.go:155.25,157.3 1 0
github.com/alltomatos/watinkdev/business/internal/plugins/hub_manager.go:159.2,161.16 3 0
github.com/alltomatos/watinkdev/business/internal/plugins/hub_manager.go:161.16,163.3 1 0
github.com/alltomatos/watinkdev/business/internal/plugins/hub_manager.go:164.2,166.28 2 0
github.com/alltomatos/watinkdev/business/internal/plugins/hub_manager.go:166.28,168.3 1 0
github.com/alltomatos/watinkdev/business/internal/plugins/hub_manager.go:169.2,169.12 1 0
github.com/alltomatos/watinkdev/business/internal/plugins/hub_manager.go:172.39,173.12 1 0
github.com/alltomatos/watinkdev/business/internal/plugins/hub_manager.go:173.12,178.22 4 0
github.com/alltomatos/watinkdev/business/internal/plugins/hub_manager.go:178.22,180.4 1 0
github.com/alltomatos/watinkdev/business/internal/plugins/hub_manager.go:184.38,191.16 3 0
github.com/alltomatos/watinkdev/business/internal/plugins/hub_manager.go:191.16,194.3 2 0
github.com/alltomatos/watinkdev/business/internal/plugins/hub_manager.go:195.2,197.28 2 0
github.com/alltomatos/watinkdev/business/internal/plugins/hub_manager.go:197.28,200.3 2 0
github.com/alltomatos/watinkdev/business/internal/plugins/hub_manager.go:202.2,206.68 2 0
github.com/alltomatos/watinkdev/business/internal/plugins/hub_manager.go:206.68,208.3 1 0
github.com/alltomatos/watinkdev/business/internal/plugins/hub_manager.go:210.2,211.63 2 0
github.com/alltomatos/watinkdev/business/internal/plugins/hub_manager.go:211.63,213.3 1 0
github.com/alltomatos/watinkdev/business/internal/plugins/hub_manager.go:214.2,217.72 3 0
github.com/alltomatos/watinkdev/business/internal/plugins/hub_manager.go:217.72,219.3 1 0
github.com/alltomatos/watinkdev/business/internal/plugins/hub_manager.go:220.2,220.33 1 0
github.com/alltomatos/watinkdev/business/internal/plugins/hub_manager.go:223.45,225.50 2 0
github.com/alltomatos/watinkdev/business/internal/plugins/hub_manager.go:225.50,227.3 1 0
github.com/alltomatos/watinkdev/business/internal/plugins/hub_manager.go:228.2,230.14 3 0
github.com/alltomatos/watinkdev/business/internal/plugins/hub_manager.go:233.61,238.16 4 0
github.com/alltomatos/watinkdev/business/internal/plugins/hub_manager.go:238.16,240.3 1 0
github.com/alltomatos/watinkdev/business/internal/plugins/hub_manager.go:241.2,243.18 3 0
github.com/alltomatos/watinkdev/business/internal/plugins/hub_manager.go:243.18,245.3 1 0
github.com/alltomatos/watinkdev/business/internal/plugins/hub_manager.go:246.2,246.14 1 0
github.com/alltomatos/watinkdev/business/internal/plugins/hub_manager.go:249.61,254.16 4 0
github.com/alltomatos/watinkdev/business/internal/plugins/hub_manager.go:254.16,256.3 1 0
github.com/alltomatos/watinkdev/business/internal/plugins/hub_manager.go:257.2,259.18 3 0
github.com/alltomatos/watinkdev/business/internal/plugins/hub_manager.go:259.18,261.3 1 0
github.com/alltomatos/watinkdev/business/internal/plugins/hub_manager.go:262.2,262.14 1 0
github.com/alltomatos/watinkdev/business/internal/plugins/hub_manager.go:265.73,268.2 2 0
github.com/alltomatos/watinkdev/business/internal/plugins/hub_manager.go:270.70,275.16 4 0
github.com/alltomatos/watinkdev/business/internal/plugins/hub_manager.go:275.16,277.3 1 0
github.com/alltomatos/watinkdev/business/internal/plugins/hub_manager.go:279.2,281.18 3 0
github.com/alltomatos/watinkdev/business/internal/plugins/hub_manager.go:281.18,283.3 1 0
github.com/alltomatos/watinkdev/business/internal/plugins/hub_manager.go:284.2,284.14 1 0
github.com/alltomatos/watinkdev/business/internal/plugins/hub_manager.go:287.82,288.18 1 0
github.com/alltomatos/watinkdev/business/internal/plugins/hub_manager.go:288.18,290.3 1 0
github.com/alltomatos/watinkdev/business/internal/plugins/hub_manager.go:291.2,292.62 2 0
github.com/alltomatos/watinkdev/business/internal/plugins/hub_manager.go:295.48,296.53 1 0
github.com/alltomatos/watinkdev/business/internal/plugins/hub_manager.go:296.53,298.3 1 0
github.com/alltomatos/watinkdev/business/internal/plugins/hub_manager.go:300.2,307.31 2 0
github.com/alltomatos/watinkdev/business/internal/plugins/hub_manager.go:307.31,309.14 2 0
github.com/alltomatos/watinkdev/business/internal/plugins/hub_manager.go:309.14,310.12 1 0
github.com/alltomatos/watinkdev/business/internal/plugins/hub_manager.go:312.3,312.43 1 0
github.com/alltomatos/watinkdev/business/internal/plugins/hub_manager.go:312.43,314.17 2 0
github.com/alltomatos/watinkdev/business/internal/plugins/hub_manager.go:314.17,315.13 1 0
github.com/alltomatos/watinkdev/business/internal/plugins/hub_manager.go:318.4,318.37 1 0
github.com/alltomatos/watinkdev/business/internal/plugins/hub_manager.go:318.37,320.55 2 0
github.com/alltomatos/watinkdev/business/internal/plugins/hub_manager.go:320.55,321.82 1 0
github.com/alltomatos/watinkdev/business/internal/plugins/hub_manager.go:321.82,323.7 1 0
github.com/alltomatos/watinkdev/business/internal/plugins/hub_manager.go:327.4,327.39 1 0
github.com/alltomatos/watinkdev/business/internal/plugins/hub_manager.go:331.2,331.25 1 0
github.com/alltomatos/watinkdev/business/internal/plugins/hub_manager.go:334.33,336.13 2 0
github.com/alltomatos/watinkdev/business/internal/plugins/hub_manager.go:336.13,338.3 1 0
github.com/alltomatos/watinkdev/business/internal/plugins/hub_manager.go:339.2,339.10 1 0
github.com/alltomatos/watinkdev/business/internal/plugins/manager.go:25.37,27.2 1 0
github.com/alltomatos/watinkdev/business/internal/plugins/manager.go:30.49,32.15 2 0
github.com/alltomatos/watinkdev/business/internal/plugins/manager.go:32.15,34.3 1 0
github.com/alltomatos/watinkdev/business/internal/plugins/manager.go:36.2,38.25 3 0
github.com/alltomatos/watinkdev/business/internal/plugins/manager.go:38.25,40.3 1 0
github.com/alltomatos/watinkdev/business/internal/plugins/manager.go:42.2,42.33 1 0
github.com/alltomatos/watinkdev/business/internal/plugins/manager.go:45.87,47.55 1 0
github.com/alltomatos/watinkdev/business/internal/plugins/manager.go:47.55,50.34 2 0
github.com/alltomatos/watinkdev/business/internal/plugins/manager.go:50.34,54.4 3 0
github.com/alltomatos/watinkdev/business/internal/plugins/manager.go:56.3,56.54 1 0
github.com/alltomatos/watinkdev/business/internal/plugins/manager.go:56.54,60.4 3 0
github.com/alltomatos/watinkdev/business/internal/plugins/manager.go:62.3,62.15 1 0
github.com/alltomatos/watinkdev/business/internal/plugins/manager.go:66.85,68.2 0 0
github.com/alltomatos/watinkdev/business/internal/plugins/manager.go:70.76,78.2 1 0
github.com/alltomatos/watinkdev/business/internal/plugins/manager.go:80.55,94.49 6 0
github.com/alltomatos/watinkdev/business/internal/plugins/manager.go:94.49,97.3 2 0
github.com/alltomatos/watinkdev/business/internal/plugins/manager.go:99.2,99.31 1 0
github.com/alltomatos/watinkdev/business/internal/plugins/manager.go:102.62,107.31 4 0
github.com/alltomatos/watinkdev/business/internal/plugins/manager.go:107.31,109.3 1 0
github.com/alltomatos/watinkdev/business/internal/plugins/manager.go:110.2,110.18 1 0
github.com/alltomatos/watinkdev/business/internal/plugins/saas.go:14.56,22.2 1 0
github.com/alltomatos/watinkdev/business/internal/plugins/saas.go:24.60,26.2 1 0
github.com/alltomatos/watinkdev/business/internal/plugins/saas.go:28.61,30.74 1 0
github.com/alltomatos/watinkdev/business/internal/plugins/saas.go:30.74,34.3 3 0
github.com/alltomatos/watinkdev/business/internal/plugins/saas.go:37.2,37.75 1 0
github.com/alltomatos/watinkdev/business/internal/plugins/saas.go:37.75,39.51 2 0
github.com/alltomatos/watinkdev/business/internal/plugins/saas.go:39.51,42.4 2 0
github.com/alltomatos/watinkdev/business/internal/plugins/saas.go:43.3,44.37 2 0
github.com/alltomatos/watinkdev/business/internal/plugins/saas.go:47.2,47.12 1 0
github.com/alltomatos/watinkdev/business/internal/plugins/saas.go:50.63,52.2 1 0
github.com/alltomatos/watinkdev/business/internal/plugins/webchat.go:15.59,23.2 1 0
github.com/alltomatos/watinkdev/business/internal/plugins/webchat.go:25.63,28.2 1 0
github.com/alltomatos/watinkdev/business/internal/plugins/webchat.go:30.64,32.73 1 0
github.com/alltomatos/watinkdev/business/internal/plugins/webchat.go:32.73,35.72 3 0
github.com/alltomatos/watinkdev/business/internal/plugins/webchat.go:35.72,38.4 2 0
github.com/alltomatos/watinkdev/business/internal/plugins/webchat.go:40.3,44.5 1 0
github.com/alltomatos/watinkdev/business/internal/plugins/webchat.go:48.2,48.82 1 0
github.com/alltomatos/watinkdev/business/internal/plugins/webchat.go:48.82,56.49 3 0
github.com/alltomatos/watinkdev/business/internal/plugins/webchat.go:56.49,59.4 2 0
github.com/alltomatos/watinkdev/business/internal/plugins/webchat.go:61.3,62.72 2 0
github.com/alltomatos/watinkdev/business/internal/plugins/webchat.go:62.72,65.4 2 0
github.com/alltomatos/watinkdev/business/internal/plugins/webchat.go:68.3,70.23 3 0
github.com/alltomatos/watinkdev/business/internal/plugins/webchat.go:70.23,72.20 2 0
github.com/alltomatos/watinkdev/business/internal/plugins/webchat.go:72.20,74.5 1 0
github.com/alltomatos/watinkdev/business/internal/plugins/webchat.go:75.4,81.32 2 0
github.com/alltomatos/watinkdev/business/internal/plugins/webchat.go:85.3,87.21 3 0
github.com/alltomatos/watinkdev/business/internal/plugins/webchat.go:87.21,95.4 2 0
github.com/alltomatos/watinkdev/business/internal/plugins/webchat.go:100.3,103.5 1 0
github.com/alltomatos/watinkdev/business/internal/plugins/webchat.go:106.2,106.12 1 0
github.com/alltomatos/watinkdev/business/internal/plugins/webchat.go:109.66,111.2 1 0
github.com/alltomatos/watinkdev/business/internal/infrastructure/repository/gorm_channel_session_repo.go:22.75,24.2 1 0
github.com/alltomatos/watinkdev/business/internal/infrastructure/repository/gorm_channel_session_repo.go:27.130,32.16 3 0
github.com/alltomatos/watinkdev/business/internal/infrastructure/repository/gorm_channel_session_repo.go:32.16,33.45 1 0
github.com/alltomatos/watinkdev/business/internal/infrastructure/repository/gorm_channel_session_repo.go:33.45,35.4 1 0
github.com/alltomatos/watinkdev/business/internal/infrastructure/repository/gorm_channel_session_repo.go:36.3,36.18 1 0
github.com/alltomatos/watinkdev/business/internal/infrastructure/repository/gorm_channel_session_repo.go:38.2,38.39 1 0
github.com/alltomatos/watinkdev/business/internal/infrastructure/repository/gorm_channel_session_repo.go:42.122,47.16 3 0
github.com/alltomatos/watinkdev/business/internal/infrastructure/repository/gorm_channel_session_repo.go:47.16,49.3 1 0
github.com/alltomatos/watinkdev/business/internal/infrastructure/repository/gorm_channel_session_repo.go:50.2,51.20 2 0
github.com/alltomatos/watinkdev/business/internal/infrastructure/repository/gorm_channel_session_repo.go:51.20,53.3 1 0
github.com/alltomatos/watinkdev/business/internal/infrastructure/repository/gorm_channel_session_repo.go:54.2,54.22 1 0
github.com/alltomatos/watinkdev/business/internal/infrastructure/repository/gorm_channel_session_repo.go:58.106,61.2 2 0
github.com/alltomatos/watinkdev/business/internal/infrastructure/repository/gorm_channel_session_repo.go:64.137,69.2 1 0
github.com/alltomatos/watinkdev/business/internal/infrastructure/repository/gorm_channel_session_repo.go:72.102,76.2 1 0
github.com/alltomatos/watinkdev/business/internal/infrastructure/repository/gorm_channel_session_repo.go:79.104,84.2 1 0
github.com/alltomatos/watinkdev/business/internal/infrastructure/repository/gorm_channel_session_repo.go:87.115,88.67 1 0
github.com/alltomatos/watinkdev/business/internal/infrastructure/repository/gorm_channel_session_repo.go:88.67,91.48 1 0
github.com/alltomatos/watinkdev/business/internal/infrastructure/repository/gorm_channel_session_repo.go:91.48,93.4 1 0
github.com/alltomatos/watinkdev/business/internal/infrastructure/repository/gorm_channel_session_repo.go:95.3,97.48 1 0
github.com/alltomatos/watinkdev/business/internal/infrastructure/repository/gorm_channel_session_repo.go:97.48,99.4 1 0
github.com/alltomatos/watinkdev/business/internal/infrastructure/repository/gorm_channel_session_repo.go:101.3,103.48 1 0
github.com/alltomatos/watinkdev/business/internal/infrastructure/repository/gorm_channel_session_repo.go:103.48,105.4 1 0
github.com/alltomatos/watinkdev/business/internal/infrastructure/repository/gorm_channel_session_repo.go:107.3,107.102 1 0
github.com/alltomatos/watinkdev/business/internal/infrastructure/repository/gorm_channel_session_repo.go:107.102,109.4 1 0
github.com/alltomatos/watinkdev/business/internal/infrastructure/repository/gorm_channel_session_repo.go:111.3,112.49 1 0
github.com/alltomatos/watinkdev/business/internal/infrastructure/repository/gorm_channel_session_repo.go:112.49,114.4 1 0
github.com/alltomatos/watinkdev/business/internal/infrastructure/repository/gorm_channel_session_repo.go:116.3,116.13 1 0
github.com/alltomatos/watinkdev/business/internal/infrastructure/repository/gorm_channel_session_repo.go:122.71,146.2 1 0
github.com/alltomatos/watinkdev/business/internal/infrastructure/repository/gorm_channel_session_repo.go:148.77,172.2 1 0
github.com/alltomatos/watinkdev/business/internal/infrastructure/repository/gorm_contact_repo.go:23.61,25.2 1 0
github.com/alltomatos/watinkdev/business/internal/infrastructure/repository/gorm_contact_repo.go:30.141,35.16 3 0
github.com/alltomatos/watinkdev/business/internal/infrastructure/repository/gorm_contact_repo.go:35.16,36.45 1 0
github.com/alltomatos/watinkdev/business/internal/infrastructure/repository/gorm_contact_repo.go:36.45,38.4 1 0
github.com/alltomatos/watinkdev/business/internal/infrastructure/repository/gorm_contact_repo.go:39.3,39.18 1 0
github.com/alltomatos/watinkdev/business/internal/infrastructure/repository/gorm_contact_repo.go:41.2,41.38 1 0
github.com/alltomatos/watinkdev/business/internal/infrastructure/repository/gorm_contact_repo.go:45.135,50.16 3 0
github.com/alltomatos/watinkdev/business/internal/infrastructure/repository/gorm_contact_repo.go:50.16,51.45 1 0
github.com/alltomatos/watinkdev/business/internal/infrastructure/repository/gorm_contact_repo.go:51.45,53.4 1 0
github.com/alltomatos/watinkdev/business/internal/infrastructure/repository/gorm_contact_repo.go:54.3,54.18 1 0
github.com/alltomatos/watinkdev/business/internal/infrastructure/repository/gorm_contact_repo.go:56.2,56.38 1 0
github.com/alltomatos/watinkdev/business/internal/infrastructure/repository/gorm_contact_repo.go:61.204,64.11 3 0
github.com/alltomatos/watinkdev/business/internal/infrastructure/repository/gorm_contact_repo.go:64.11,66.3 1 0
github.com/alltomatos/watinkdev/business/internal/infrastructure/repository/gorm_contact_repo.go:66.8,68.3 1 0
github.com/alltomatos/watinkdev/business/internal/infrastructure/repository/gorm_contact_repo.go:70.2,70.46 1 0
github.com/alltomatos/watinkdev/business/internal/infrastructure/repository/gorm_contact_repo.go:70.46,71.46 1 0
github.com/alltomatos/watinkdev/business/internal/infrastructure/repository/gorm_contact_repo.go:71.46,73.4 1 0
github.com/alltomatos/watinkdev/business/internal/infrastructure/repository/gorm_contact_repo.go:75.3,82.19 2 0
github.com/alltomatos/watinkdev/business/internal/infrastructure/repository/gorm_contact_repo.go:82.19,84.4 1 0
github.com/alltomatos/watinkdev/business/internal/infrastructure/repository/gorm_contact_repo.go:85.3,85.12 1 0
github.com/alltomatos/watinkdev/business/internal/infrastructure/repository/gorm_contact_repo.go:85.12,87.4 1 0
github.com/alltomatos/watinkdev/business/internal/infrastructure/repository/gorm_contact_repo.go:88.3,88.64 1 0
github.com/alltomatos/watinkdev/business/internal/infrastructure/repository/gorm_contact_repo.go:88.64,90.4 1 0
github.com/alltomatos/watinkdev/business/internal/infrastructure/repository/gorm_contact_repo.go:91.3,91.39 1 0
github.com/alltomatos/watinkdev/business/internal/infrastructure/repository/gorm_contact_repo.go:95.2,96.60 2 0
github.com/alltomatos/watinkdev/business/internal/infrastructure/repository/gorm_contact_repo.go:96.60,98.3 1 0
github.com/alltomatos/watinkdev/business/internal/infrastructure/repository/gorm_contact_repo.go:99.2,99.50 1 0
github.com/alltomatos/watinkdev/business/internal/infrastructure/repository/gorm_contact_repo.go:99.50,101.3 1 0
github.com/alltomatos/watinkdev/business/internal/infrastructure/repository/gorm_contact_repo.go:102.2,102.27 1 0
github.com/alltomatos/watinkdev/business/internal/infrastructure/repository/gorm_contact_repo.go:102.27,104.3 1 0
github.com/alltomatos/watinkdev/business/internal/infrastructure/repository/gorm_contact_repo.go:105.2,105.22 1 0
github.com/alltomatos/watinkdev/business/internal/infrastructure/repository/gorm_contact_repo.go:105.22,106.80 1 0
github.com/alltomatos/watinkdev/business/internal/infrastructure/repository/gorm_contact_repo.go:106.80,108.4 1 0
github.com/alltomatos/watinkdev/business/internal/infrastructure/repository/gorm_contact_repo.go:110.3,110.85 1 0
github.com/alltomatos/watinkdev/business/internal/infrastructure/repository/gorm_contact_repo.go:110.85,112.4 1 0
github.com/alltomatos/watinkdev/business/internal/infrastructure/repository/gorm_contact_repo.go:114.2,114.38 1 0
github.com/alltomatos/watinkdev/business/internal/infrastructure/repository/gorm_contact_repo.go:118.116,123.16 3 0
github.com/alltomatos/watinkdev/business/internal/infrastructure/repository/gorm_contact_repo.go:123.16,124.45 1 0
github.com/alltomatos/watinkdev/business/internal/infrastructure/repository/gorm_contact_repo.go:124.45,126.4 1 0
github.com/alltomatos/watinkdev/business/internal/infrastructure/repository/gorm_contact_repo.go:127.3,127.18 1 0
github.com/alltomatos/watinkdev/business/internal/infrastructure/repository/gorm_contact_repo.go:129.2,129.38 1 0
github.com/alltomatos/watinkdev/business/internal/infrastructure/repository/gorm_contact_repo.go:133.120,136.18 3 0
github.com/alltomatos/watinkdev/business/internal/infrastructure/repository/gorm_contact_repo.go:136.18,138.3 1 0
github.com/alltomatos/watinkdev/business/internal/infrastructure/repository/gorm_contact_repo.go:139.2,139.45 1 0
github.com/alltomatos/watinkdev/business/internal/infrastructure/repository/gorm_contact_repo.go:139.45,141.3 1 0
github.com/alltomatos/watinkdev/business/internal/infrastructure/repository/gorm_contact_repo.go:142.2,143.22 2 0
github.com/alltomatos/watinkdev/business/internal/infrastructure/repository/gorm_contact_repo.go:143.22,145.3 1 0
github.com/alltomatos/watinkdev/business/internal/infrastructure/repository/gorm_contact_repo.go:146.2,146.22 1 0
github.com/alltomatos/watinkdev/business/internal/infrastructure/repository/gorm_contact_repo.go:150.95,154.2 1 0
github.com/alltomatos/watinkdev/business/internal/infrastructure/repository/gorm_contact_repo.go:157.92,160.2 2 0
github.com/alltomatos/watinkdev/business/internal/infrastructure/repository/gorm_contact_repo.go:163.123,168.2 1 0
github.com/alltomatos/watinkdev/business/internal/infrastructure/repository/gorm_contact_repo.go:172.62,186.2 1 0
github.com/alltomatos/watinkdev/business/internal/infrastructure/repository/gorm_contact_repo.go:188.62,202.2 1 0
github.com/alltomatos/watinkdev/business/internal/infrastructure/repository/gorm_message_repo.go:23.61,25.2 1 0
github.com/alltomatos/watinkdev/business/internal/infrastructure/repository/gorm_message_repo.go:30.88,33.2 2 0
github.com/alltomatos/watinkdev/business/internal/infrastructure/repository/gorm_message_repo.go:36.99,39.2 2 0
github.com/alltomatos/watinkdev/business/internal/infrastructure/repository/gorm_message_repo.go:42.119,47.16 3 0
github.com/alltomatos/watinkdev/business/internal/infrastructure/repository/gorm_message_repo.go:47.16,48.45 1 0
github.com/alltomatos/watinkdev/business/internal/infrastructure/repository/gorm_message_repo.go:48.45,50.4 1 0
github.com/alltomatos/watinkdev/business/internal/infrastructure/repository/gorm_message_repo.go:51.3,51.18 1 0
github.com/alltomatos/watinkdev/business/internal/infrastructure/repository/gorm_message_repo.go:53.2,53.38 1 0
github.com/alltomatos/watinkdev/business/internal/infrastructure/repository/gorm_message_repo.go:57.110,63.16 3 0
github.com/alltomatos/watinkdev/business/internal/infrastructure/repository/gorm_message_repo.go:63.16,65.3 1 0
github.com/alltomatos/watinkdev/business/internal/infrastructure/repository/gorm_message_repo.go:66.2,66.23 1 0
github.com/alltomatos/watinkdev/business/internal/infrastructure/repository/gorm_message_repo.go:70.119,75.2 1 0
github.com/alltomatos/watinkdev/business/internal/infrastructure/repository/gorm_message_repo.go:79.62,99.2 1 0
github.com/alltomatos/watinkdev/business/internal/infrastructure/repository/gorm_message_repo.go:101.62,121.2 1 0
github.com/alltomatos/watinkdev/business/internal/infrastructure/repository/gorm_queue_repo.go:19.57,21.2 1 0
github.com/alltomatos/watinkdev/business/internal/infrastructure/repository/gorm_queue_repo.go:23.112,28.16 3 0
github.com/alltomatos/watinkdev/business/internal/infrastructure/repository/gorm_queue_repo.go:28.16,29.45 1 0
github.com/alltomatos/watinkdev/business/internal/infrastructure/repository/gorm_queue_repo.go:29.45,31.4 1 0
github.com/alltomatos/watinkdev/business/internal/infrastructure/repository/gorm_queue_repo.go:32.3,32.18 1 0
github.com/alltomatos/watinkdev/business/internal/infrastructure/repository/gorm_queue_repo.go:34.2,34.36 1 0
github.com/alltomatos/watinkdev/business/internal/infrastructure/repository/gorm_queue_repo.go:37.128,43.16 3 0
github.com/alltomatos/watinkdev/business/internal/infrastructure/repository/gorm_queue_repo.go:43.16,44.45 1 0
github.com/alltomatos/watinkdev/business/internal/infrastructure/repository/gorm_queue_repo.go:44.45,46.4 1 0
github.com/alltomatos/watinkdev/business/internal/infrastructure/repository/gorm_queue_repo.go:47.3,47.18 1 0
github.com/alltomatos/watinkdev/business/internal/infrastructure/repository/gorm_queue_repo.go:49.2,49.45 1 0
github.com/alltomatos/watinkdev/business/internal/infrastructure/repository/gorm_queue_repo.go:52.104,57.16 3 0
github.com/alltomatos/watinkdev/business/internal/infrastructure/repository/gorm_queue_repo.go:57.16,59.3 1 0
github.com/alltomatos/watinkdev/business/internal/infrastructure/repository/gorm_queue_repo.go:60.2,61.22 2 0
github.com/alltomatos/watinkdev/business/internal/infrastructure/repository/gorm_queue_repo.go:61.22,63.3 1 0
github.com/alltomatos/watinkdev/business/internal/infrastructure/repository/gorm_queue_repo.go:64.2,64.20 1 0
github.com/alltomatos/watinkdev/business/internal/infrastructure/repository/gorm_queue_repo.go:67.120,74.16 3 0
github.com/alltomatos/watinkdev/business/internal/infrastructure/repository/gorm_queue_repo.go:74.16,76.3 1 0
github.com/alltomatos/watinkdev/business/internal/infrastructure/repository/gorm_queue_repo.go:77.2,78.22 2 0
github.com/alltomatos/watinkdev/business/internal/infrastructure/repository/gorm_queue_repo.go:78.22,80.3 1 0
github.com/alltomatos/watinkdev/business/internal/infrastructure/repository/gorm_queue_repo.go:81.2,81.20 1 0
github.com/alltomatos/watinkdev/business/internal/infrastructure/repository/gorm_queue_repo.go:84.105,87.67 2 0
github.com/alltomatos/watinkdev/business/internal/infrastructure/repository/gorm_queue_repo.go:87.67,88.44 1 0
github.com/alltomatos/watinkdev/business/internal/infrastructure/repository/gorm_queue_repo.go:88.44,90.4 1 0
github.com/alltomatos/watinkdev/business/internal/infrastructure/repository/gorm_queue_repo.go:92.3,94.27 2 0
github.com/alltomatos/watinkdev/business/internal/infrastructure/repository/gorm_queue_repo.go:94.27,96.119 2 0
github.com/alltomatos/watinkdev/business/internal/infrastructure/repository/gorm_queue_repo.go:96.119,98.5 1 0
github.com/alltomatos/watinkdev/business/internal/infrastructure/repository/gorm_queue_repo.go:99.4,99.83 1 0
github.com/alltomatos/watinkdev/business/internal/infrastructure/repository/gorm_queue_repo.go:99.83,101.5 1 0
github.com/alltomatos/watinkdev/business/internal/infrastructure/repository/gorm_queue_repo.go:103.3,103.13 1 0
github.com/alltomatos/watinkdev/business/internal/infrastructure/repository/gorm_queue_repo.go:107.136,110.67 2 0
github.com/alltomatos/watinkdev/business/internal/infrastructure/repository/gorm_queue_repo.go:110.67,111.59 1 0
github.com/alltomatos/watinkdev/business/internal/infrastructure/repository/gorm_queue_repo.go:111.59,113.4 1 0
github.com/alltomatos/watinkdev/business/internal/infrastructure/repository/gorm_queue_repo.go:116.3,117.27 2 0
github.com/alltomatos/watinkdev/business/internal/infrastructure/repository/gorm_queue_repo.go:117.27,118.119 1 0
github.com/alltomatos/watinkdev/business/internal/infrastructure/repository/gorm_queue_repo.go:118.119,120.5 1 0
github.com/alltomatos/watinkdev/business/internal/infrastructure/repository/gorm_queue_repo.go:122.3,122.82 1 0
github.com/alltomatos/watinkdev/business/internal/infrastructure/repository/gorm_queue_repo.go:122.82,124.4 1 0
github.com/alltomatos/watinkdev/business/internal/infrastructure/repository/gorm_queue_repo.go:126.3,126.13 1 0
github.com/alltomatos/watinkdev/business/internal/infrastructure/repository/gorm_queue_repo.go:130.84,133.2 2 0
github.com/alltomatos/watinkdev/business/internal/infrastructure/repository/gorm_queue_repo.go:135.93,139.2 1 0
github.com/alltomatos/watinkdev/business/internal/infrastructure/repository/gorm_queue_repo.go:143.56,156.2 1 0
github.com/alltomatos/watinkdev/business/internal/infrastructure/repository/gorm_queue_repo.go:158.65,161.32 2 0
github.com/alltomatos/watinkdev/business/internal/infrastructure/repository/gorm_queue_repo.go:161.32,168.3 1 0
github.com/alltomatos/watinkdev/business/internal/infrastructure/repository/gorm_queue_repo.go:169.2,169.10 1 0
github.com/alltomatos/watinkdev/business/internal/infrastructure/repository/gorm_queue_repo.go:172.56,185.2 1 0
github.com/alltomatos/watinkdev/business/internal/infrastructure/repository/gorm_ticket_repo.go:23.59,25.2 1 0
github.com/alltomatos/watinkdev/business/internal/infrastructure/repository/gorm_ticket_repo.go:28.114,33.16 3 0
github.com/alltomatos/watinkdev/business/internal/infrastructure/repository/gorm_ticket_repo.go:33.16,34.45 1 0
github.com/alltomatos/watinkdev/business/internal/infrastructure/repository/gorm_ticket_repo.go:34.45,36.4 1 0
github.com/alltomatos/watinkdev/business/internal/infrastructure/repository/gorm_ticket_repo.go:37.3,37.18 1 0
github.com/alltomatos/watinkdev/business/internal/infrastructure/repository/gorm_ticket_repo.go:39.2,39.37 1 0
github.com/alltomatos/watinkdev/business/internal/infrastructure/repository/gorm_ticket_repo.go:44.145,50.16 3 0
github.com/alltomatos/watinkdev/business/internal/infrastructure/repository/gorm_ticket_repo.go:50.16,51.45 1 0
github.com/alltomatos/watinkdev/business/internal/infrastructure/repository/gorm_ticket_repo.go:51.45,53.4 1 0
github.com/alltomatos/watinkdev/business/internal/infrastructure/repository/gorm_ticket_repo.go:54.3,54.18 1 0
github.com/alltomatos/watinkdev/business/internal/infrastructure/repository/gorm_ticket_repo.go:56.2,56.37 1 0
github.com/alltomatos/watinkdev/business/internal/infrastructure/repository/gorm_ticket_repo.go:60.120,66.59 3 0
github.com/alltomatos/watinkdev/business/internal/infrastructure/repository/gorm_ticket_repo.go:66.59,68.3 1 0
github.com/alltomatos/watinkdev/business/internal/infrastructure/repository/gorm_ticket_repo.go:69.2,69.44 1 0
github.com/alltomatos/watinkdev/business/internal/infrastructure/repository/gorm_ticket_repo.go:69.44,70.63 1 0
github.com/alltomatos/watinkdev/business/internal/infrastructure/repository/gorm_ticket_repo.go:70.63,72.4 1 0
github.com/alltomatos/watinkdev/business/internal/infrastructure/repository/gorm_ticket_repo.go:75.2,75.36 1 0
github.com/alltomatos/watinkdev/business/internal/infrastructure/repository/gorm_ticket_repo.go:79.87,82.2 2 0
github.com/alltomatos/watinkdev/business/internal/infrastructure/repository/gorm_ticket_repo.go:85.120,90.2 1 0
github.com/alltomatos/watinkdev/business/internal/infrastructure/repository/gorm_ticket_repo.go:94.59,109.2 1 0
github.com/alltomatos/watinkdev/business/internal/infrastructure/repository/gorm_ticket_repo.go:111.59,126.2 1 0
github.com/alltomatos/watinkdev/business/internal/infrastructure/repository/gorm_user_repo.go:22.55,24.2 1 0
github.com/alltomatos/watinkdev/business/internal/infrastructure/repository/gorm_user_repo.go:27.110,32.16 3 0
github.com/alltomatos/watinkdev/business/internal/infrastructure/repository/gorm_user_repo.go:32.16,33.45 1 0
github.com/alltomatos/watinkdev/business/internal/infrastructure/repository/gorm_user_repo.go:33.45,35.4 1 0
github.com/alltomatos/watinkdev/business/internal/infrastructure/repository/gorm_user_repo.go:36.3,36.18 1 0
github.com/alltomatos/watinkdev/business/internal/infrastructure/repository/gorm_user_repo.go:38.2,38.35 1 0
github.com/alltomatos/watinkdev/business/internal/infrastructure/repository/gorm_user_repo.go:42.119,47.16 3 0
github.com/alltomatos/watinkdev/business/internal/infrastructure/repository/gorm_user_repo.go:47.16,48.45 1 0
github.com/alltomatos/watinkdev/business/internal/infrastructure/repository/gorm_user_repo.go:48.45,50.4 1 0
github.com/alltomatos/watinkdev/business/internal/infrastructure/repository/gorm_user_repo.go:51.3,51.18 1 0
github.com/alltomatos/watinkdev/business/internal/infrastructure/repository/gorm_user_repo.go:53.2,53.35 1 0
github.com/alltomatos/watinkdev/business/internal/infrastructure/repository/gorm_user_repo.go:57.106,63.16 3 0
github.com/alltomatos/watinkdev/business/internal/infrastructure/repository/gorm_user_repo.go:63.16,64.45 1 0
github.com/alltomatos/watinkdev/business/internal/infrastructure/repository/gorm_user_repo.go:64.45,66.4 1 0
github.com/alltomatos/watinkdev/business/internal/infrastructure/repository/gorm_user_repo.go:67.3,67.18 1 0
github.com/alltomatos/watinkdev/business/internal/infrastructure/repository/gorm_user_repo.go:69.2,69.35 1 0
github.com/alltomatos/watinkdev/business/internal/infrastructure/repository/gorm_user_repo.go:73.102,78.16 3 0
github.com/alltomatos/watinkdev/business/internal/infrastructure/repository/gorm_user_repo.go:78.16,80.3 1 0
github.com/alltomatos/watinkdev/business/internal/infrastructure/repository/gorm_user_repo.go:81.2,82.20 2 0
github.com/alltomatos/watinkdev/business/internal/infrastructure/repository/gorm_user_repo.go:82.20,84.3 1 0
github.com/alltomatos/watinkdev/business/internal/infrastructure/repository/gorm_user_repo.go:85.2,85.19 1 0
github.com/alltomatos/watinkdev/business/internal/infrastructure/repository/gorm_user_repo.go:89.83,92.2 2 0
github.com/alltomatos/watinkdev/business/internal/infrastructure/repository/gorm_user_repo.go:95.114,100.2 1 0
github.com/alltomatos/watinkdev/business/internal/infrastructure/repository/gorm_user_repo.go:103.92,107.2 1 0
github.com/alltomatos/watinkdev/business/internal/infrastructure/repository/gorm_user_repo.go:111.53,126.2 1 0
github.com/alltomatos/watinkdev/business/internal/infrastructure/repository/gorm_user_repo.go:128.53,143.2 1 0
github.com/alltomatos/watinkdev/business/internal/application/usecases/distribute_ticket.go:27.28,34.2 1 0
github.com/alltomatos/watinkdev/business/internal/application/usecases/distribute_ticket.go:37.118,39.16 2 0
github.com/alltomatos/watinkdev/business/internal/application/usecases/distribute_ticket.go:39.16,41.3 1 0
github.com/alltomatos/watinkdev/business/internal/application/usecases/distribute_ticket.go:42.2,42.18 1 0
github.com/alltomatos/watinkdev/business/internal/application/usecases/distribute_ticket.go:42.18,44.3 1 0
github.com/alltomatos/watinkdev/business/internal/application/usecases/distribute_ticket.go:46.2,47.16 2 0
github.com/alltomatos/watinkdev/business/internal/application/usecases/distribute_ticket.go:47.16,49.3 1 0
github.com/alltomatos/watinkdev/business/internal/application/usecases/distribute_ticket.go:50.2,50.19 1 0
github.com/alltomatos/watinkdev/business/internal/application/usecases/distribute_ticket.go:50.19,52.3 1 0
github.com/alltomatos/watinkdev/business/internal/application/usecases/distribute_ticket.go:54.2,57.28 2 0
github.com/alltomatos/watinkdev/business/internal/application/usecases/distribute_ticket.go:57.28,59.66 2 0
github.com/alltomatos/watinkdev/business/internal/application/usecases/distribute_ticket.go:59.66,61.29 2 0
github.com/alltomatos/watinkdev/business/internal/application/usecases/distribute_ticket.go:61.29,63.5 1 0
github.com/alltomatos/watinkdev/business/internal/application/usecases/distribute_ticket.go:68.2,68.44 1 0
github.com/alltomatos/watinkdev/business/internal/application/usecases/distribute_ticket.go:68.44,71.3 2 0
github.com/alltomatos/watinkdev/business/internal/application/usecases/distribute_ticket.go:73.2,74.16 2 0
github.com/alltomatos/watinkdev/business/internal/application/usecases/distribute_ticket.go:74.16,76.3 1 0
github.com/alltomatos/watinkdev/business/internal/application/usecases/distribute_ticket.go:77.2,77.21 1 0
github.com/alltomatos/watinkdev/business/internal/application/usecases/distribute_ticket.go:77.21,80.3 2 0
github.com/alltomatos/watinkdev/business/internal/application/usecases/distribute_ticket.go:82.2,83.18 2 0
github.com/alltomatos/watinkdev/business/internal/application/usecases/distribute_ticket.go:84.26,85.64 1 0
github.com/alltomatos/watinkdev/business/internal/application/usecases/distribute_ticket.go:86.23,87.53 1 0
github.com/alltomatos/watinkdev/business/internal/application/usecases/distribute_ticket.go:88.10,89.13 1 0
github.com/alltomatos/watinkdev/business/internal/application/usecases/distribute_ticket.go:92.2,92.25 1 0
github.com/alltomatos/watinkdev/business/internal/application/usecases/distribute_ticket.go:92.25,94.3 1 0
github.com/alltomatos/watinkdev/business/internal/application/usecases/distribute_ticket.go:95.2,95.12 1 0
github.com/alltomatos/watinkdev/business/internal/application/usecases/distribute_ticket.go:98.148,103.66 2 0
github.com/alltomatos/watinkdev/business/internal/application/usecases/distribute_ticket.go:103.66,105.3 1 0
github.com/alltomatos/watinkdev/business/internal/application/usecases/distribute_ticket.go:106.2,110.12 3 0
github.com/alltomatos/watinkdev/business/internal/application/usecases/distribute_ticket.go:116.139,119.16 3 0
github.com/alltomatos/watinkdev/business/internal/application/usecases/distribute_ticket.go:119.16,121.3 1 0
github.com/alltomatos/watinkdev/business/internal/application/usecases/distribute_ticket.go:122.2,122.22 1 0
github.com/alltomatos/watinkdev/business/internal/application/usecases/distribute_ticket.go:125.110,129.2 3 0
github.com/alltomatos/watinkdev/business/internal/application/usecases/distribute_ticket.go:131.128,138.2 3 0
github.com/alltomatos/watinkdev/business/internal/application/usecases/distribute_ticket.go:140.126,147.16 3 0
github.com/alltomatos/watinkdev/business/internal/application/usecases/distribute_ticket.go:147.16,149.3 1 0
github.com/alltomatos/watinkdev/business/internal/application/usecases/distribute_ticket.go:151.2,152.26 2 0
github.com/alltomatos/watinkdev/business/internal/application/usecases/distribute_ticket.go:152.26,153.61 1 0
github.com/alltomatos/watinkdev/business/internal/application/usecases/distribute_ticket.go:153.61,155.9 2 0
github.com/alltomatos/watinkdev/business/internal/application/usecases/distribute_ticket.go:159.2,160.26 2 0
github.com/alltomatos/watinkdev/business/internal/application/usecases/distribute_ticket.go:163.111,170.26 3 0
github.com/alltomatos/watinkdev/business/internal/application/usecases/distribute_ticket.go:170.26,172.3 1 0
github.com/alltomatos/watinkdev/business/internal/application/usecases/distribute_ticket.go:174.2,183.28 4 0
github.com/alltomatos/watinkdev/business/internal/application/usecases/distribute_ticket.go:183.28,185.3 1 0
github.com/alltomatos/watinkdev/business/internal/application/usecases/distribute_ticket.go:187.2,189.26 3 0
github.com/alltomatos/watinkdev/business/internal/application/usecases/distribute_ticket.go:189.26,191.19 2 0
github.com/alltomatos/watinkdev/business/internal/application/usecases/distribute_ticket.go:191.19,194.4 2 0
github.com/alltomatos/watinkdev/business/internal/application/usecases/distribute_ticket.go:197.2,197.19 1 0
github.com/alltomatos/watinkdev/business/internal/application/usecases/log_ticket_action.go:29.69,31.2 1 0
github.com/alltomatos/watinkdev/business/internal/application/usecases/log_ticket_action.go:34.98,36.26 2 0
github.com/alltomatos/watinkdev/business/internal/application/usecases/log_ticket_action.go:36.26,39.3 2 0
github.com/alltomatos/watinkdev/business/internal/application/usecases/log_ticket_action.go:41.2,45.16 3 0
github.com/alltomatos/watinkdev/business/internal/application/usecases/log_ticket_action.go:45.16,47.3 1 0
github.com/alltomatos/watinkdev/business/internal/application/usecases/log_ticket_action.go:49.2,58.56 2 0
github.com/alltomatos/watinkdev/business/internal/application/usecases/receive_message.go:55.26,62.2 1 0
github.com/alltomatos/watinkdev/business/internal/application/usecases/receive_message.go:65.121,67.22 2 0
github.com/alltomatos/watinkdev/business/internal/application/usecases/receive_message.go:67.22,69.3 1 0
github.com/alltomatos/watinkdev/business/internal/application/usecases/receive_message.go:70.2,71.18 2 0
github.com/alltomatos/watinkdev/business/internal/application/usecases/receive_message.go:71.18,73.3 1 0
github.com/alltomatos/watinkdev/business/internal/application/usecases/receive_message.go:75.2,85.16 2 0
github.com/alltomatos/watinkdev/business/internal/application/usecases/receive_message.go:85.16,87.3 1 0
github.com/alltomatos/watinkdev/business/internal/application/usecases/receive_message.go:89.2,90.16 2 0
github.com/alltomatos/watinkdev/business/internal/application/usecases/receive_message.go:90.16,92.3 1 0
github.com/alltomatos/watinkdev/business/internal/application/usecases/receive_message.go:93.2,93.19 1 0
github.com/alltomatos/watinkdev/business/internal/application/usecases/receive_message.go:93.19,101.17 2 0
github.com/alltomatos/watinkdev/business/internal/application/usecases/receive_message.go:101.17,103.4 1 0
github.com/alltomatos/watinkdev/business/internal/application/usecases/receive_message.go:104.8,104.44 1 0
github.com/alltomatos/watinkdev/business/internal/application/usecases/receive_message.go:104.44,105.109 1 0
github.com/alltomatos/watinkdev/business/internal/application/usecases/receive_message.go:105.109,107.4 1 0
github.com/alltomatos/watinkdev/business/internal/application/usecases/receive_message.go:108.3,108.33 1 0
github.com/alltomatos/watinkdev/business/internal/application/usecases/receive_message.go:111.2,121.21 3 0
github.com/alltomatos/watinkdev/business/internal/application/usecases/receive_message.go:121.21,123.3 1 0
github.com/alltomatos/watinkdev/business/internal/application/usecases/receive_message.go:125.2,126.48 2 0
github.com/alltomatos/watinkdev/business/internal/application/usecases/receive_message.go:126.48,128.3 1 0
github.com/alltomatos/watinkdev/business/internal/application/usecases/receive_message.go:130.2,145.29 2 0
github.com/alltomatos/watinkdev/business/internal/application/usecases/receive_message.go:145.29,147.17 2 0
github.com/alltomatos/watinkdev/business/internal/application/usecases/receive_message.go:147.17,149.4 1 0
github.com/alltomatos/watinkdev/business/internal/application/usecases/receive_message.go:150.3,150.13 1 0
github.com/alltomatos/watinkdev/business/internal/application/usecases/receive_message.go:150.13,152.4 1 0
github.com/alltomatos/watinkdev/business/internal/application/usecases/receive_message.go:155.2,155.67 1 0
github.com/alltomatos/watinkdev/business/internal/application/usecases/receive_message.go:155.67,157.3 1 0
github.com/alltomatos/watinkdev/business/internal/application/usecases/receive_message.go:159.2,160.19 2 0
github.com/alltomatos/watinkdev/business/internal/application/usecases/receive_message.go:160.19,163.3 2 0
github.com/alltomatos/watinkdev/business/internal/application/usecases/receive_message.go:164.2,164.67 1 0
github.com/alltomatos/watinkdev/business/internal/application/usecases/receive_message.go:164.67,166.3 1 0
github.com/alltomatos/watinkdev/business/internal/application/usecases/receive_message.go:167.2,176.8 4 0
github.com/alltomatos/watinkdev/business/internal/application/usecases/receive_message.go:179.35,180.15 1 0
github.com/alltomatos/watinkdev/business/internal/application/usecases/receive_message.go:180.15,182.3 1 0
github.com/alltomatos/watinkdev/business/internal/application/usecases/receive_message.go:183.2,185.13 3 0
github.com/alltomatos/watinkdev/business/internal/application/usecases/update_ticket.go:35.24,42.2 1 0
github.com/alltomatos/watinkdev/business/internal/application/usecases/update_ticket.go:45.110,47.16 2 0
github.com/alltomatos/watinkdev/business/internal/application/usecases/update_ticket.go:47.16,49.3 1 0
github.com/alltomatos/watinkdev/business/internal/application/usecases/update_ticket.go:50.2,50.19 1 0
github.com/alltomatos/watinkdev/business/internal/application/usecases/update_ticket.go:50.19,52.3 1 0
github.com/alltomatos/watinkdev/business/internal/application/usecases/update_ticket.go:54.2,60.24 5 0
github.com/alltomatos/watinkdev/business/internal/application/usecases/update_ticket.go:60.24,62.3 1 0
github.com/alltomatos/watinkdev/business/internal/application/usecases/update_ticket.go:63.2,63.25 1 0
github.com/alltomatos/watinkdev/business/internal/application/usecases/update_ticket.go:63.25,65.3 1 0
github.com/alltomatos/watinkdev/business/internal/application/usecases/update_ticket.go:66.2,66.26 1 0
github.com/alltomatos/watinkdev/business/internal/application/usecases/update_ticket.go:66.26,68.3 1 0
github.com/alltomatos/watinkdev/business/internal/application/usecases/update_ticket.go:70.2,70.22 1 0
github.com/alltomatos/watinkdev/business/internal/application/usecases/update_ticket.go:70.22,72.3 1 0
github.com/alltomatos/watinkdev/business/internal/application/usecases/update_ticket.go:74.2,74.66 1 0
github.com/alltomatos/watinkdev/business/internal/application/usecases/update_ticket.go:74.66,76.3 1 0
github.com/alltomatos/watinkdev/business/internal/application/usecases/update_ticket.go:79.2,80.16 2 0
github.com/alltomatos/watinkdev/business/internal/application/usecases/update_ticket.go:80.16,82.3 1 0
github.com/alltomatos/watinkdev/business/internal/application/usecases/update_ticket.go:87.2,87.76 1 0
github.com/alltomatos/watinkdev/business/internal/application/usecases/update_ticket.go:87.76,95.3 1 0
github.com/alltomatos/watinkdev/business/internal/application/usecases/update_ticket.go:96.2,96.105 1 0
github.com/alltomatos/watinkdev/business/internal/application/usecases/update_ticket.go:96.105,104.3 1 0
github.com/alltomatos/watinkdev/business/internal/application/usecases/update_ticket.go:105.2,105.101 1 0
github.com/alltomatos/watinkdev/business/internal/application/usecases/update_ticket.go:105.101,113.3 1 0
github.com/alltomatos/watinkdev/business/internal/application/usecases/update_ticket.go:116.2,116.106 1 0
github.com/alltomatos/watinkdev/business/internal/application/usecases/update_ticket.go:116.106,117.13 1 0
github.com/alltomatos/watinkdev/business/internal/application/usecases/update_ticket.go:117.13,119.4 1 0
github.com/alltomatos/watinkdev/business/internal/application/usecases/update_ticket.go:123.2,123.53 1 0
github.com/alltomatos/watinkdev/business/internal/application/usecases/update_ticket.go:123.53,125.3 1 0
github.com/alltomatos/watinkdev/business/internal/application/usecases/update_ticket.go:127.2,127.20 1 0
