mode: set
github.com/alltomatos/watinkdev/business/internal/application/container.go:37.144,38.15 1 0
github.com/alltomatos/watinkdev/business/internal/application/container.go:38.15,40.3 1 0
github.com/alltomatos/watinkdev/business/internal/application/container.go:41.2,83.3 21 0
github.com/alltomatos/watinkdev/business/internal/application/event_bus.go:18.46,22.2 1 1
github.com/alltomatos/watinkdev/business/internal/application/event_bus.go:25.89,30.9 4 1
github.com/alltomatos/watinkdev/business/internal/application/event_bus.go:30.9,32.3 1 1
github.com/alltomatos/watinkdev/business/internal/application/event_bus.go:34.2,34.35 1 1
github.com/alltomatos/watinkdev/business/internal/application/event_bus.go:34.35,35.34 1 1
github.com/alltomatos/watinkdev/business/internal/application/event_bus.go:35.34,36.40 1 1
github.com/alltomatos/watinkdev/business/internal/application/event_bus.go:36.40,38.5 1 1
github.com/alltomatos/watinkdev/business/internal/application/event_bus.go:42.2,42.12 1 1
github.com/alltomatos/watinkdev/business/internal/application/event_bus.go:46.91,52.2 4 1
github.com/alltomatos/watinkdev/business/internal/domain/events.go:17.51,17.78 1 1
github.com/alltomatos/watinkdev/business/internal/domain/events.go:18.51,18.72 1 1
github.com/alltomatos/watinkdev/business/internal/domain/events.go:20.91,22.2 1 1
github.com/alltomatos/watinkdev/business/internal/domain/events.go:30.52,30.80 1 1
github.com/alltomatos/watinkdev/business/internal/domain/events.go:31.52,31.73 1 1
github.com/alltomatos/watinkdev/business/internal/domain/events.go:33.103,35.2 1 1
github.com/alltomatos/watinkdev/business/internal/domain/events.go:44.56,44.88 1 1
github.com/alltomatos/watinkdev/business/internal/domain/events.go:45.56,45.77 1 1
github.com/alltomatos/watinkdev/business/internal/domain/events.go:47.122,49.2 1 1
github.com/alltomatos/watinkdev/business/internal/domain/events.go:56.51,56.78 1 1
github.com/alltomatos/watinkdev/business/internal/domain/events.go:57.51,57.72 1 1
github.com/alltomatos/watinkdev/business/internal/domain/events.go:59.84,61.2 1 1
github.com/alltomatos/watinkdev/business/internal/domain/events.go:69.57,69.90 1 1
github.com/alltomatos/watinkdev/business/internal/domain/events.go:70.57,70.78 1 1
github.com/alltomatos/watinkdev/business/internal/domain/events.go:72.111,74.2 1 1
github.com/alltomatos/watinkdev/business/internal/domain/models.go:100.52,103.2 2 1
github.com/alltomatos/watinkdev/business/internal/domain/redis.go:41.71,43.16 2 0
github.com/alltomatos/watinkdev/business/internal/domain/redis.go:43.16,45.3 1 0
github.com/alltomatos/watinkdev/business/internal/domain/redis.go:47.2,49.64 2 0
github.com/alltomatos/watinkdev/business/internal/domain/redis.go:49.64,51.3 1 0
github.com/alltomatos/watinkdev/business/internal/domain/redis.go:53.2,53.47 1 0
github.com/alltomatos/watinkdev/business/internal/domain/redis.go:57.103,59.2 1 0
github.com/alltomatos/watinkdev/business/internal/domain/redis.go:62.55,64.2 1 0
github.com/alltomatos/watinkdev/business/internal/domain/redis.go:67.90,69.2 1 0
github.com/alltomatos/watinkdev/business/internal/domain/redis.go:72.101,74.2 1 0
github.com/alltomatos/watinkdev/business/internal/domain/redis.go:77.61,79.2 1 0
github.com/alltomatos/watinkdev/business/internal/application/usecases/distribute_ticket.go:26.28,34.2 1 1
github.com/alltomatos/watinkdev/business/internal/application/usecases/distribute_ticket.go:36.118,38.16 2 1
github.com/alltomatos/watinkdev/business/internal/application/usecases/distribute_ticket.go:38.16,40.3 1 1
github.com/alltomatos/watinkdev/business/internal/application/usecases/distribute_ticket.go:41.2,41.18 1 1
github.com/alltomatos/watinkdev/business/internal/application/usecases/distribute_ticket.go:41.18,43.3 1 1
github.com/alltomatos/watinkdev/business/internal/application/usecases/distribute_ticket.go:45.2,46.16 2 1
github.com/alltomatos/watinkdev/business/internal/application/usecases/distribute_ticket.go:46.16,48.3 1 1
github.com/alltomatos/watinkdev/business/internal/application/usecases/distribute_ticket.go:49.2,49.19 1 1
github.com/alltomatos/watinkdev/business/internal/application/usecases/distribute_ticket.go:49.19,51.3 1 1
github.com/alltomatos/watinkdev/business/internal/application/usecases/distribute_ticket.go:53.2,56.28 2 1
github.com/alltomatos/watinkdev/business/internal/application/usecases/distribute_ticket.go:56.28,58.66 2 0
github.com/alltomatos/watinkdev/business/internal/application/usecases/distribute_ticket.go:58.66,60.29 2 0
github.com/alltomatos/watinkdev/business/internal/application/usecases/distribute_ticket.go:60.29,62.5 1 0
github.com/alltomatos/watinkdev/business/internal/application/usecases/distribute_ticket.go:67.2,67.44 1 1
github.com/alltomatos/watinkdev/business/internal/application/usecases/distribute_ticket.go:67.44,70.3 2 1
github.com/alltomatos/watinkdev/business/internal/application/usecases/distribute_ticket.go:72.2,73.16 2 0
github.com/alltomatos/watinkdev/business/internal/application/usecases/distribute_ticket.go:73.16,75.3 1 0
github.com/alltomatos/watinkdev/business/internal/application/usecases/distribute_ticket.go:76.2,76.21 1 0
github.com/alltomatos/watinkdev/business/internal/application/usecases/distribute_ticket.go:76.21,79.3 2 0
github.com/alltomatos/watinkdev/business/internal/application/usecases/distribute_ticket.go:81.2,82.18 2 0
github.com/alltomatos/watinkdev/business/internal/application/usecases/distribute_ticket.go:83.26,85.17 2 0
github.com/alltomatos/watinkdev/business/internal/application/usecases/distribute_ticket.go:85.17,87.4 1 0
github.com/alltomatos/watinkdev/business/internal/application/usecases/distribute_ticket.go:88.23,90.17 2 0
github.com/alltomatos/watinkdev/business/internal/application/usecases/distribute_ticket.go:90.17,92.4 1 0
github.com/alltomatos/watinkdev/business/internal/application/usecases/distribute_ticket.go:93.10,94.13 1 0
github.com/alltomatos/watinkdev/business/internal/application/usecases/distribute_ticket.go:97.2,97.25 1 0
github.com/alltomatos/watinkdev/business/internal/application/usecases/distribute_ticket.go:97.25,99.3 1 0
github.com/alltomatos/watinkdev/business/internal/application/usecases/distribute_ticket.go:100.2,100.12 1 0
github.com/alltomatos/watinkdev/business/internal/application/usecases/distribute_ticket.go:103.148,105.66 2 0
github.com/alltomatos/watinkdev/business/internal/application/usecases/distribute_ticket.go:105.66,107.3 1 0
github.com/alltomatos/watinkdev/business/internal/application/usecases/distribute_ticket.go:108.2,110.12 3 0
github.com/alltomatos/watinkdev/business/internal/application/usecases/distribute_ticket.go:113.135,115.35 2 0
github.com/alltomatos/watinkdev/business/internal/application/usecases/distribute_ticket.go:115.35,117.3 1 0
github.com/alltomatos/watinkdev/business/internal/application/usecases/distribute_ticket.go:119.2,120.26 2 0
github.com/alltomatos/watinkdev/business/internal/application/usecases/distribute_ticket.go:120.26,121.25 1 0
github.com/alltomatos/watinkdev/business/internal/application/usecases/distribute_ticket.go:121.25,123.9 2 0
github.com/alltomatos/watinkdev/business/internal/application/usecases/distribute_ticket.go:126.2,126.46 1 0
github.com/alltomatos/watinkdev/business/internal/application/usecases/distribute_ticket.go:129.120,131.26 2 0
github.com/alltomatos/watinkdev/business/internal/application/usecases/distribute_ticket.go:131.26,133.3 1 0
github.com/alltomatos/watinkdev/business/internal/application/usecases/distribute_ticket.go:135.2,136.16 2 0
github.com/alltomatos/watinkdev/business/internal/application/usecases/distribute_ticket.go:136.16,138.3 1 0
github.com/alltomatos/watinkdev/business/internal/application/usecases/distribute_ticket.go:140.2,142.26 3 0
github.com/alltomatos/watinkdev/business/internal/application/usecases/distribute_ticket.go:142.26,143.38 1 0
github.com/alltomatos/watinkdev/business/internal/application/usecases/distribute_ticket.go:143.38,146.4 2 0
github.com/alltomatos/watinkdev/business/internal/application/usecases/distribute_ticket.go:148.2,148.24 1 0
github.com/alltomatos/watinkdev/business/internal/application/usecases/log_ticket_action.go:26.134,28.2 1 1
github.com/alltomatos/watinkdev/business/internal/application/usecases/log_ticket_action.go:30.98,32.26 2 0
github.com/alltomatos/watinkdev/business/internal/application/usecases/log_ticket_action.go:32.26,35.3 2 0
github.com/alltomatos/watinkdev/business/internal/application/usecases/log_ticket_action.go:37.2,38.16 2 0
github.com/alltomatos/watinkdev/business/internal/application/usecases/log_ticket_action.go:38.16,40.3 1 0
github.com/alltomatos/watinkdev/business/internal/application/usecases/log_ticket_action.go:41.2,41.19 1 0
github.com/alltomatos/watinkdev/business/internal/application/usecases/log_ticket_action.go:41.19,43.3 1 0
github.com/alltomatos/watinkdev/business/internal/application/usecases/log_ticket_action.go:45.2,54.48 2 0
github.com/alltomatos/watinkdev/business/internal/application/usecases/receive_message.go:55.26,62.2 1 1
github.com/alltomatos/watinkdev/business/internal/application/usecases/receive_message.go:65.121,67.22 2 1
github.com/alltomatos/watinkdev/business/internal/application/usecases/receive_message.go:67.22,69.3 1 1
github.com/alltomatos/watinkdev/business/internal/application/usecases/receive_message.go:70.2,71.18 2 1
github.com/alltomatos/watinkdev/business/internal/application/usecases/receive_message.go:71.18,73.3 1 1
github.com/alltomatos/watinkdev/business/internal/application/usecases/receive_message.go:75.2,85.16 2 1
github.com/alltomatos/watinkdev/business/internal/application/usecases/receive_message.go:85.16,87.3 1 1
github.com/alltomatos/watinkdev/business/internal/application/usecases/receive_message.go:89.2,90.16 2 1
github.com/alltomatos/watinkdev/business/internal/application/usecases/receive_message.go:90.16,92.3 1 1
github.com/alltomatos/watinkdev/business/internal/application/usecases/receive_message.go:93.2,93.19 1 1
github.com/alltomatos/watinkdev/business/internal/application/usecases/receive_message.go:93.19,101.17 2 1
github.com/alltomatos/watinkdev/business/internal/application/usecases/receive_message.go:101.17,103.4 1 0
github.com/alltomatos/watinkdev/business/internal/application/usecases/receive_message.go:104.8,104.44 1 1
github.com/alltomatos/watinkdev/business/internal/application/usecases/receive_message.go:104.44,105.109 1 0
github.com/alltomatos/watinkdev/business/internal/application/usecases/receive_message.go:105.109,107.4 1 0
github.com/alltomatos/watinkdev/business/internal/application/usecases/receive_message.go:108.3,108.33 1 0
github.com/alltomatos/watinkdev/business/internal/application/usecases/receive_message.go:111.2,121.21 3 1
github.com/alltomatos/watinkdev/business/internal/application/usecases/receive_message.go:121.21,123.3 1 0
github.com/alltomatos/watinkdev/business/internal/application/usecases/receive_message.go:125.2,126.48 2 1
github.com/alltomatos/watinkdev/business/internal/application/usecases/receive_message.go:126.48,128.3 1 0
github.com/alltomatos/watinkdev/business/internal/application/usecases/receive_message.go:130.2,145.29 2 1
github.com/alltomatos/watinkdev/business/internal/application/usecases/receive_message.go:145.29,147.17 2 1
github.com/alltomatos/watinkdev/business/internal/application/usecases/receive_message.go:147.17,149.4 1 0
github.com/alltomatos/watinkdev/business/internal/application/usecases/receive_message.go:150.3,150.13 1 1
github.com/alltomatos/watinkdev/business/internal/application/usecases/receive_message.go:150.13,152.4 1 1
github.com/alltomatos/watinkdev/business/internal/application/usecases/receive_message.go:155.2,155.67 1 1
github.com/alltomatos/watinkdev/business/internal/application/usecases/receive_message.go:155.67,157.3 1 1
github.com/alltomatos/watinkdev/business/internal/application/usecases/receive_message.go:159.2,160.19 2 1
github.com/alltomatos/watinkdev/business/internal/application/usecases/receive_message.go:160.19,163.3 2 1
github.com/alltomatos/watinkdev/business/internal/application/usecases/receive_message.go:164.2,164.67 1 1
github.com/alltomatos/watinkdev/business/internal/application/usecases/receive_message.go:164.67,166.3 1 0
github.com/alltomatos/watinkdev/business/internal/application/usecases/receive_message.go:167.2,176.8 4 1
github.com/alltomatos/watinkdev/business/internal/application/usecases/receive_message.go:179.35,180.15 1 1
github.com/alltomatos/watinkdev/business/internal/application/usecases/receive_message.go:180.15,182.3 1 1
github.com/alltomatos/watinkdev/business/internal/application/usecases/receive_message.go:183.2,185.13 3 1
github.com/alltomatos/watinkdev/business/internal/application/usecases/update_ticket.go:35.24,42.2 1 1
github.com/alltomatos/watinkdev/business/internal/application/usecases/update_ticket.go:45.110,47.16 2 1
github.com/alltomatos/watinkdev/business/internal/application/usecases/update_ticket.go:47.16,49.3 1 1
github.com/alltomatos/watinkdev/business/internal/application/usecases/update_ticket.go:50.2,50.19 1 1
github.com/alltomatos/watinkdev/business/internal/application/usecases/update_ticket.go:50.19,52.3 1 1
github.com/alltomatos/watinkdev/business/internal/application/usecases/update_ticket.go:54.2,60.24 5 1
github.com/alltomatos/watinkdev/business/internal/application/usecases/update_ticket.go:60.24,62.3 1 1
github.com/alltomatos/watinkdev/business/internal/application/usecases/update_ticket.go:63.2,63.25 1 1
github.com/alltomatos/watinkdev/business/internal/application/usecases/update_ticket.go:63.25,65.3 1 1
github.com/alltomatos/watinkdev/business/internal/application/usecases/update_ticket.go:66.2,66.26 1 1
github.com/alltomatos/watinkdev/business/internal/application/usecases/update_ticket.go:66.26,68.3 1 0
github.com/alltomatos/watinkdev/business/internal/application/usecases/update_ticket.go:70.2,70.22 1 1
github.com/alltomatos/watinkdev/business/internal/application/usecases/update_ticket.go:70.22,72.3 1 1
github.com/alltomatos/watinkdev/business/internal/application/usecases/update_ticket.go:74.2,74.66 1 1
github.com/alltomatos/watinkdev/business/internal/application/usecases/update_ticket.go:74.66,76.3 1 1
github.com/alltomatos/watinkdev/business/internal/application/usecases/update_ticket.go:79.2,80.16 2 1
github.com/alltomatos/watinkdev/business/internal/application/usecases/update_ticket.go:80.16,82.3 1 0
github.com/alltomatos/watinkdev/business/internal/application/usecases/update_ticket.go:87.2,87.76 1 1
github.com/alltomatos/watinkdev/business/internal/application/usecases/update_ticket.go:87.76,95.3 1 0
github.com/alltomatos/watinkdev/business/internal/application/usecases/update_ticket.go:96.2,96.105 1 1
github.com/alltomatos/watinkdev/business/internal/application/usecases/update_ticket.go:96.105,104.3 1 0
github.com/alltomatos/watinkdev/business/internal/application/usecases/update_ticket.go:105.2,105.101 1 1
github.com/alltomatos/watinkdev/business/internal/application/usecases/update_ticket.go:105.101,113.3 1 0
github.com/alltomatos/watinkdev/business/internal/application/usecases/update_ticket.go:116.2,116.106 1 1
github.com/alltomatos/watinkdev/business/internal/application/usecases/update_ticket.go:116.106,117.13 1 0
github.com/alltomatos/watinkdev/business/internal/application/usecases/update_ticket.go:117.13,119.4 1 0
github.com/alltomatos/watinkdev/business/internal/application/usecases/update_ticket.go:123.2,123.53 1 1
github.com/alltomatos/watinkdev/business/internal/application/usecases/update_ticket.go:123.53,125.3 1 1
github.com/alltomatos/watinkdev/business/internal/application/usecases/update_ticket.go:127.2,127.20 1 1
github.com/alltomatos/watinkdev/business/internal/flow/worker.go:25.45,27.2 1 1
github.com/alltomatos/watinkdev/business/internal/flow/worker.go:29.69,33.2 1 0
github.com/alltomatos/watinkdev/business/internal/flow/worker.go:35.88,36.17 1 0
github.com/alltomatos/watinkdev/business/internal/flow/worker.go:36.17,38.3 1 0
github.com/alltomatos/watinkdev/business/internal/flow/worker.go:40.2,50.22 4 0
github.com/alltomatos/watinkdev/business/internal/flow/worker.go:50.22,53.3 1 0
github.com/alltomatos/watinkdev/business/internal/middleware/auth.go:16.42,17.30 1 1
github.com/alltomatos/watinkdev/business/internal/middleware/auth.go:17.30,19.23 2 1
github.com/alltomatos/watinkdev/business/internal/middleware/auth.go:19.23,23.4 3 1
github.com/alltomatos/watinkdev/business/internal/middleware/auth.go:24.3,25.46 2 0
github.com/alltomatos/watinkdev/business/internal/middleware/auth.go:25.46,29.4 3 0
github.com/alltomatos/watinkdev/business/internal/middleware/auth.go:31.3,33.19 3 0
github.com/alltomatos/watinkdev/business/internal/middleware/auth.go:33.19,37.4 3 0
github.com/alltomatos/watinkdev/business/internal/middleware/auth.go:39.3,39.84 1 0
github.com/alltomatos/watinkdev/business/internal/middleware/auth.go:39.84,40.59 1 0
github.com/alltomatos/watinkdev/business/internal/middleware/auth.go:40.59,42.5 1 0
github.com/alltomatos/watinkdev/business/internal/middleware/auth.go:43.4,43.30 1 0
github.com/alltomatos/watinkdev/business/internal/middleware/auth.go:46.3,46.33 1 0
github.com/alltomatos/watinkdev/business/internal/middleware/auth.go:46.33,50.4 3 0
github.com/alltomatos/watinkdev/business/internal/middleware/auth.go:52.3,53.10 2 0
github.com/alltomatos/watinkdev/business/internal/middleware/auth.go:53.10,57.4 3 0
github.com/alltomatos/watinkdev/business/internal/middleware/auth.go:59.3,62.49 2 0
github.com/alltomatos/watinkdev/business/internal/middleware/auth.go:62.49,66.4 3 0
github.com/alltomatos/watinkdev/business/internal/middleware/auth.go:68.3,77.11 8 0
github.com/alltomatos/watinkdev/business/internal/middleware/auth.go:84.39,85.30 1 1
github.com/alltomatos/watinkdev/business/internal/middleware/auth.go:85.30,88.40 3 1
github.com/alltomatos/watinkdev/business/internal/middleware/auth.go:88.40,92.4 3 1
github.com/alltomatos/watinkdev/business/internal/middleware/auth.go:93.3,93.11 1 1
github.com/alltomatos/watinkdev/business/internal/middleware/cors.go:9.39,10.30 1 1
github.com/alltomatos/watinkdev/business/internal/middleware/cors.go:10.30,20.36 6 1
github.com/alltomatos/watinkdev/business/internal/middleware/cors.go:20.36,23.4 2 1
github.com/alltomatos/watinkdev/business/internal/middleware/cors.go:25.3,25.11 1 1
github.com/alltomatos/watinkdev/business/internal/middleware/observability.go:12.48,13.30 1 1
github.com/alltomatos/watinkdev/business/internal/middleware/observability.go:13.30,16.17 3 1
github.com/alltomatos/watinkdev/business/internal/middleware/observability.go:16.17,18.4 1 1
github.com/alltomatos/watinkdev/business/internal/middleware/observability.go:20.3,35.4 7 1
github.com/alltomatos/watinkdev/business/internal/middleware/tenant.go:15.41,16.30 1 1
github.com/alltomatos/watinkdev/business/internal/middleware/tenant.go:16.30,20.39 1 1
github.com/alltomatos/watinkdev/business/internal/middleware/tenant.go:20.39,26.4 3 1
github.com/alltomatos/watinkdev/business/internal/middleware/tenant.go:30.3,30.46 1 1
github.com/alltomatos/watinkdev/business/internal/middleware/tenant.go:30.46,36.4 3 1
github.com/alltomatos/watinkdev/business/internal/middleware/tenant.go:38.3,38.11 1 1
github.com/alltomatos/watinkdev/business/internal/plugins/clientes.go:15.60,23.2 1 1
github.com/alltomatos/watinkdev/business/internal/plugins/clientes.go:25.64,27.2 1 0
github.com/alltomatos/watinkdev/business/internal/plugins/clientes.go:29.65,31.62 1 1
github.com/alltomatos/watinkdev/business/internal/plugins/clientes.go:31.62,33.17 2 0
github.com/alltomatos/watinkdev/business/internal/plugins/clientes.go:33.17,36.4 2 0
github.com/alltomatos/watinkdev/business/internal/plugins/clientes.go:37.3,40.33 4 0
github.com/alltomatos/watinkdev/business/internal/plugins/clientes.go:44.2,44.63 1 1
github.com/alltomatos/watinkdev/business/internal/plugins/clientes.go:44.63,46.17 2 0
github.com/alltomatos/watinkdev/business/internal/plugins/clientes.go:46.17,49.4 2 0
github.com/alltomatos/watinkdev/business/internal/plugins/clientes.go:50.3,52.51 3 0
github.com/alltomatos/watinkdev/business/internal/plugins/clientes.go:52.51,55.4 2 0
github.com/alltomatos/watinkdev/business/internal/plugins/clientes.go:57.3,59.37 3 0
github.com/alltomatos/watinkdev/business/internal/plugins/clientes.go:62.2,62.12 1 1
github.com/alltomatos/watinkdev/business/internal/plugins/clientes.go:65.67,67.2 1 1
github.com/alltomatos/watinkdev/business/internal/plugins/helpdesk.go:23.60,31.2 1 1
github.com/alltomatos/watinkdev/business/internal/plugins/helpdesk.go:33.64,35.2 1 0
github.com/alltomatos/watinkdev/business/internal/plugins/helpdesk.go:37.65,38.72 1 1
github.com/alltomatos/watinkdev/business/internal/plugins/helpdesk.go:38.72,40.17 2 0
github.com/alltomatos/watinkdev/business/internal/plugins/helpdesk.go:40.17,43.4 2 0
github.com/alltomatos/watinkdev/business/internal/plugins/helpdesk.go:44.3,46.35 3 0
github.com/alltomatos/watinkdev/business/internal/plugins/helpdesk.go:48.2,48.12 1 1
github.com/alltomatos/watinkdev/business/internal/plugins/helpdesk.go:51.67,53.2 1 1
github.com/alltomatos/watinkdev/business/internal/plugins/manager.go:24.37,26.2 1 1
github.com/alltomatos/watinkdev/business/internal/plugins/manager.go:28.49,30.2 1 1
github.com/alltomatos/watinkdev/business/internal/plugins/manager.go:32.87,33.55 1 1
github.com/alltomatos/watinkdev/business/internal/plugins/manager.go:33.55,35.34 2 0
github.com/alltomatos/watinkdev/business/internal/plugins/manager.go:35.34,39.4 3 0
github.com/alltomatos/watinkdev/business/internal/plugins/manager.go:40.3,40.54 1 0
github.com/alltomatos/watinkdev/business/internal/plugins/manager.go:40.54,44.4 3 0
github.com/alltomatos/watinkdev/business/internal/plugins/manager.go:45.3,45.15 1 0
github.com/alltomatos/watinkdev/business/internal/plugins/manager.go:49.85,49.86 0 1
github.com/alltomatos/watinkdev/business/internal/plugins/manager.go:51.76,59.2 1 1
github.com/alltomatos/watinkdev/business/internal/plugins/manager.go:61.55,65.38 4 1
github.com/alltomatos/watinkdev/business/internal/plugins/manager.go:65.38,68.3 2 0
github.com/alltomatos/watinkdev/business/internal/plugins/manager.go:69.2,75.49 3 1
github.com/alltomatos/watinkdev/business/internal/plugins/manager.go:75.49,78.3 2 0
github.com/alltomatos/watinkdev/business/internal/plugins/manager.go:79.2,79.31 1 1
github.com/alltomatos/watinkdev/business/internal/plugins/manager.go:82.62,86.31 4 1
github.com/alltomatos/watinkdev/business/internal/plugins/manager.go:86.31,88.3 1 1
github.com/alltomatos/watinkdev/business/internal/plugins/manager.go:89.2,89.18 1 1
github.com/alltomatos/watinkdev/business/internal/plugins/saas.go:15.56,23.2 1 1
github.com/alltomatos/watinkdev/business/internal/plugins/saas.go:25.60,27.2 1 1
github.com/alltomatos/watinkdev/business/internal/plugins/saas.go:29.61,31.74 1 0
github.com/alltomatos/watinkdev/business/internal/plugins/saas.go:31.74,36.3 4 0
github.com/alltomatos/watinkdev/business/internal/plugins/saas.go:39.2,39.75 1 0
github.com/alltomatos/watinkdev/business/internal/plugins/saas.go:39.75,42.51 3 0
github.com/alltomatos/watinkdev/business/internal/plugins/saas.go:42.51,45.4 2 0
github.com/alltomatos/watinkdev/business/internal/plugins/saas.go:46.3,47.37 2 0
github.com/alltomatos/watinkdev/business/internal/plugins/saas.go:50.2,50.12 1 0
github.com/alltomatos/watinkdev/business/internal/plugins/saas.go:53.63,55.2 1 1
github.com/alltomatos/watinkdev/business/internal/plugins/webchat.go:15.59,23.2 1 1
github.com/alltomatos/watinkdev/business/internal/plugins/webchat.go:25.63,28.2 1 0
github.com/alltomatos/watinkdev/business/internal/plugins/webchat.go:30.64,32.73 1 0
github.com/alltomatos/watinkdev/business/internal/plugins/webchat.go:32.73,36.63 4 0
github.com/alltomatos/watinkdev/business/internal/plugins/webchat.go:36.63,39.4 2 0
github.com/alltomatos/watinkdev/business/internal/plugins/webchat.go:41.3,45.5 1 0
github.com/alltomatos/watinkdev/business/internal/plugins/webchat.go:49.2,49.82 1 0
github.com/alltomatos/watinkdev/business/internal/plugins/webchat.go:49.82,58.49 4 0
github.com/alltomatos/watinkdev/business/internal/plugins/webchat.go:58.49,61.4 2 0
github.com/alltomatos/watinkdev/business/internal/plugins/webchat.go:63.3,64.63 2 0
github.com/alltomatos/watinkdev/business/internal/plugins/webchat.go:64.63,67.4 2 0
github.com/alltomatos/watinkdev/business/internal/plugins/webchat.go:70.3,72.23 3 0
github.com/alltomatos/watinkdev/business/internal/plugins/webchat.go:72.23,74.20 2 0
github.com/alltomatos/watinkdev/business/internal/plugins/webchat.go:74.20,76.5 1 0
github.com/alltomatos/watinkdev/business/internal/plugins/webchat.go:77.4,83.23 2 0
github.com/alltomatos/watinkdev/business/internal/plugins/webchat.go:87.3,89.21 3 0
github.com/alltomatos/watinkdev/business/internal/plugins/webchat.go:89.21,97.4 2 0
github.com/alltomatos/watinkdev/business/internal/plugins/webchat.go:102.3,105.5 1 0
github.com/alltomatos/watinkdev/business/internal/plugins/webchat.go:108.2,108.12 1 0
github.com/alltomatos/watinkdev/business/internal/plugins/webchat.go:111.66,113.2 1 1
github.com/alltomatos/watinkdev/business/internal/infrastructure/repository/gorm_channel_session_repo.go:22.75,24.2 1 0
github.com/alltomatos/watinkdev/business/internal/infrastructure/repository/gorm_channel_session_repo.go:28.130,33.16 3 0
github.com/alltomatos/watinkdev/business/internal/infrastructure/repository/gorm_channel_session_repo.go:33.16,34.45 1 0
github.com/alltomatos/watinkdev/business/internal/infrastructure/repository/gorm_channel_session_repo.go:34.45,36.4 1 0
github.com/alltomatos/watinkdev/business/internal/infrastructure/repository/gorm_channel_session_repo.go:37.3,37.18 1 0
github.com/alltomatos/watinkdev/business/internal/infrastructure/repository/gorm_channel_session_repo.go:39.2,39.39 1 0
github.com/alltomatos/watinkdev/business/internal/infrastructure/repository/gorm_channel_session_repo.go:44.130,50.16 3 0
github.com/alltomatos/watinkdev/business/internal/infrastructure/repository/gorm_channel_session_repo.go:50.16,51.45 1 0
github.com/alltomatos/watinkdev/business/internal/infrastructure/repository/gorm_channel_session_repo.go:51.45,53.4 1 0
github.com/alltomatos/watinkdev/business/internal/infrastructure/repository/gorm_channel_session_repo.go:54.3,54.18 1 0
github.com/alltomatos/watinkdev/business/internal/infrastructure/repository/gorm_channel_session_repo.go:56.2,56.16 1 0
github.com/alltomatos/watinkdev/business/internal/infrastructure/repository/gorm_channel_session_repo.go:60.122,65.16 3 0
github.com/alltomatos/watinkdev/business/internal/infrastructure/repository/gorm_channel_session_repo.go:65.16,67.3 1 0
github.com/alltomatos/watinkdev/business/internal/infrastructure/repository/gorm_channel_session_repo.go:68.2,69.20 2 0
github.com/alltomatos/watinkdev/business/internal/infrastructure/repository/gorm_channel_session_repo.go:69.20,71.3 1 0
github.com/alltomatos/watinkdev/business/internal/infrastructure/repository/gorm_channel_session_repo.go:72.2,72.22 1 0
github.com/alltomatos/watinkdev/business/internal/infrastructure/repository/gorm_channel_session_repo.go:76.106,79.2 2 0
github.com/alltomatos/watinkdev/business/internal/infrastructure/repository/gorm_channel_session_repo.go:82.137,87.2 1 0
github.com/alltomatos/watinkdev/business/internal/infrastructure/repository/gorm_channel_session_repo.go:90.102,94.2 1 0
github.com/alltomatos/watinkdev/business/internal/infrastructure/repository/gorm_channel_session_repo.go:97.104,102.2 1 0
github.com/alltomatos/watinkdev/business/internal/infrastructure/repository/gorm_channel_session_repo.go:105.115,106.67 1 0
github.com/alltomatos/watinkdev/business/internal/infrastructure/repository/gorm_channel_session_repo.go:106.67,109.48 1 0
github.com/alltomatos/watinkdev/business/internal/infrastructure/repository/gorm_channel_session_repo.go:109.48,111.4 1 0
github.com/alltomatos/watinkdev/business/internal/infrastructure/repository/gorm_channel_session_repo.go:113.3,115.48 1 0
github.com/alltomatos/watinkdev/business/internal/infrastructure/repository/gorm_channel_session_repo.go:115.48,117.4 1 0
github.com/alltomatos/watinkdev/business/internal/infrastructure/repository/gorm_channel_session_repo.go:119.3,121.48 1 0
github.com/alltomatos/watinkdev/business/internal/infrastructure/repository/gorm_channel_session_repo.go:121.48,123.4 1 0
github.com/alltomatos/watinkdev/business/internal/infrastructure/repository/gorm_channel_session_repo.go:125.3,125.102 1 0
github.com/alltomatos/watinkdev/business/internal/infrastructure/repository/gorm_channel_session_repo.go:125.102,127.4 1 0
github.com/alltomatos/watinkdev/business/internal/infrastructure/repository/gorm_channel_session_repo.go:129.3,130.49 1 0
github.com/alltomatos/watinkdev/business/internal/infrastructure/repository/gorm_channel_session_repo.go:130.49,132.4 1 0
github.com/alltomatos/watinkdev/business/internal/infrastructure/repository/gorm_channel_session_repo.go:134.3,134.13 1 0
github.com/alltomatos/watinkdev/business/internal/infrastructure/repository/gorm_channel_session_repo.go:140.71,164.2 1 0
github.com/alltomatos/watinkdev/business/internal/infrastructure/repository/gorm_channel_session_repo.go:166.77,190.2 1 0
github.com/alltomatos/watinkdev/business/internal/infrastructure/repository/gorm_contact_repo.go:23.61,25.2 1 0
github.com/alltomatos/watinkdev/business/internal/infrastructure/repository/gorm_contact_repo.go:30.141,35.16 3 0
github.com/alltomatos/watinkdev/business/internal/infrastructure/repository/gorm_contact_repo.go:35.16,36.45 1 0
github.com/alltomatos/watinkdev/business/internal/infrastructure/repository/gorm_contact_repo.go:36.45,38.4 1 0
github.com/alltomatos/watinkdev/business/internal/infrastructure/repository/gorm_contact_repo.go:39.3,39.18 1 0
github.com/alltomatos/watinkdev/business/internal/infrastructure/repository/gorm_contact_repo.go:41.2,41.38 1 0
github.com/alltomatos/watinkdev/business/internal/infrastructure/repository/gorm_contact_repo.go:45.135,50.16 3 0
github.com/alltomatos/watinkdev/business/internal/infrastructure/repository/gorm_contact_repo.go:50.16,51.45 1 0
github.com/alltomatos/watinkdev/business/internal/infrastructure/repository/gorm_contact_repo.go:51.45,53.4 1 0
github.com/alltomatos/watinkdev/business/internal/infrastructure/repository/gorm_contact_repo.go:54.3,54.18 1 0
github.com/alltomatos/watinkdev/business/internal/infrastructure/repository/gorm_contact_repo.go:56.2,56.38 1 0
github.com/alltomatos/watinkdev/business/internal/infrastructure/repository/gorm_contact_repo.go:61.204,64.11 3 0
github.com/alltomatos/watinkdev/business/internal/infrastructure/repository/gorm_contact_repo.go:64.11,66.3 1 0
github.com/alltomatos/watinkdev/business/internal/infrastructure/repository/gorm_contact_repo.go:66.8,68.3 1 0
github.com/alltomatos/watinkdev/business/internal/infrastructure/repository/gorm_contact_repo.go:70.2,70.46 1 0
github.com/alltomatos/watinkdev/business/internal/infrastructure/repository/gorm_contact_repo.go:70.46,71.46 1 0
github.com/alltomatos/watinkdev/business/internal/infrastructure/repository/gorm_contact_repo.go:71.46,73.4 1 0
github.com/alltomatos/watinkdev/business/internal/infrastructure/repository/gorm_contact_repo.go:75.3,82.19 2 0
github.com/alltomatos/watinkdev/business/internal/infrastructure/repository/gorm_contact_repo.go:82.19,84.4 1 0
github.com/alltomatos/watinkdev/business/internal/infrastructure/repository/gorm_contact_repo.go:85.3,85.12 1 0
github.com/alltomatos/watinkdev/business/internal/infrastructure/repository/gorm_contact_repo.go:85.12,87.4 1 0
github.com/alltomatos/watinkdev/business/internal/infrastructure/repository/gorm_contact_repo.go:88.3,88.64 1 0
github.com/alltomatos/watinkdev/business/internal/infrastructure/repository/gorm_contact_repo.go:88.64,90.4 1 0
github.com/alltomatos/watinkdev/business/internal/infrastructure/repository/gorm_contact_repo.go:91.3,91.39 1 0
github.com/alltomatos/watinkdev/business/internal/infrastructure/repository/gorm_contact_repo.go:95.2,96.60 2 0
github.com/alltomatos/watinkdev/business/internal/infrastructure/repository/gorm_contact_repo.go:96.60,98.3 1 0
github.com/alltomatos/watinkdev/business/internal/infrastructure/repository/gorm_contact_repo.go:99.2,99.50 1 0
github.com/alltomatos/watinkdev/business/internal/infrastructure/repository/gorm_contact_repo.go:99.50,101.3 1 0
github.com/alltomatos/watinkdev/business/internal/infrastructure/repository/gorm_contact_repo.go:102.2,102.27 1 0
github.com/alltomatos/watinkdev/business/internal/infrastructure/repository/gorm_contact_repo.go:102.27,104.3 1 0
github.com/alltomatos/watinkdev/business/internal/infrastructure/repository/gorm_contact_repo.go:105.2,105.22 1 0
github.com/alltomatos/watinkdev/business/internal/infrastructure/repository/gorm_contact_repo.go:105.22,106.80 1 0
github.com/alltomatos/watinkdev/business/internal/infrastructure/repository/gorm_contact_repo.go:106.80,108.4 1 0
github.com/alltomatos/watinkdev/business/internal/infrastructure/repository/gorm_contact_repo.go:110.3,110.85 1 0
github.com/alltomatos/watinkdev/business/internal/infrastructure/repository/gorm_contact_repo.go:110.85,112.4 1 0
github.com/alltomatos/watinkdev/business/internal/infrastructure/repository/gorm_contact_repo.go:114.2,114.38 1 0
github.com/alltomatos/watinkdev/business/internal/infrastructure/repository/gorm_contact_repo.go:118.116,123.16 3 0
github.com/alltomatos/watinkdev/business/internal/infrastructure/repository/gorm_contact_repo.go:123.16,124.45 1 0
github.com/alltomatos/watinkdev/business/internal/infrastructure/repository/gorm_contact_repo.go:124.45,126.4 1 0
github.com/alltomatos/watinkdev/business/internal/infrastructure/repository/gorm_contact_repo.go:127.3,127.18 1 0
github.com/alltomatos/watinkdev/business/internal/infrastructure/repository/gorm_contact_repo.go:129.2,129.38 1 0
github.com/alltomatos/watinkdev/business/internal/infrastructure/repository/gorm_contact_repo.go:133.120,136.18 3 0
github.com/alltomatos/watinkdev/business/internal/infrastructure/repository/gorm_contact_repo.go:136.18,138.3 1 0
github.com/alltomatos/watinkdev/business/internal/infrastructure/repository/gorm_contact_repo.go:139.2,139.45 1 0
github.com/alltomatos/watinkdev/business/internal/infrastructure/repository/gorm_contact_repo.go:139.45,141.3 1 0
github.com/alltomatos/watinkdev/business/internal/infrastructure/repository/gorm_contact_repo.go:142.2,143.22 2 0
github.com/alltomatos/watinkdev/business/internal/infrastructure/repository/gorm_contact_repo.go:143.22,145.3 1 0
github.com/alltomatos/watinkdev/business/internal/infrastructure/repository/gorm_contact_repo.go:146.2,146.22 1 0
github.com/alltomatos/watinkdev/business/internal/infrastructure/repository/gorm_contact_repo.go:150.95,154.2 1 0
github.com/alltomatos/watinkdev/business/internal/infrastructure/repository/gorm_contact_repo.go:157.92,160.2 2 0
github.com/alltomatos/watinkdev/business/internal/infrastructure/repository/gorm_contact_repo.go:163.123,168.2 1 0
github.com/alltomatos/watinkdev/business/internal/infrastructure/repository/gorm_contact_repo.go:172.62,186.2 1 0
github.com/alltomatos/watinkdev/business/internal/infrastructure/repository/gorm_contact_repo.go:188.62,202.2 1 0
github.com/alltomatos/watinkdev/business/internal/infrastructure/repository/gorm_message_repo.go:23.61,25.2 1 0
github.com/alltomatos/watinkdev/business/internal/infrastructure/repository/gorm_message_repo.go:30.88,33.2 2 0
github.com/alltomatos/watinkdev/business/internal/infrastructure/repository/gorm_message_repo.go:36.99,39.2 2 0
github.com/alltomatos/watinkdev/business/internal/infrastructure/repository/gorm_message_repo.go:42.119,47.16 3 0
github.com/alltomatos/watinkdev/business/internal/infrastructure/repository/gorm_message_repo.go:47.16,48.45 1 0
github.com/alltomatos/watinkdev/business/internal/infrastructure/repository/gorm_message_repo.go:48.45,50.4 1 0
github.com/alltomatos/watinkdev/business/internal/infrastructure/repository/gorm_message_repo.go:51.3,51.18 1 0
github.com/alltomatos/watinkdev/business/internal/infrastructure/repository/gorm_message_repo.go:53.2,53.38 1 0
github.com/alltomatos/watinkdev/business/internal/infrastructure/repository/gorm_message_repo.go:57.110,63.16 3 0
github.com/alltomatos/watinkdev/business/internal/infrastructure/repository/gorm_message_repo.go:63.16,65.3 1 0
github.com/alltomatos/watinkdev/business/internal/infrastructure/repository/gorm_message_repo.go:66.2,66.23 1 0
github.com/alltomatos/watinkdev/business/internal/infrastructure/repository/gorm_message_repo.go:70.119,75.2 1 0
github.com/alltomatos/watinkdev/business/internal/infrastructure/repository/gorm_message_repo.go:79.62,99.2 1 0
github.com/alltomatos/watinkdev/business/internal/infrastructure/repository/gorm_message_repo.go:101.62,121.2 1 0
github.com/alltomatos/watinkdev/business/internal/infrastructure/repository/gorm_permission_repo.go:17.67,19.2 1 0
github.com/alltomatos/watinkdev/business/internal/infrastructure/repository/gorm_permission_repo.go:21.94,23.65 2 0
github.com/alltomatos/watinkdev/business/internal/infrastructure/repository/gorm_permission_repo.go:23.65,25.3 1 0
github.com/alltomatos/watinkdev/business/internal/infrastructure/repository/gorm_permission_repo.go:26.2,26.19 1 0
github.com/alltomatos/watinkdev/business/internal/infrastructure/repository/gorm_permission_repo.go:29.107,31.87 2 0
github.com/alltomatos/watinkdev/business/internal/infrastructure/repository/gorm_permission_repo.go:31.87,33.3 1 0
github.com/alltomatos/watinkdev/business/internal/infrastructure/repository/gorm_permission_repo.go:34.2,34.19 1 0
github.com/alltomatos/watinkdev/business/internal/infrastructure/repository/gorm_queue_repo.go:19.57,21.2 1 0
github.com/alltomatos/watinkdev/business/internal/infrastructure/repository/gorm_queue_repo.go:23.112,28.16 3 0
github.com/alltomatos/watinkdev/business/internal/infrastructure/repository/gorm_queue_repo.go:28.16,29.45 1 0
github.com/alltomatos/watinkdev/business/internal/infrastructure/repository/gorm_queue_repo.go:29.45,31.4 1 0
github.com/alltomatos/watinkdev/business/internal/infrastructure/repository/gorm_queue_repo.go:32.3,32.18 1 0
github.com/alltomatos/watinkdev/business/internal/infrastructure/repository/gorm_queue_repo.go:34.2,34.36 1 0
github.com/alltomatos/watinkdev/business/internal/infrastructure/repository/gorm_queue_repo.go:37.128,43.16 3 0
github.com/alltomatos/watinkdev/business/internal/infrastructure/repository/gorm_queue_repo.go:43.16,44.45 1 0
github.com/alltomatos/watinkdev/business/internal/infrastructure/repository/gorm_queue_repo.go:44.45,46.4 1 0
github.com/alltomatos/watinkdev/business/internal/infrastructure/repository/gorm_queue_repo.go:47.3,47.18 1 0
github.com/alltomatos/watinkdev/business/internal/infrastructure/repository/gorm_queue_repo.go:49.2,49.45 1 0
github.com/alltomatos/watinkdev/business/internal/infrastructure/repository/gorm_queue_repo.go:52.104,57.16 3 0
github.com/alltomatos/watinkdev/business/internal/infrastructure/repository/gorm_queue_repo.go:57.16,59.3 1 0
github.com/alltomatos/watinkdev/business/internal/infrastructure/repository/gorm_queue_repo.go:60.2,61.22 2 0
github.com/alltomatos/watinkdev/business/internal/infrastructure/repository/gorm_queue_repo.go:61.22,63.3 1 0
github.com/alltomatos/watinkdev/business/internal/infrastructure/repository/gorm_queue_repo.go:64.2,64.20 1 0
github.com/alltomatos/watinkdev/business/internal/infrastructure/repository/gorm_queue_repo.go:67.120,74.16 3 0
github.com/alltomatos/watinkdev/business/internal/infrastructure/repository/gorm_queue_repo.go:74.16,76.3 1 0
github.com/alltomatos/watinkdev/business/internal/infrastructure/repository/gorm_queue_repo.go:77.2,78.22 2 0
github.com/alltomatos/watinkdev/business/internal/infrastructure/repository/gorm_queue_repo.go:78.22,80.3 1 0
github.com/alltomatos/watinkdev/business/internal/infrastructure/repository/gorm_queue_repo.go:81.2,81.20 1 0
github.com/alltomatos/watinkdev/business/internal/infrastructure/repository/gorm_queue_repo.go:84.105,87.67 2 0
github.com/alltomatos/watinkdev/business/internal/infrastructure/repository/gorm_queue_repo.go:87.67,88.44 1 0
github.com/alltomatos/watinkdev/business/internal/infrastructure/repository/gorm_queue_repo.go:88.44,90.4 1 0
github.com/alltomatos/watinkdev/business/internal/infrastructure/repository/gorm_queue_repo.go:92.3,94.27 2 0
github.com/alltomatos/watinkdev/business/internal/infrastructure/repository/gorm_queue_repo.go:94.27,96.119 2 0
github.com/alltomatos/watinkdev/business/internal/infrastructure/repository/gorm_queue_repo.go:96.119,98.5 1 0
github.com/alltomatos/watinkdev/business/internal/infrastructure/repository/gorm_queue_repo.go:99.4,99.83 1 0
github.com/alltomatos/watinkdev/business/internal/infrastructure/repository/gorm_queue_repo.go:99.83,101.5 1 0
github.com/alltomatos/watinkdev/business/internal/infrastructure/repository/gorm_queue_repo.go:103.3,103.13 1 0
github.com/alltomatos/watinkdev/business/internal/infrastructure/repository/gorm_queue_repo.go:107.136,110.67 2 0
github.com/alltomatos/watinkdev/business/internal/infrastructure/repository/gorm_queue_repo.go:110.67,111.59 1 0
github.com/alltomatos/watinkdev/business/internal/infrastructure/repository/gorm_queue_repo.go:111.59,113.4 1 0
github.com/alltomatos/watinkdev/business/internal/infrastructure/repository/gorm_queue_repo.go:116.3,117.27 2 0
github.com/alltomatos/watinkdev/business/internal/infrastructure/repository/gorm_queue_repo.go:117.27,118.119 1 0
github.com/alltomatos/watinkdev/business/internal/infrastructure/repository/gorm_queue_repo.go:118.119,120.5 1 0
github.com/alltomatos/watinkdev/business/internal/infrastructure/repository/gorm_queue_repo.go:122.3,122.82 1 0
github.com/alltomatos/watinkdev/business/internal/infrastructure/repository/gorm_queue_repo.go:122.82,124.4 1 0
github.com/alltomatos/watinkdev/business/internal/infrastructure/repository/gorm_queue_repo.go:126.3,126.13 1 0
github.com/alltomatos/watinkdev/business/internal/infrastructure/repository/gorm_queue_repo.go:130.84,133.2 2 0
github.com/alltomatos/watinkdev/business/internal/infrastructure/repository/gorm_queue_repo.go:135.93,139.2 1 0
github.com/alltomatos/watinkdev/business/internal/infrastructure/repository/gorm_queue_repo.go:143.56,156.2 1 0
github.com/alltomatos/watinkdev/business/internal/infrastructure/repository/gorm_queue_repo.go:158.65,161.32 2 0
github.com/alltomatos/watinkdev/business/internal/infrastructure/repository/gorm_queue_repo.go:161.32,168.3 1 0
github.com/alltomatos/watinkdev/business/internal/infrastructure/repository/gorm_queue_repo.go:169.2,169.10 1 0
github.com/alltomatos/watinkdev/business/internal/infrastructure/repository/gorm_queue_repo.go:172.56,185.2 1 0
github.com/alltomatos/watinkdev/business/internal/infrastructure/repository/gorm_setting_repo.go:17.61,19.2 1 0
github.com/alltomatos/watinkdev/business/internal/infrastructure/repository/gorm_setting_repo.go:23.114,25.83 2 0
github.com/alltomatos/watinkdev/business/internal/infrastructure/repository/gorm_setting_repo.go:25.83,27.3 1 0
github.com/alltomatos/watinkdev/business/internal/infrastructure/repository/gorm_setting_repo.go:29.2,32.37 2 0
github.com/alltomatos/watinkdev/business/internal/infrastructure/repository/gorm_setting_repo.go:32.37,34.3 1 0
github.com/alltomatos/watinkdev/business/internal/infrastructure/repository/gorm_setting_repo.go:35.2,35.22 1 0
github.com/alltomatos/watinkdev/business/internal/infrastructure/repository/gorm_swagger_repo.go:16.81,18.2 1 0
github.com/alltomatos/watinkdev/business/internal/infrastructure/repository/gorm_swagger_repo.go:20.110,21.17 1 0
github.com/alltomatos/watinkdev/business/internal/infrastructure/repository/gorm_swagger_repo.go:21.17,23.3 1 0
github.com/alltomatos/watinkdev/business/internal/infrastructure/repository/gorm_swagger_repo.go:25.2,26.126 2 0
github.com/alltomatos/watinkdev/business/internal/infrastructure/repository/gorm_swagger_repo.go:26.126,28.3 1 0
github.com/alltomatos/watinkdev/business/internal/infrastructure/repository/gorm_swagger_repo.go:30.2,37.23 3 0
github.com/alltomatos/watinkdev/business/internal/infrastructure/repository/gorm_system_repo.go:16.59,18.2 1 0
github.com/alltomatos/watinkdev/business/internal/infrastructure/repository/gorm_system_repo.go:20.110,34.16 3 0
github.com/alltomatos/watinkdev/business/internal/infrastructure/repository/gorm_system_repo.go:34.16,36.3 1 0
github.com/alltomatos/watinkdev/business/internal/infrastructure/repository/gorm_system_repo.go:37.2,37.20 1 0
github.com/alltomatos/watinkdev/business/internal/infrastructure/repository/gorm_ticket_log_repo.go:15.71,17.2 1 0
github.com/alltomatos/watinkdev/business/internal/infrastructure/repository/gorm_ticket_log_repo.go:21.92,23.2 1 0
github.com/alltomatos/watinkdev/business/internal/infrastructure/repository/gorm_ticket_repo.go:23.59,25.2 1 0
github.com/alltomatos/watinkdev/business/internal/infrastructure/repository/gorm_ticket_repo.go:28.114,33.16 3 0
github.com/alltomatos/watinkdev/business/internal/infrastructure/repository/gorm_ticket_repo.go:33.16,34.45 1 0
github.com/alltomatos/watinkdev/business/internal/infrastructure/repository/gorm_ticket_repo.go:34.45,36.4 1 0
github.com/alltomatos/watinkdev/business/internal/infrastructure/repository/gorm_ticket_repo.go:37.3,37.18 1 0
github.com/alltomatos/watinkdev/business/internal/infrastructure/repository/gorm_ticket_repo.go:39.2,39.37 1 0
github.com/alltomatos/watinkdev/business/internal/infrastructure/repository/gorm_ticket_repo.go:44.145,50.16 3 0
github.com/alltomatos/watinkdev/business/internal/infrastructure/repository/gorm_ticket_repo.go:50.16,51.45 1 0
github.com/alltomatos/watinkdev/business/internal/infrastructure/repository/gorm_ticket_repo.go:51.45,53.4 1 0
github.com/alltomatos/watinkdev/business/internal/infrastructure/repository/gorm_ticket_repo.go:54.3,54.18 1 0
github.com/alltomatos/watinkdev/business/internal/infrastructure/repository/gorm_ticket_repo.go:56.2,56.37 1 0
github.com/alltomatos/watinkdev/business/internal/infrastructure/repository/gorm_ticket_repo.go:60.120,66.59 3 0
github.com/alltomatos/watinkdev/business/internal/infrastructure/repository/gorm_ticket_repo.go:66.59,68.3 1 0
github.com/alltomatos/watinkdev/business/internal/infrastructure/repository/gorm_ticket_repo.go:69.2,69.44 1 0
github.com/alltomatos/watinkdev/business/internal/infrastructure/repository/gorm_ticket_repo.go:69.44,70.63 1 0
github.com/alltomatos/watinkdev/business/internal/infrastructure/repository/gorm_ticket_repo.go:70.63,72.4 1 0
github.com/alltomatos/watinkdev/business/internal/infrastructure/repository/gorm_ticket_repo.go:75.2,75.36 1 0
github.com/alltomatos/watinkdev/business/internal/infrastructure/repository/gorm_ticket_repo.go:79.87,82.2 2 0
github.com/alltomatos/watinkdev/business/internal/infrastructure/repository/gorm_ticket_repo.go:85.120,90.2 1 0
github.com/alltomatos/watinkdev/business/internal/infrastructure/repository/gorm_ticket_repo.go:94.123,100.16 3 0
github.com/alltomatos/watinkdev/business/internal/infrastructure/repository/gorm_ticket_repo.go:100.16,101.45 1 0
github.com/alltomatos/watinkdev/business/internal/infrastructure/repository/gorm_ticket_repo.go:101.45,103.4 1 0
github.com/alltomatos/watinkdev/business/internal/infrastructure/repository/gorm_ticket_repo.go:104.3,104.16 1 0
github.com/alltomatos/watinkdev/business/internal/infrastructure/repository/gorm_ticket_repo.go:106.2,106.21 1 0
github.com/alltomatos/watinkdev/business/internal/infrastructure/repository/gorm_ticket_repo.go:106.21,108.3 1 0
github.com/alltomatos/watinkdev/business/internal/infrastructure/repository/gorm_ticket_repo.go:109.2,109.23 1 0
github.com/alltomatos/watinkdev/business/internal/infrastructure/repository/gorm_ticket_repo.go:113.135,124.16 3 0
github.com/alltomatos/watinkdev/business/internal/infrastructure/repository/gorm_ticket_repo.go:124.16,126.3 1 0
github.com/alltomatos/watinkdev/business/internal/infrastructure/repository/gorm_ticket_repo.go:128.2,129.27 2 0
github.com/alltomatos/watinkdev/business/internal/infrastructure/repository/gorm_ticket_repo.go:129.27,131.3 1 0
github.com/alltomatos/watinkdev/business/internal/infrastructure/repository/gorm_ticket_repo.go:132.2,132.20 1 0
github.com/alltomatos/watinkdev/business/internal/infrastructure/repository/gorm_ticket_repo.go:137.59,152.2 1 0
github.com/alltomatos/watinkdev/business/internal/infrastructure/repository/gorm_ticket_repo.go:154.59,169.2 1 0
github.com/alltomatos/watinkdev/business/internal/infrastructure/repository/gorm_user_queue_repo.go:16.71,18.2 1 0
github.com/alltomatos/watinkdev/business/internal/infrastructure/repository/gorm_user_queue_repo.go:22.109,29.2 3 0
github.com/alltomatos/watinkdev/business/internal/infrastructure/repository/gorm_user_queue_repo.go:31.127,37.16 3 0
github.com/alltomatos/watinkdev/business/internal/infrastructure/repository/gorm_user_queue_repo.go:37.16,39.3 1 0
github.com/alltomatos/watinkdev/business/internal/infrastructure/repository/gorm_user_queue_repo.go:41.2,42.25 2 0
github.com/alltomatos/watinkdev/business/internal/infrastructure/repository/gorm_user_queue_repo.go:42.25,44.3 1 0
github.com/alltomatos/watinkdev/business/internal/infrastructure/repository/gorm_user_queue_repo.go:45.2,45.19 1 0
github.com/alltomatos/watinkdev/business/internal/infrastructure/repository/gorm_user_repo.go:22.55,24.2 1 0
github.com/alltomatos/watinkdev/business/internal/infrastructure/repository/gorm_user_repo.go:28.110,33.16 3 0
github.com/alltomatos/watinkdev/business/internal/infrastructure/repository/gorm_user_repo.go:33.16,34.45 1 0
github.com/alltomatos/watinkdev/business/internal/infrastructure/repository/gorm_user_repo.go:34.45,36.4 1 0
github.com/alltomatos/watinkdev/business/internal/infrastructure/repository/gorm_user_repo.go:37.3,37.18 1 0
github.com/alltomatos/watinkdev/business/internal/infrastructure/repository/gorm_user_repo.go:39.2,39.35 1 0
github.com/alltomatos/watinkdev/business/internal/infrastructure/repository/gorm_user_repo.go:44.116,51.16 3 0
github.com/alltomatos/watinkdev/business/internal/infrastructure/repository/gorm_user_repo.go:51.16,52.45 1 0
github.com/alltomatos/watinkdev/business/internal/infrastructure/repository/gorm_user_repo.go:52.45,54.4 1 0
github.com/alltomatos/watinkdev/business/internal/infrastructure/repository/gorm_user_repo.go:55.3,55.18 1 0
github.com/alltomatos/watinkdev/business/internal/infrastructure/repository/gorm_user_repo.go:57.2,57.16 1 0
github.com/alltomatos/watinkdev/business/internal/infrastructure/repository/gorm_user_repo.go:61.119,66.16 3 0
github.com/alltomatos/watinkdev/business/internal/infrastructure/repository/gorm_user_repo.go:66.16,67.45 1 0
github.com/alltomatos/watinkdev/business/internal/infrastructure/repository/gorm_user_repo.go:67.45,69.4 1 0
github.com/alltomatos/watinkdev/business/internal/infrastructure/repository/gorm_user_repo.go:70.3,70.18 1 0
github.com/alltomatos/watinkdev/business/internal/infrastructure/repository/gorm_user_repo.go:72.2,72.35 1 0
github.com/alltomatos/watinkdev/business/internal/infrastructure/repository/gorm_user_repo.go:76.106,82.16 3 0
github.com/alltomatos/watinkdev/business/internal/infrastructure/repository/gorm_user_repo.go:82.16,83.45 1 0
github.com/alltomatos/watinkdev/business/internal/infrastructure/repository/gorm_user_repo.go:83.45,85.4 1 0
github.com/alltomatos/watinkdev/business/internal/infrastructure/repository/gorm_user_repo.go:86.3,86.18 1 0
github.com/alltomatos/watinkdev/business/internal/infrastructure/repository/gorm_user_repo.go:88.2,88.35 1 0
github.com/alltomatos/watinkdev/business/internal/infrastructure/repository/gorm_user_repo.go:92.102,97.16 3 0
github.com/alltomatos/watinkdev/business/internal/infrastructure/repository/gorm_user_repo.go:97.16,99.3 1 0
github.com/alltomatos/watinkdev/business/internal/infrastructure/repository/gorm_user_repo.go:100.2,101.20 2 0
github.com/alltomatos/watinkdev/business/internal/infrastructure/repository/gorm_user_repo.go:101.20,103.3 1 0
github.com/alltomatos/watinkdev/business/internal/infrastructure/repository/gorm_user_repo.go:104.2,104.19 1 0
github.com/alltomatos/watinkdev/business/internal/infrastructure/repository/gorm_user_repo.go:108.83,110.62 2 0
github.com/alltomatos/watinkdev/business/internal/infrastructure/repository/gorm_user_repo.go:110.62,112.3 1 0
github.com/alltomatos/watinkdev/business/internal/infrastructure/repository/gorm_user_repo.go:113.2,114.12 2 0
github.com/alltomatos/watinkdev/business/internal/infrastructure/repository/gorm_user_repo.go:118.81,119.18 1 0
github.com/alltomatos/watinkdev/business/internal/infrastructure/repository/gorm_user_repo.go:119.18,121.3 1 0
github.com/alltomatos/watinkdev/business/internal/infrastructure/repository/gorm_user_repo.go:122.2,122.28 1 0
github.com/alltomatos/watinkdev/business/internal/infrastructure/repository/gorm_user_repo.go:126.114,131.2 1 0
github.com/alltomatos/watinkdev/business/internal/infrastructure/repository/gorm_user_repo.go:134.92,138.2 1 0
github.com/alltomatos/watinkdev/business/internal/infrastructure/repository/gorm_user_repo.go:142.53,157.2 1 0
github.com/alltomatos/watinkdev/business/internal/infrastructure/repository/gorm_user_repo.go:159.53,174.2 1 0
github.com/alltomatos/watinkdev/business/internal/infrastructure/repository/gorm_version_repo.go:16.61,18.2 1 0
github.com/alltomatos/watinkdev/business/internal/infrastructure/repository/gorm_version_repo.go:20.89,22.91 2 0
github.com/alltomatos/watinkdev/business/internal/infrastructure/repository/gorm_version_repo.go:22.91,24.3 1 0
github.com/alltomatos/watinkdev/business/internal/infrastructure/repository/gorm_version_repo.go:25.2,25.21 1 0
github.com/alltomatos/watinkdev/business/internal/services/distribution_service.go:15.63,19.2 1 0
github.com/alltomatos/watinkdev/business/internal/services/distribution_service.go:21.101,23.107 2 0
github.com/alltomatos/watinkdev/business/internal/services/distribution_service.go:23.107,25.3 1 0
github.com/alltomatos/watinkdev/business/internal/services/distribution_service.go:27.2,28.105 2 0
github.com/alltomatos/watinkdev/business/internal/services/distribution_service.go:28.105,30.3 1 0
github.com/alltomatos/watinkdev/business/internal/services/distribution_service.go:32.2,35.28 2 0
github.com/alltomatos/watinkdev/business/internal/services/distribution_service.go:35.28,37.117 2 0
github.com/alltomatos/watinkdev/business/internal/services/distribution_service.go:37.117,38.35 1 0
github.com/alltomatos/watinkdev/business/internal/services/distribution_service.go:38.35,43.18 3 0
github.com/alltomatos/watinkdev/business/internal/services/distribution_service.go:43.18,47.27 1 0
github.com/alltomatos/watinkdev/business/internal/services/distribution_service.go:47.27,51.7 3 0
github.com/alltomatos/watinkdev/business/internal/services/distribution_service.go:57.2,57.44 1 0
github.com/alltomatos/watinkdev/business/internal/services/distribution_service.go:57.44,60.3 2 0
github.com/alltomatos/watinkdev/business/internal/services/distribution_service.go:62.2,65.34 2 0
github.com/alltomatos/watinkdev/business/internal/services/distribution_service.go:65.34,67.3 1 0
github.com/alltomatos/watinkdev/business/internal/services/distribution_service.go:69.2,69.21 1 0
github.com/alltomatos/watinkdev/business/internal/services/distribution_service.go:69.21,72.3 2 0
github.com/alltomatos/watinkdev/business/internal/services/distribution_service.go:74.2,76.18 2 0
github.com/alltomatos/watinkdev/business/internal/services/distribution_service.go:77.26,78.65 1 0
github.com/alltomatos/watinkdev/business/internal/services/distribution_service.go:79.23,80.54 1 0
github.com/alltomatos/watinkdev/business/internal/services/distribution_service.go:81.10,82.13 1 0
github.com/alltomatos/watinkdev/business/internal/services/distribution_service.go:85.2,85.25 1 0
github.com/alltomatos/watinkdev/business/internal/services/distribution_service.go:85.25,89.24 1 0
github.com/alltomatos/watinkdev/business/internal/services/distribution_service.go:89.24,91.4 1 0
github.com/alltomatos/watinkdev/business/internal/services/distribution_service.go:92.3,94.23 2 0
github.com/alltomatos/watinkdev/business/internal/services/distribution_service.go:97.2,97.12 1 0
github.com/alltomatos/watinkdev/business/internal/services/distribution_service.go:100.64,105.2 1 0
github.com/alltomatos/watinkdev/business/internal/services/distribution_service.go:107.107,114.16 3 0
github.com/alltomatos/watinkdev/business/internal/services/distribution_service.go:114.16,117.3 1 0
github.com/alltomatos/watinkdev/business/internal/services/distribution_service.go:120.2,121.26 2 0
github.com/alltomatos/watinkdev/business/internal/services/distribution_service.go:121.26,122.61 1 0
github.com/alltomatos/watinkdev/business/internal/services/distribution_service.go:122.61,124.9 2 0
github.com/alltomatos/watinkdev/business/internal/services/distribution_service.go:129.2,130.26 2 0
github.com/alltomatos/watinkdev/business/internal/services/distribution_service.go:133.92,140.26 3 0
github.com/alltomatos/watinkdev/business/internal/services/distribution_service.go:140.26,142.3 1 0
github.com/alltomatos/watinkdev/business/internal/services/distribution_service.go:145.2,153.28 4 0
github.com/alltomatos/watinkdev/business/internal/services/distribution_service.go:153.28,155.3 1 0
github.com/alltomatos/watinkdev/business/internal/services/distribution_service.go:158.2,161.26 3 0
github.com/alltomatos/watinkdev/business/internal/services/distribution_service.go:161.26,163.19 2 0
github.com/alltomatos/watinkdev/business/internal/services/distribution_service.go:163.19,166.4 2 0
github.com/alltomatos/watinkdev/business/internal/services/distribution_service.go:169.2,169.19 1 0
github.com/alltomatos/watinkdev/business/internal/services/event_listener.go:24.87,26.2 1 0
github.com/alltomatos/watinkdev/business/internal/services/event_listener.go:28.34,29.31 1 1
github.com/alltomatos/watinkdev/business/internal/services/event_listener.go:29.31,33.3 3 0
github.com/alltomatos/watinkdev/business/internal/services/event_listener.go:34.2,35.12 2 1
github.com/alltomatos/watinkdev/business/internal/services/event_listener.go:38.82,52.98 2 0
github.com/alltomatos/watinkdev/business/internal/services/event_listener.go:52.98,54.54 2 0
github.com/alltomatos/watinkdev/business/internal/services/event_listener.go:54.54,57.4 2 0
github.com/alltomatos/watinkdev/business/internal/services/event_listener.go:59.3,60.17 2 0
github.com/alltomatos/watinkdev/business/internal/services/event_listener.go:60.17,62.4 1 0
github.com/alltomatos/watinkdev/business/internal/services/event_listener.go:64.3,66.63 2 0
github.com/alltomatos/watinkdev/business/internal/services/event_listener.go:66.63,67.106 1 0
github.com/alltomatos/watinkdev/business/internal/services/event_listener.go:67.106,69.5 1 0
github.com/alltomatos/watinkdev/business/internal/services/event_listener.go:71.4,71.20 1 0
github.com/alltomatos/watinkdev/business/internal/services/event_listener.go:72.26,73.46 1 0
github.com/alltomatos/watinkdev/business/internal/services/event_listener.go:74.32,75.51 1 0
github.com/alltomatos/watinkdev/business/internal/services/event_listener.go:76.26,77.53 1 0
github.com/alltomatos/watinkdev/business/internal/services/event_listener.go:78.32,79.66 1 0
github.com/alltomatos/watinkdev/business/internal/services/event_listener.go:80.28,82.59 2 0
github.com/alltomatos/watinkdev/business/internal/services/event_listener.go:82.59,84.6 1 0
github.com/alltomatos/watinkdev/business/internal/services/event_listener.go:85.5,85.95 1 0
github.com/alltomatos/watinkdev/business/internal/services/event_listener.go:86.23,87.50 1 0
github.com/alltomatos/watinkdev/business/internal/services/event_listener.go:88.26,89.53 1 0
github.com/alltomatos/watinkdev/business/internal/services/event_listener.go:90.28,91.55 1 0
github.com/alltomatos/watinkdev/business/internal/services/event_listener.go:92.26,93.53 1 0
github.com/alltomatos/watinkdev/business/internal/services/event_listener.go:94.34,95.53 1 0
github.com/alltomatos/watinkdev/business/internal/services/event_listener.go:96.12,97.15 1 0
github.com/alltomatos/watinkdev/business/internal/services/event_listener.go:102.2,102.16 1 0
github.com/alltomatos/watinkdev/business/internal/services/event_listener.go:102.16,104.3 1 0
github.com/alltomatos/watinkdev/business/internal/services/event_listener.go:107.140,129.16 3 0
github.com/alltomatos/watinkdev/business/internal/services/event_listener.go:129.16,131.3 1 0
github.com/alltomatos/watinkdev/business/internal/services/event_listener.go:133.2,137.12 4 0
github.com/alltomatos/watinkdev/business/internal/services/event_listener.go:140.83,142.52 2 0
github.com/alltomatos/watinkdev/business/internal/services/event_listener.go:142.52,144.3 1 0
github.com/alltomatos/watinkdev/business/internal/services/event_listener.go:146.2,150.23 2 0
github.com/alltomatos/watinkdev/business/internal/services/event_listener.go:150.23,153.3 2 0
github.com/alltomatos/watinkdev/business/internal/services/event_listener.go:155.2,156.12 2 0
github.com/alltomatos/watinkdev/business/internal/services/event_listener.go:159.88,161.52 2 0
github.com/alltomatos/watinkdev/business/internal/services/event_listener.go:161.52,163.3 1 0
github.com/alltomatos/watinkdev/business/internal/services/event_listener.go:165.2,167.18 3 0
github.com/alltomatos/watinkdev/business/internal/services/event_listener.go:167.18,169.3 1 0
github.com/alltomatos/watinkdev/business/internal/services/event_listener.go:171.2,171.167 1 0
github.com/alltomatos/watinkdev/business/internal/services/event_listener.go:171.167,173.3 1 0
github.com/alltomatos/watinkdev/business/internal/services/event_listener.go:175.2,176.12 2 0
github.com/alltomatos/watinkdev/business/internal/services/event_listener.go:179.90,181.52 2 0
github.com/alltomatos/watinkdev/business/internal/services/event_listener.go:181.52,183.3 1 0
github.com/alltomatos/watinkdev/business/internal/services/event_listener.go:185.2,187.20 3 0
github.com/alltomatos/watinkdev/business/internal/services/event_listener.go:187.20,189.3 1 0
github.com/alltomatos/watinkdev/business/internal/services/event_listener.go:190.2,190.27 1 0
github.com/alltomatos/watinkdev/business/internal/services/event_listener.go:190.27,192.3 1 0
github.com/alltomatos/watinkdev/business/internal/services/event_listener.go:193.2,193.23 1 0
github.com/alltomatos/watinkdev/business/internal/services/event_listener.go:193.23,196.3 2 0
github.com/alltomatos/watinkdev/business/internal/services/event_listener.go:198.2,199.25 2 0
github.com/alltomatos/watinkdev/business/internal/services/event_listener.go:199.25,201.3 1 0
github.com/alltomatos/watinkdev/business/internal/services/event_listener.go:202.2,202.30 1 0
github.com/alltomatos/watinkdev/business/internal/services/event_listener.go:202.30,204.3 1 0
github.com/alltomatos/watinkdev/business/internal/services/event_listener.go:206.2,207.12 2 0
github.com/alltomatos/watinkdev/business/internal/services/event_listener.go:210.107,212.52 2 0
github.com/alltomatos/watinkdev/business/internal/services/event_listener.go:212.52,214.3 1 0
github.com/alltomatos/watinkdev/business/internal/services/event_listener.go:216.2,217.40 2 0
github.com/alltomatos/watinkdev/business/internal/services/event_listener.go:217.40,218.104 1 0
github.com/alltomatos/watinkdev/business/internal/services/event_listener.go:218.104,220.4 1 0
github.com/alltomatos/watinkdev/business/internal/services/event_listener.go:222.2,222.12 1 0
github.com/alltomatos/watinkdev/business/internal/services/event_listener.go:225.87,230.52 2 0
github.com/alltomatos/watinkdev/business/internal/services/event_listener.go:230.52,232.3 1 0
github.com/alltomatos/watinkdev/business/internal/services/event_listener.go:234.2,235.124 2 0
github.com/alltomatos/watinkdev/business/internal/services/event_listener.go:235.124,239.3 3 0
github.com/alltomatos/watinkdev/business/internal/services/event_listener.go:240.2,240.12 1 0
github.com/alltomatos/watinkdev/business/internal/services/event_listener.go:243.90,245.52 2 0
github.com/alltomatos/watinkdev/business/internal/services/event_listener.go:245.52,247.3 1 0
github.com/alltomatos/watinkdev/business/internal/services/event_listener.go:248.2,249.105 2 0
github.com/alltomatos/watinkdev/business/internal/services/event_listener.go:249.105,251.3 1 0
github.com/alltomatos/watinkdev/business/internal/services/event_listener.go:252.2,253.71 2 0
github.com/alltomatos/watinkdev/business/internal/services/event_listener.go:253.71,255.3 1 0
github.com/alltomatos/watinkdev/business/internal/services/event_listener.go:256.2,257.12 2 0
github.com/alltomatos/watinkdev/business/internal/services/event_listener.go:260.92,262.52 2 0
github.com/alltomatos/watinkdev/business/internal/services/event_listener.go:262.52,264.3 1 0
github.com/alltomatos/watinkdev/business/internal/services/event_listener.go:265.2,267.12 3 0
github.com/alltomatos/watinkdev/business/internal/services/event_listener.go:270.90,272.52 2 0
github.com/alltomatos/watinkdev/business/internal/services/event_listener.go:272.52,274.3 1 0
github.com/alltomatos/watinkdev/business/internal/services/event_listener.go:275.2,277.12 3 0
github.com/alltomatos/watinkdev/business/internal/services/event_listener.go:280.90,285.52 2 0
github.com/alltomatos/watinkdev/business/internal/services/event_listener.go:285.52,287.3 1 0
github.com/alltomatos/watinkdev/business/internal/services/event_listener.go:288.2,289.35 2 0
github.com/alltomatos/watinkdev/business/internal/services/event_listener.go:289.35,291.3 1 0
github.com/alltomatos/watinkdev/business/internal/services/event_listener.go:292.2,294.29 1 0
github.com/alltomatos/watinkdev/business/internal/services/flow_worker.go:19.45,20.12 1 0
github.com/alltomatos/watinkdev/business/internal/services/flow_worker.go:20.12,21.7 1 0
github.com/alltomatos/watinkdev/business/internal/services/flow_worker.go:21.7,22.42 1 0
github.com/alltomatos/watinkdev/business/internal/services/flow_worker.go:22.42,24.13 2 0
github.com/alltomatos/watinkdev/business/internal/services/flow_worker.go:27.4,28.18 2 0
github.com/alltomatos/watinkdev/business/internal/services/flow_worker.go:28.18,31.13 3 0
github.com/alltomatos/watinkdev/business/internal/services/flow_worker.go:34.4,46.18 4 0
github.com/alltomatos/watinkdev/business/internal/services/flow_worker.go:46.18,50.13 4 0
github.com/alltomatos/watinkdev/business/internal/services/flow_worker.go:53.4,57.18 3 0
github.com/alltomatos/watinkdev/business/internal/services/flow_worker.go:57.18,61.13 4 0
github.com/alltomatos/watinkdev/business/internal/services/flow_worker.go:64.4,69.8 3 0
github.com/alltomatos/watinkdev/business/internal/services/flow_worker.go:69.8,70.12 1 0
github.com/alltomatos/watinkdev/business/internal/services/flow_worker.go:71.26,72.13 1 0
github.com/alltomatos/watinkdev/business/internal/services/flow_worker.go:72.13,73.23 1 0
github.com/alltomatos/watinkdev/business/internal/services/flow_worker.go:75.6,75.50 1 0
github.com/alltomatos/watinkdev/business/internal/services/flow_worker.go:75.50,77.7 1 0
github.com/alltomatos/watinkdev/business/internal/services/flow_worker.go:77.12,79.7 1 0
github.com/alltomatos/watinkdev/business/internal/services/flow_worker.go:80.29,82.22 2 0
github.com/alltomatos/watinkdev/business/internal/services/flow_worker.go:85.4,85.14 1 0
github.com/alltomatos/watinkdev/business/internal/services/flow_worker.go:90.67,92.53 2 0
github.com/alltomatos/watinkdev/business/internal/services/flow_worker.go:92.53,95.3 2 0
github.com/alltomatos/watinkdev/business/internal/services/flow_worker.go:96.2,97.12 2 0
github.com/alltomatos/watinkdev/business/internal/services/plan_limit_service.go:15.57,19.2 1 0
github.com/alltomatos/watinkdev/business/internal/services/plan_limit_service.go:21.82,23.78 1 0
github.com/alltomatos/watinkdev/business/internal/services/plan_limit_service.go:23.78,25.3 1 0
github.com/alltomatos/watinkdev/business/internal/services/plan_limit_service.go:27.2,30.33 2 0
github.com/alltomatos/watinkdev/business/internal/services/plan_limit_service.go:30.33,32.3 1 0
github.com/alltomatos/watinkdev/business/internal/services/plan_limit_service.go:34.2,36.18 2 0
github.com/alltomatos/watinkdev/business/internal/services/plan_limit_service.go:37.17,41.61 3 0
github.com/alltomatos/watinkdev/business/internal/services/plan_limit_service.go:41.61,43.4 1 0
github.com/alltomatos/watinkdev/business/internal/services/plan_limit_service.go:46.2,46.12 1 0
github.com/alltomatos/watinkdev/business/internal/services/rabbitmq.go:29.55,30.15 1 0
github.com/alltomatos/watinkdev/business/internal/services/rabbitmq.go:30.15,32.16 2 0
github.com/alltomatos/watinkdev/business/internal/services/rabbitmq.go:32.16,34.4 1 0
github.com/alltomatos/watinkdev/business/internal/services/rabbitmq.go:36.2,38.3 1 0
github.com/alltomatos/watinkdev/business/internal/services/rabbitmq.go:41.43,44.16 3 0
github.com/alltomatos/watinkdev/business/internal/services/rabbitmq.go:44.16,46.3 1 0
github.com/alltomatos/watinkdev/business/internal/services/rabbitmq.go:48.2,48.12 1 0
github.com/alltomatos/watinkdev/business/internal/services/rabbitmq.go:48.12,53.3 4 0
github.com/alltomatos/watinkdev/business/internal/services/rabbitmq.go:55.2,56.16 2 0
github.com/alltomatos/watinkdev/business/internal/services/rabbitmq.go:56.16,58.3 1 0
github.com/alltomatos/watinkdev/business/internal/services/rabbitmq.go:60.2,60.52 1 0
github.com/alltomatos/watinkdev/business/internal/services/rabbitmq.go:60.52,62.3 1 0
github.com/alltomatos/watinkdev/business/internal/services/rabbitmq.go:64.2,64.43 1 0
github.com/alltomatos/watinkdev/business/internal/services/rabbitmq.go:64.43,66.3 1 0
github.com/alltomatos/watinkdev/business/internal/services/rabbitmq.go:68.2,69.12 2 0
github.com/alltomatos/watinkdev/business/internal/services/rabbitmq.go:72.50,82.31 2 0
github.com/alltomatos/watinkdev/business/internal/services/rabbitmq.go:82.31,85.17 1 0
github.com/alltomatos/watinkdev/business/internal/services/rabbitmq.go:85.17,87.4 1 0
github.com/alltomatos/watinkdev/business/internal/services/rabbitmq.go:89.2,89.12 1 0
github.com/alltomatos/watinkdev/business/internal/services/rabbitmq.go:92.88,94.2 1 0
github.com/alltomatos/watinkdev/business/internal/services/rabbitmq.go:96.86,98.2 1 0
github.com/alltomatos/watinkdev/business/internal/services/rabbitmq.go:100.100,102.16 2 0
github.com/alltomatos/watinkdev/business/internal/services/rabbitmq.go:102.16,104.3 1 0
github.com/alltomatos/watinkdev/business/internal/services/rabbitmq.go:106.2,120.3 4 0
github.com/alltomatos/watinkdev/business/internal/services/rabbitmq.go:123.122,124.85 1 0
github.com/alltomatos/watinkdev/business/internal/services/rabbitmq.go:124.85,126.3 1 0
github.com/alltomatos/watinkdev/business/internal/services/rabbitmq.go:128.2,129.16 2 0
github.com/alltomatos/watinkdev/business/internal/services/rabbitmq.go:129.16,131.3 1 0
github.com/alltomatos/watinkdev/business/internal/services/rabbitmq.go:133.2,133.12 1 0
github.com/alltomatos/watinkdev/business/internal/services/rabbitmq.go:133.12,134.23 1 0
github.com/alltomatos/watinkdev/business/internal/services/rabbitmq.go:134.23,135.37 1 0
github.com/alltomatos/watinkdev/business/internal/services/rabbitmq.go:135.37,137.5 1 0
github.com/alltomatos/watinkdev/business/internal/services/rabbitmq.go:137.10,139.5 1 0
github.com/alltomatos/watinkdev/business/internal/services/rabbitmq.go:143.2,143.12 1 0
github.com/alltomatos/watinkdev/business/internal/services/rabbitmq.go:146.103,152.16 2 0
github.com/alltomatos/watinkdev/business/internal/services/rabbitmq.go:152.16,154.3 1 0
github.com/alltomatos/watinkdev/business/internal/services/rabbitmq.go:156.2,156.88 1 0
github.com/alltomatos/watinkdev/business/internal/services/rabbitmq.go:156.88,158.3 1 0
github.com/alltomatos/watinkdev/business/internal/services/rabbitmq.go:161.2,169.16 2 0
github.com/alltomatos/watinkdev/business/internal/services/rabbitmq.go:169.16,171.3 1 0
github.com/alltomatos/watinkdev/business/internal/services/rabbitmq.go:173.2,173.34 1 0
github.com/alltomatos/watinkdev/business/internal/services/rabbitmq.go:173.34,174.83 1 0
github.com/alltomatos/watinkdev/business/internal/services/rabbitmq.go:174.83,176.4 1 0
github.com/alltomatos/watinkdev/business/internal/services/rabbitmq.go:179.2,179.12 1 0
github.com/alltomatos/watinkdev/business/internal/services/rabbitmq.go:182.82,187.33 3 0
github.com/alltomatos/watinkdev/business/internal/services/rabbitmq.go:187.33,191.3 3 0
github.com/alltomatos/watinkdev/business/internal/services/rabbitmq.go:194.2,195.29 2 0
github.com/alltomatos/watinkdev/business/internal/services/rabbitmq.go:195.29,197.3 1 0
github.com/alltomatos/watinkdev/business/internal/services/rabbitmq.go:199.2,204.22 4 0
github.com/alltomatos/watinkdev/business/internal/services/rabbitmq.go:204.22,205.31 1 0
github.com/alltomatos/watinkdev/business/internal/services/rabbitmq.go:205.31,207.4 1 0
github.com/alltomatos/watinkdev/business/internal/services/rabbitmq.go:209.2,212.20 3 0
github.com/alltomatos/watinkdev/business/internal/services/rabbitmq.go:212.20,214.3 1 0
github.com/alltomatos/watinkdev/business/internal/services/rabbitmq.go:216.2,226.16 2 0
github.com/alltomatos/watinkdev/business/internal/services/rabbitmq.go:226.16,230.3 3 0
github.com/alltomatos/watinkdev/business/internal/services/rabbitmq.go:232.2,232.14 1 0
github.com/alltomatos/watinkdev/business/internal/services/rabbitmq.go:235.41,236.22 1 0
github.com/alltomatos/watinkdev/business/internal/services/rabbitmq.go:236.22,238.3 1 0
github.com/alltomatos/watinkdev/business/internal/services/rabbitmq.go:239.2,239.57 1 0
github.com/alltomatos/watinkdev/business/internal/services/rabbitmq.go:239.57,241.3 1 0
github.com/alltomatos/watinkdev/business/internal/services/rabbitmq.go:242.2,242.10 1 0
github.com/alltomatos/watinkdev/business/internal/services/rabbitmq.go:245.41,246.22 1 0
github.com/alltomatos/watinkdev/business/internal/services/rabbitmq.go:246.22,248.3 1 0
github.com/alltomatos/watinkdev/business/internal/services/rabbitmq.go:249.2,249.19 1 0
github.com/alltomatos/watinkdev/business/internal/services/rabbitmq.go:249.19,251.3 1 0
github.com/alltomatos/watinkdev/business/internal/services/rabbitmq.go:252.2,252.12 1 0
github.com/alltomatos/watinkdev/business/internal/services/rabbitmq.go:256.59,259.2 2 0
github.com/alltomatos/watinkdev/business/internal/services/rabbitmq.go:266.52,267.22 1 0
github.com/alltomatos/watinkdev/business/internal/services/rabbitmq.go:267.22,269.3 1 0
github.com/alltomatos/watinkdev/business/internal/services/rabbitmq.go:270.2,271.9 2 0
github.com/alltomatos/watinkdev/business/internal/services/rabbitmq.go:271.9,273.3 1 0
github.com/alltomatos/watinkdev/business/internal/services/rabbitmq.go:274.2,275.9 2 0
github.com/alltomatos/watinkdev/business/internal/services/rabbitmq.go:275.9,277.3 1 0
github.com/alltomatos/watinkdev/business/internal/services/rabbitmq.go:278.2,278.10 1 0
github.com/alltomatos/watinkdev/business/internal/services/rabbitmq.go:281.52,282.22 1 0
github.com/alltomatos/watinkdev/business/internal/services/rabbitmq.go:282.22,284.3 1 0
github.com/alltomatos/watinkdev/business/internal/services/rabbitmq.go:285.2,285.24 1 0
github.com/alltomatos/watinkdev/business/internal/services/rabbitmq.go:288.45,290.27 2 0
github.com/alltomatos/watinkdev/business/internal/services/rabbitmq.go:290.27,292.3 1 0
github.com/alltomatos/watinkdev/business/internal/services/rabbitmq.go:293.2,293.13 1 0
github.com/alltomatos/watinkdev/business/internal/services/rabbitmq_monitor.go:26.46,28.2 1 1
github.com/alltomatos/watinkdev/business/internal/services/rabbitmq_monitor.go:30.78,32.22 2 1
github.com/alltomatos/watinkdev/business/internal/services/rabbitmq_monitor.go:32.22,35.3 2 1
github.com/alltomatos/watinkdev/business/internal/services/rabbitmq_monitor.go:37.2,38.16 2 0
github.com/alltomatos/watinkdev/business/internal/services/rabbitmq_monitor.go:38.16,41.3 2 0
github.com/alltomatos/watinkdev/business/internal/services/rabbitmq_monitor.go:42.2,45.16 3 0
github.com/alltomatos/watinkdev/business/internal/services/rabbitmq_monitor.go:45.16,48.3 2 0
github.com/alltomatos/watinkdev/business/internal/services/rabbitmq_monitor.go:50.2,54.10 5 0
github.com/alltomatos/watinkdev/business/internal/services/rabbitmq_monitor.go:57.42,58.34 1 1
github.com/alltomatos/watinkdev/business/internal/services/rabbitmq_monitor.go:58.34,60.3 1 1
github.com/alltomatos/watinkdev/business/internal/services/rabbitmq_monitor.go:61.2,63.26 3 1
github.com/alltomatos/watinkdev/business/internal/services/rabbitmq_monitor.go:63.26,65.14 2 1
github.com/alltomatos/watinkdev/business/internal/services/rabbitmq_monitor.go:65.14,67.4 1 1
github.com/alltomatos/watinkdev/business/internal/services/rabbitmq_monitor.go:69.2,69.22 1 1
github.com/alltomatos/watinkdev/business/internal/services/rabbitmq_monitor.go:69.22,71.3 1 1
github.com/alltomatos/watinkdev/business/internal/services/rabbitmq_monitor.go:72.2,72.15 1 1
github.com/alltomatos/watinkdev/business/internal/services/rabbitmq_monitor.go:75.49,76.19 1 1
github.com/alltomatos/watinkdev/business/internal/services/rabbitmq_monitor.go:76.19,78.3 1 1
github.com/alltomatos/watinkdev/business/internal/services/rabbitmq_monitor.go:79.2,80.16 2 1
github.com/alltomatos/watinkdev/business/internal/services/rabbitmq_monitor.go:80.16,82.3 1 1
github.com/alltomatos/watinkdev/business/internal/services/rabbitmq_monitor.go:83.2,84.16 2 1
github.com/alltomatos/watinkdev/business/internal/services/rabbitmq_monitor.go:84.16,86.3 1 0
github.com/alltomatos/watinkdev/business/internal/services/rabbitmq_monitor.go:87.2,87.56 1 1
github.com/alltomatos/watinkdev/business/internal/services/rabbitmq_monitor.go:90.87,92.25 2 0
github.com/alltomatos/watinkdev/business/internal/services/rabbitmq_monitor.go:92.25,94.3 1 0
github.com/alltomatos/watinkdev/business/internal/services/rabbitmq_monitor.go:95.2,95.25 1 0
github.com/alltomatos/watinkdev/business/internal/services/rabbitmq_monitor.go:95.25,97.3 1 0
github.com/alltomatos/watinkdev/business/internal/services/rabbitmq_monitor.go:99.2,102.38 3 0
github.com/alltomatos/watinkdev/business/internal/services/rabbitmq_monitor.go:102.38,103.72 1 0
github.com/alltomatos/watinkdev/business/internal/services/rabbitmq_monitor.go:103.72,105.43 2 0
github.com/alltomatos/watinkdev/business/internal/services/rabbitmq_monitor.go:105.43,107.5 1 0
github.com/alltomatos/watinkdev/business/internal/services/rabbitmq_monitor.go:111.2,112.16 2 0
github.com/alltomatos/watinkdev/business/internal/services/rabbitmq_monitor.go:112.16,114.3 1 0
github.com/alltomatos/watinkdev/business/internal/services/rabbitmq_monitor.go:115.2,115.20 1 0
github.com/alltomatos/watinkdev/business/internal/services/rabbitmq_monitor.go:115.20,117.3 1 0
github.com/alltomatos/watinkdev/business/internal/services/rabbitmq_monitor.go:119.2,121.16 3 0
github.com/alltomatos/watinkdev/business/internal/services/rabbitmq_monitor.go:121.16,123.3 1 0
github.com/alltomatos/watinkdev/business/internal/services/rabbitmq_monitor.go:124.2,126.28 2 0
github.com/alltomatos/watinkdev/business/internal/services/rabbitmq_monitor.go:126.28,128.3 1 0
github.com/alltomatos/watinkdev/business/internal/services/rabbitmq_monitor.go:130.2,131.64 2 0
github.com/alltomatos/watinkdev/business/internal/services/rabbitmq_monitor.go:131.64,133.3 1 0
github.com/alltomatos/watinkdev/business/internal/services/rabbitmq_monitor.go:135.2,136.24 2 0
github.com/alltomatos/watinkdev/business/internal/services/rabbitmq_monitor.go:136.24,146.3 1 0
github.com/alltomatos/watinkdev/business/internal/services/rabbitmq_monitor.go:148.2,148.41 1 0
github.com/alltomatos/watinkdev/business/internal/services/rabbitmq_monitor.go:148.41,149.47 1 0
github.com/alltomatos/watinkdev/business/internal/services/rabbitmq_monitor.go:149.47,151.4 1 0
[...]
github.com/alltomatos/watinkdev/business/internal/controllers/ticket.go:40.2,49.18 5 0
github.com/alltomatos/watinkdev/business/internal/controllers/ticket.go:49.18,51.3 1 0
github.com/alltomatos/watinkdev/business/internal/controllers/ticket.go:53.2,54.23 2 0
github.com/alltomatos/watinkdev/business/internal/controllers/ticket.go:54.23,58.3 1 0
github.com/alltomatos/watinkdev/business/internal/controllers/ticket.go:60.2,61.16 2 0
github.com/alltomatos/watinkdev/business/internal/controllers/ticket.go:61.16,63.3 1 0
github.com/alltomatos/watinkdev/business/internal/controllers/ticket.go:65.2,67.74 3 0
github.com/alltomatos/watinkdev/business/internal/controllers/ticket.go:67.74,68.94 1 0
github.com/alltomatos/watinkdev/business/internal/controllers/ticket.go:68.94,70.4 1 0
github.com/alltomatos/watinkdev/business/internal/controllers/ticket.go:73.2,74.49 2 0
github.com/alltomatos/watinkdev/business/internal/controllers/ticket.go:74.50,75.3 0 0
github.com/alltomatos/watinkdev/business/internal/controllers/ticket.go:77.2,78.23 2 0
github.com/alltomatos/watinkdev/business/internal/controllers/ticket.go:78.23,80.3 1 0
github.com/alltomatos/watinkdev/business/internal/controllers/ticket.go:80.8,80.31 1 0
github.com/alltomatos/watinkdev/business/internal/controllers/ticket.go:80.31,82.3 1 0
github.com/alltomatos/watinkdev/business/internal/controllers/ticket.go:84.2,84.51 1 0
github.com/alltomatos/watinkdev/business/internal/controllers/ticket.go:84.51,87.3 2 0
github.com/alltomatos/watinkdev/business/internal/controllers/ticket.go:89.2,93.4 1 0
github.com/alltomatos/watinkdev/business/internal/controllers/ticket.go:104.56,106.9 2 0
github.com/alltomatos/watinkdev/business/internal/controllers/ticket.go:106.9,108.3 1 0
github.com/alltomatos/watinkdev/business/internal/controllers/ticket.go:109.2,115.36 3 0
github.com/alltomatos/watinkdev/business/internal/controllers/ticket.go:115.36,118.3 2 0
github.com/alltomatos/watinkdev/business/internal/controllers/ticket.go:120.2,120.31 1 0
github.com/alltomatos/watinkdev/business/internal/controllers/ticket.go:132.58,134.9 2 0
github.com/alltomatos/watinkdev/business/internal/controllers/ticket.go:134.9,136.3 1 0
github.com/alltomatos/watinkdev/business/internal/controllers/ticket.go:137.2,140.68 3 0
github.com/alltomatos/watinkdev/business/internal/controllers/ticket.go:140.68,143.3 2 0
github.com/alltomatos/watinkdev/business/internal/controllers/ticket.go:145.2,151.49 2 0
github.com/alltomatos/watinkdev/business/internal/controllers/ticket.go:151.49,154.3 2 0
github.com/alltomatos/watinkdev/business/internal/controllers/ticket.go:156.2,164.47 2 0
github.com/alltomatos/watinkdev/business/internal/controllers/ticket.go:164.47,167.3 2 0
github.com/alltomatos/watinkdev/business/internal/controllers/ticket.go:169.2,170.16 2 0
github.com/alltomatos/watinkdev/business/internal/controllers/ticket.go:170.16,173.3 2 0
github.com/alltomatos/watinkdev/business/internal/controllers/ticket.go:175.2,176.38 2 0
github.com/alltomatos/watinkdev/business/internal/controllers/ticket.go:186.60,188.9 2 0
github.com/alltomatos/watinkdev/business/internal/controllers/ticket.go:188.9,190.3 1 0
github.com/alltomatos/watinkdev/business/internal/controllers/ticket.go:191.2,198.33 3 0
github.com/alltomatos/watinkdev/business/internal/controllers/ticket.go:198.33,201.3 2 0
github.com/alltomatos/watinkdev/business/internal/controllers/ticket.go:203.2,203.29 1 0
github.com/alltomatos/watinkdev/business/internal/controllers/update.go:27.39,31.16 3 0
github.com/alltomatos/watinkdev/business/internal/controllers/update.go:31.16,34.3 2 0
github.com/alltomatos/watinkdev/business/internal/controllers/update.go:35.2,37.28 2 0
github.com/alltomatos/watinkdev/business/internal/controllers/update.go:37.28,40.3 2 0
github.com/alltomatos/watinkdev/business/internal/controllers/update.go:42.2,43.64 2 0
github.com/alltomatos/watinkdev/business/internal/controllers/update.go:43.64,46.3 2 0
github.com/alltomatos/watinkdev/business/internal/controllers/update.go:48.2,56.31 2 0
github.com/alltomatos/watinkdev/business/internal/controllers/update.go:56.31,57.62 1 0
github.com/alltomatos/watinkdev/business/internal/controllers/update.go:57.62,58.12 1 0
github.com/alltomatos/watinkdev/business/internal/controllers/update.go:60.3,61.45 2 0
github.com/alltomatos/watinkdev/business/internal/controllers/update.go:61.45,62.20 1 0
github.com/alltomatos/watinkdev/business/internal/controllers/update.go:62.20,64.5 1 0
github.com/alltomatos/watinkdev/business/internal/controllers/update.go:65.4,65.9 1 0
github.com/alltomatos/watinkdev/business/internal/controllers/update.go:67.3,68.71 2 0
github.com/alltomatos/watinkdev/business/internal/controllers/update.go:68.71,69.60 1 0
github.com/alltomatos/watinkdev/business/internal/controllers/update.go:69.60,71.5 1 0
github.com/alltomatos/watinkdev/business/internal/controllers/update.go:72.4,72.48 1 0
github.com/alltomatos/watinkdev/business/internal/controllers/update.go:72.48,74.5 1 0
github.com/alltomatos/watinkdev/business/internal/controllers/update.go:75.4,75.61 1 0
github.com/alltomatos/watinkdev/business/internal/controllers/update.go:75.61,77.5 1 0
github.com/alltomatos/watinkdev/business/internal/controllers/update.go:78.4,78.61 1 0
github.com/alltomatos/watinkdev/business/internal/controllers/update.go:78.61,80.5 1 0
github.com/alltomatos/watinkdev/business/internal/controllers/update.go:81.4,81.59 1 0
github.com/alltomatos/watinkdev/business/internal/controllers/update.go:81.59,83.27 2 0
github.com/alltomatos/watinkdev/business/internal/controllers/update.go:83.27,84.45 1 0
github.com/alltomatos/watinkdev/business/internal/controllers/update.go:84.45,86.7 1 0
github.com/alltomatos/watinkdev/business/internal/controllers/update.go:88.5,88.32 1 0
github.com/alltomatos/watinkdev/business/internal/controllers/update.go:91.3,92.8 2 0
github.com/alltomatos/watinkdev/business/internal/controllers/update.go:95.2,95.31 1 0
github.com/alltomatos/watinkdev/business/internal/controllers/update.go:98.34,100.47 2 0
github.com/alltomatos/watinkdev/business/internal/controllers/update.go:100.47,103.3 2 0
github.com/alltomatos/watinkdev/business/internal/controllers/update.go:106.2,111.85 3 0
github.com/alltomatos/watinkdev/business/internal/controllers/update.go:114.36,141.2 7 0
github.com/alltomatos/watinkdev/business/internal/controllers/user.go:19.113,24.2 1 0
github.com/alltomatos/watinkdev/business/internal/controllers/user.go:32.53,34.9 2 0
github.com/alltomatos/watinkdev/business/internal/controllers/user.go:34.9,36.3 1 0
github.com/alltomatos/watinkdev/business/internal/controllers/user.go:38.2,39.16 2 0
github.com/alltomatos/watinkdev/business/internal/controllers/user.go:39.16,42.3 2 0
github.com/alltomatos/watinkdev/business/internal/controllers/user.go:44.2,46.4 1 0
github.com/alltomatos/watinkdev/business/internal/controllers/user.go:57.52,59.9 2 0
github.com/alltomatos/watinkdev/business/internal/controllers/user.go:59.9,61.3 1 0
github.com/alltomatos/watinkdev/business/internal/controllers/user.go:62.2,66.36 3 0
github.com/alltomatos/watinkdev/business/internal/controllers/user.go:66.36,69.3 2 0
github.com/alltomatos/watinkdev/business/internal/controllers/user.go:72.2,86.31 2 0
github.com/alltomatos/watinkdev/business/internal/controllers/user.go:86.31,88.3 1 0
github.com/alltomatos/watinkdev/business/internal/controllers/user.go:89.2,89.36 1 0
github.com/alltomatos/watinkdev/business/internal/controllers/user.go:89.36,91.43 2 0
github.com/alltomatos/watinkdev/business/internal/controllers/user.go:91.43,99.4 1 0
github.com/alltomatos/watinkdev/business/internal/controllers/user.go:100.3,100.40 1 0
github.com/alltomatos/watinkdev/business/internal/controllers/user.go:102.2,102.30 1 0
github.com/alltomatos/watinkdev/business/internal/controllers/user.go:102.30,104.3 1 0
github.com/alltomatos/watinkdev/business/internal/controllers/user.go:106.2,106.33 1 0
github.com/alltomatos/watinkdev/business/internal/controllers/user.go:127.54,129.9 2 0
github.com/alltomatos/watinkdev/business/internal/controllers/user.go:129.9,131.3 1 0
github.com/alltomatos/watinkdev/business/internal/controllers/user.go:133.2,133.70 1 0
github.com/alltomatos/watinkdev/business/internal/controllers/user.go:133.70,136.3 2 0
github.com/alltomatos/watinkdev/business/internal/controllers/user.go:138.2,139.47 2 0
github.com/alltomatos/watinkdev/business/internal/controllers/user.go:139.47,142.3 2 0
github.com/alltomatos/watinkdev/business/internal/controllers/user.go:144.2,145.55 2 0
github.com/alltomatos/watinkdev/business/internal/controllers/user.go:145.55,148.3 2 0
github.com/alltomatos/watinkdev/business/internal/controllers/user.go:150.2,151.19 2 0
github.com/alltomatos/watinkdev/business/internal/controllers/user.go:151.19,153.3 1 0
github.com/alltomatos/watinkdev/business/internal/controllers/user.go:155.2,156.19 2 0
github.com/alltomatos/watinkdev/business/internal/controllers/user.go:156.19,158.3 1 0
github.com/alltomatos/watinkdev/business/internal/controllers/user.go:160.2,171.76 2 0
github.com/alltomatos/watinkdev/business/internal/controllers/user.go:171.76,174.3 2 0
github.com/alltomatos/watinkdev/business/internal/controllers/user.go:176.2,176.35 1 0
github.com/alltomatos/watinkdev/business/internal/controllers/user.go:188.54,190.9 2 0
github.com/alltomatos/watinkdev/business/internal/controllers/user.go:190.9,192.3 1 0
github.com/alltomatos/watinkdev/business/internal/controllers/user.go:193.2,196.31 3 0
github.com/alltomatos/watinkdev/business/internal/controllers/user.go:196.31,199.3 2 0
github.com/alltomatos/watinkdev/business/internal/controllers/user.go:201.2,202.47 2 0
github.com/alltomatos/watinkdev/business/internal/controllers/user.go:202.47,205.3 2 0
github.com/alltomatos/watinkdev/business/internal/controllers/user.go:207.2,210.58 2 0
github.com/alltomatos/watinkdev/business/internal/controllers/user.go:210.58,212.47 2 0
github.com/alltomatos/watinkdev/business/internal/controllers/user.go:212.47,215.4 2 0
github.com/alltomatos/watinkdev/business/internal/controllers/user.go:216.3,216.47 1 0
github.com/alltomatos/watinkdev/business/internal/controllers/user.go:220.2,220.39 1 0
github.com/alltomatos/watinkdev/business/internal/controllers/user.go:220.39,222.3 1 0
github.com/alltomatos/watinkdev/business/internal/controllers/user.go:223.2,223.40 1 0
github.com/alltomatos/watinkdev/business/internal/controllers/user.go:223.40,225.3 1 0
github.com/alltomatos/watinkdev/business/internal/controllers/user.go:226.2,226.42 1 0
github.com/alltomatos/watinkdev/business/internal/controllers/user.go:226.42,228.3 1 0
github.com/alltomatos/watinkdev/business/internal/controllers/user.go:229.2,229.36 1 0
github.com/alltomatos/watinkdev/business/internal/controllers/user.go:229.36,230.26 1 0
github.com/alltomatos/watinkdev/business/internal/controllers/user.go:230.26,232.4 1 0
github.com/alltomatos/watinkdev/business/internal/controllers/user.go:232.9,235.4 2 0
github.com/alltomatos/watinkdev/business/internal/controllers/user.go:237.2,237.33 1 0
github.com/alltomatos/watinkdev/business/internal/controllers/user.go:237.33,238.26 1 0
github.com/alltomatos/watinkdev/business/internal/controllers/user.go:238.26,240.4 1 0
github.com/alltomatos/watinkdev/business/internal/controllers/user.go:240.9,243.4 2 0
github.com/alltomatos/watinkdev/business/internal/controllers/user.go:246.2,246.81 1 0
github.com/alltomatos/watinkdev/business/internal/controllers/user.go:246.81,249.3 2 0
github.com/alltomatos/watinkdev/business/internal/controllers/user.go:251.2,251.29 1 0
github.com/alltomatos/watinkdev/business/internal/controllers/user.go:261.54,263.9 2 0
github.com/alltomatos/watinkdev/business/internal/controllers/user.go:263.9,265.3 1 0
github.com/alltomatos/watinkdev/business/internal/controllers/user.go:266.2,268.78 2 0
github.com/alltomatos/watinkdev/business/internal/controllers/user.go:268.78,271.3 2 0
github.com/alltomatos/watinkdev/business/internal/controllers/user.go:273.2,273.70 1 0
github.com/alltomatos/watinkdev/business/internal/controllers/user.go:276.37,277.23 1 0
github.com/alltomatos/watinkdev/business/internal/controllers/user.go:278.15,279.18 1 0
github.com/alltomatos/watinkdev/business/internal/controllers/user.go:280.14,282.11 2 0
github.com/alltomatos/watinkdev/business/internal/controllers/user.go:283.10,284.11 1 0
github.com/alltomatos/watinkdev/business/internal/controllers/version.go:15.84,17.2 1 1
github.com/alltomatos/watinkdev/business/internal/controllers/version.go:25.57,30.2 1 1
github.com/alltomatos/watinkdev/business/internal/controllers/version.go:38.65,40.16 2 1
github.com/alltomatos/watinkdev/business/internal/controllers/version.go:40.16,43.3 2 1
github.com/alltomatos/watinkdev/business/internal/controllers/version.go:44.2,48.4 1 0
github.com/alltomatos/watinkdev/business/internal/controllers/version.go:58.65,64.2 1 1
github.com/alltomatos/watinkdev/business/internal/controllers/version.go:73.62,79.2 1 1
github.com/alltomatos/watinkdev/business/internal/controllers/whatsapp.go:22.216,29.2 1 0
github.com/alltomatos/watinkdev/business/internal/controllers/whatsapp.go:37.61,39.9 2 0
github.com/alltomatos/watinkdev/business/internal/controllers/whatsapp.go:39.9,41.3 1 0
github.com/alltomatos/watinkdev/business/internal/controllers/whatsapp.go:43.2,44.16 2 0
github.com/alltomatos/watinkdev/business/internal/controllers/whatsapp.go:44.16,47.3 2 0
github.com/alltomatos/watinkdev/business/internal/controllers/whatsapp.go:49.2,49.34 1 0
github.com/alltomatos/watinkdev/business/internal/controllers/whatsapp.go:59.60,61.9 2 0
github.com/alltomatos/watinkdev/business/internal/controllers/whatsapp.go:61.9,63.3 1 0
github.com/alltomatos/watinkdev/business/internal/controllers/whatsapp.go:64.2,68.40 3 0
github.com/alltomatos/watinkdev/business/internal/controllers/whatsapp.go:68.40,71.3 2 0
github.com/alltomatos/watinkdev/business/internal/controllers/whatsapp.go:74.2,99.35 2 0
github.com/alltomatos/watinkdev/business/internal/controllers/whatsapp.go:99.35,101.3 1 0
github.com/alltomatos/watinkdev/business/internal/controllers/whatsapp.go:103.2,103.33 1 0
github.com/alltomatos/watinkdev/business/internal/controllers/whatsapp.go:114.62,116.9 2 0
github.com/alltomatos/watinkdev/business/internal/controllers/whatsapp.go:116.9,118.3 1 0
github.com/alltomatos/watinkdev/business/internal/controllers/whatsapp.go:120.2,120.76 1 0
github.com/alltomatos/watinkdev/business/internal/controllers/whatsapp.go:120.76,123.3 2 0
github.com/alltomatos/watinkdev/business/internal/controllers/whatsapp.go:125.2,126.49 2 0
github.com/alltomatos/watinkdev/business/internal/controllers/whatsapp.go:126.49,129.3 2 0
github.com/alltomatos/watinkdev/business/internal/controllers/whatsapp.go:131.2,132.24 2 0
github.com/alltomatos/watinkdev/business/internal/controllers/whatsapp.go:132.24,134.3 1 0
github.com/alltomatos/watinkdev/business/internal/controllers/whatsapp.go:136.2,136.21 1 0
github.com/alltomatos/watinkdev/business/internal/controllers/whatsapp.go:136.21,137.88 1 0
github.com/alltomatos/watinkdev/business/internal/controllers/whatsapp.go:137.88,140.4 2 0
github.com/alltomatos/watinkdev/business/internal/controllers/whatsapp.go:143.2,143.75 1 0
github.com/alltomatos/watinkdev/business/internal/controllers/whatsapp.go:143.75,146.3 2 0
github.com/alltomatos/watinkdev/business/internal/controllers/whatsapp.go:148.2,148.30 1 0
github.com/alltomatos/watinkdev/business/internal/controllers/whatsapp.go:160.62,162.9 2 0
github.com/alltomatos/watinkdev/business/internal/controllers/whatsapp.go:162.9,164.3 1 0
github.com/alltomatos/watinkdev/business/internal/controllers/whatsapp.go:165.2,168.35 3 0
github.com/alltomatos/watinkdev/business/internal/controllers/whatsapp.go:168.35,171.3 2 0
github.com/alltomatos/watinkdev/business/internal/controllers/whatsapp.go:173.2,174.49 2 0
github.com/alltomatos/watinkdev/business/internal/controllers/whatsapp.go:174.49,177.3 2 0
github.com/alltomatos/watinkdev/business/internal/controllers/whatsapp.go:179.2,179.21 1 0
github.com/alltomatos/watinkdev/business/internal/controllers/whatsapp.go:179.21,180.88 1 0
github.com/alltomatos/watinkdev/business/internal/controllers/whatsapp.go:180.88,183.4 2 0
github.com/alltomatos/watinkdev/business/internal/controllers/whatsapp.go:186.2,205.85 2 0
github.com/alltomatos/watinkdev/business/internal/controllers/whatsapp.go:205.85,208.3 2 0
github.com/alltomatos/watinkdev/business/internal/controllers/whatsapp.go:210.2,211.34 2 0
github.com/alltomatos/watinkdev/business/internal/controllers/whatsapp.go:211.34,214.3 2 0
github.com/alltomatos/watinkdev/business/internal/controllers/whatsapp.go:216.2,216.32 1 0
github.com/alltomatos/watinkdev/business/internal/controllers/whatsapp.go:226.62,228.9 2 0
github.com/alltomatos/watinkdev/business/internal/controllers/whatsapp.go:228.9,230.3 1 0
github.com/alltomatos/watinkdev/business/internal/controllers/whatsapp.go:231.2,234.35 3 0
github.com/alltomatos/watinkdev/business/internal/controllers/whatsapp.go:234.35,237.3 2 0
github.com/alltomatos/watinkdev/business/internal/controllers/whatsapp.go:239.2,262.71 2 0
github.com/alltomatos/watinkdev/business/internal/controllers/whatsapp.go:262.71,265.3 2 0
github.com/alltomatos/watinkdev/business/internal/controllers/whatsapp.go:267.2,267.94 1 0
github.com/alltomatos/watinkdev/business/internal/controllers/whatsapp.go:267.94,270.3 2 0
github.com/alltomatos/watinkdev/business/internal/controllers/whatsapp.go:272.2,277.72 2 0
github.com/alltomatos/watinkdev/business/internal/controllers/whatsapp_session.go:21.167,27.2 1 1
github.com/alltomatos/watinkdev/business/internal/controllers/whatsapp_session.go:36.59,38.9 2 1
github.com/alltomatos/watinkdev/business/internal/controllers/whatsapp_session.go:38.9,40.3 1 1
github.com/alltomatos/watinkdev/business/internal/controllers/whatsapp_session.go:41.2,44.34 3 0
github.com/alltomatos/watinkdev/business/internal/controllers/whatsapp_session.go:44.34,47.3 2 0
github.com/alltomatos/watinkdev/business/internal/controllers/whatsapp_session.go:49.2,55.138 3 0
github.com/alltomatos/watinkdev/business/internal/controllers/whatsapp_session.go:55.138,58.3 2 0
github.com/alltomatos/watinkdev/business/internal/controllers/whatsapp_session.go:60.2,60.62 1 0
github.com/alltomatos/watinkdev/business/internal/controllers/whatsapp_session.go:70.58,72.9 2 0
github.com/alltomatos/watinkdev/business/internal/controllers/whatsapp_session.go:72.9,74.3 1 0
github.com/alltomatos/watinkdev/business/internal/controllers/whatsapp_session.go:75.2,78.34 3 0
github.com/alltomatos/watinkdev/business/internal/controllers/whatsapp_session.go:78.34,81.3 2 0
github.com/alltomatos/watinkdev/business/internal/controllers/whatsapp_session.go:83.2,83.126 1 0
github.com/alltomatos/watinkdev/business/internal/controllers/whatsapp_session.go:83.126,86.3 2 0
github.com/alltomatos/watinkdev/business/internal/controllers/whatsapp_session.go:88.2,88.94 1 0
github.com/alltomatos/watinkdev/business/internal/controllers/whatsapp_session.go:88.94,91.3 2 0
github.com/alltomatos/watinkdev/business/internal/controllers/whatsapp_session.go:93.2,98.66 2 0
github.com/alltomatos/watinkdev/business/internal/controllers/whatsapp_session.go:107.65,109.9 2 0
github.com/alltomatos/watinkdev/business/internal/controllers/whatsapp_session.go:109.9,111.3 1 0
github.com/alltomatos/watinkdev/business/internal/controllers/whatsapp_session.go:113.2,114.16 2 0
github.com/alltomatos/watinkdev/business/internal/controllers/whatsapp_session.go:114.16,117.3 2 0
github.com/alltomatos/watinkdev/business/internal/controllers/whatsapp_session.go:119.2,119.27 1 0
github.com/alltomatos/watinkdev/business/internal/controllers/whatsapp_session.go:119.27,121.3 1 0
github.com/alltomatos/watinkdev/business/internal/controllers/whatsapp_session.go:123.2,123.69 1 0
github.com/alltomatos/watinkdev/business/internal/controllers/whatsapp_session.go:126.70,150.2 1 0
